<?xml version="1.0" encoding="UTF-8"?>
<coverage generated="1743604318577" clover="3.2.0">
  <project timestamp="1743604318577" name="All files">
    <metrics statements="1285" coveredstatements="1013" conditionals="918" coveredconditionals="630" methods="420" coveredmethods="319" elements="2623" coveredelements="1962" complexity="0" loc="1285" ncloc="1285" packages="2" files="38" classes="38"/>
    <package name="dumb">
      <metrics statements="425" coveredstatements="360" conditionals="365" coveredconditionals="233" methods="145" coveredmethods="121"/>
      <file name="ClipboardCopy.vue" path="/home/yannick/Documents/Projects/OnroerendErfgoed/vue_component_library/src/components/dumb/ClipboardCopy.vue">
        <metrics statements="8" coveredstatements="1" conditionals="2" coveredconditionals="0" methods="2" coveredmethods="0"/>
        <line num="2" count="90" type="stmt"/>
        <line num="13" count="0" type="stmt"/>
        <line num="14" count="0" type="stmt"/>
        <line num="15" count="0" type="stmt"/>
        <line num="16" count="0" type="stmt"/>
        <line num="17" count="0" type="stmt"/>
        <line num="19" count="0" type="stmt"/>
        <line num="20" count="0" type="stmt"/>
      </file>
      <file name="FilterDatepicker.vue" path="/home/yannick/Documents/Projects/OnroerendErfgoed/vue_component_library/src/components/dumb/FilterDatepicker.vue">
        <metrics statements="10" coveredstatements="10" conditionals="2" coveredconditionals="2" methods="2" coveredmethods="2"/>
        <line num="2" count="225" type="stmt"/>
        <line num="16" count="83" type="stmt"/>
        <line num="20" count="83" type="stmt"/>
        <line num="22" count="83" type="stmt"/>
        <line num="23" count="225" type="cond" truecount="1" falsecount="0"/>
        <line num="24" count="79" type="stmt"/>
        <line num="26" count="146" type="stmt"/>
        <line num="28" count="83" type="stmt"/>
        <line num="29" count="70" type="cond" truecount="1" falsecount="0"/>
        <line num="30" count="70" type="stmt"/>
      </file>
      <file name="FilterInput.vue" path="/home/yannick/Documents/Projects/OnroerendErfgoed/vue_component_library/src/components/dumb/FilterInput.vue">
        <metrics statements="33" coveredstatements="33" conditionals="17" coveredconditionals="16" methods="13" coveredmethods="13"/>
        <line num="1" count="90" type="cond" truecount="2" falsecount="0"/>
        <line num="2" count="367" type="stmt"/>
        <line num="3" count="90" type="stmt"/>
        <line num="9" count="63" type="stmt"/>
        <line num="16" count="835" type="stmt"/>
        <line num="47" count="13" type="cond" truecount="2" falsecount="0"/>
        <line num="51" count="239" type="stmt"/>
        <line num="57" count="13" type="stmt"/>
        <line num="59" count="239" type="stmt"/>
        <line num="72" count="119" type="stmt"/>
        <line num="77" count="119" type="stmt"/>
        <line num="82" count="119" type="stmt"/>
        <line num="85" count="119" type="stmt"/>
        <line num="86" count="1391" type="stmt"/>
        <line num="87" count="1062" type="stmt"/>
        <line num="88" count="225" type="stmt"/>
        <line num="91" count="119" type="stmt"/>
        <line num="92" count="119" type="stmt"/>
        <line num="95" count="188" type="stmt"/>
        <line num="101" count="119" type="stmt"/>
        <line num="102" count="162" type="stmt"/>
        <line num="111" count="162" type="cond" truecount="1" falsecount="0"/>
        <line num="112" count="72" type="cond" truecount="4" falsecount="1"/>
        <line num="115" count="162" type="cond" truecount="1" falsecount="0"/>
        <line num="116" count="6" type="stmt"/>
        <line num="117" count="6" type="cond" truecount="1" falsecount="0"/>
        <line num="118" count="3" type="stmt"/>
        <line num="119" count="3" type="stmt"/>
        <line num="120" count="3" type="stmt"/>
        <line num="124" count="159" type="stmt"/>
        <line num="125" count="159" type="stmt"/>
        <line num="128" count="119" type="stmt"/>
        <line num="129" count="21" type="cond" truecount="2" falsecount="0"/>
      </file>
      <file name="FilterRadio.vue" path="/home/yannick/Documents/Projects/OnroerendErfgoed/vue_component_library/src/components/dumb/FilterRadio.vue">
        <metrics statements="6" coveredstatements="6" conditionals="0" coveredconditionals="0" methods="3" coveredmethods="3"/>
        <line num="3" count="28" type="stmt"/>
        <line num="10" count="2" type="stmt"/>
        <line num="12" count="28" type="stmt"/>
        <line num="21" count="9" type="stmt"/>
        <line num="27" count="9" type="stmt"/>
        <line num="28" count="9" type="stmt"/>
      </file>
      <file name="FilterSelect.vue" path="/home/yannick/Documents/Projects/OnroerendErfgoed/vue_component_library/src/components/dumb/FilterSelect.vue">
        <metrics statements="6" coveredstatements="6" conditionals="0" coveredconditionals="0" methods="2" coveredmethods="2"/>
        <line num="1" count="98" type="stmt"/>
        <line num="2" count="53" type="stmt"/>
        <line num="10" count="68" type="stmt"/>
        <line num="26" count="35" type="stmt"/>
        <line num="31" count="35" type="stmt"/>
        <line num="32" count="35" type="stmt"/>
      </file>
      <file name="FilterText.vue" path="/home/yannick/Documents/Projects/OnroerendErfgoed/vue_component_library/src/components/dumb/FilterText.vue">
        <metrics statements="4" coveredstatements="4" conditionals="0" coveredconditionals="0" methods="1" coveredmethods="1"/>
        <line num="2" count="1227" type="stmt"/>
        <line num="15" count="113" type="stmt"/>
        <line num="19" count="113" type="stmt"/>
        <line num="20" count="1011" type="stmt"/>
      </file>
      <file name="GridWorkflow.vue" path="/home/yannick/Documents/Projects/OnroerendErfgoed/vue_component_library/src/components/dumb/GridWorkflow.vue">
        <metrics statements="46" coveredstatements="35" conditionals="17" coveredconditionals="15" methods="14" coveredmethods="14"/>
        <line num="5" count="90" type="stmt"/>
        <line num="24" count="14" type="stmt"/>
        <line num="27" count="14" type="stmt"/>
        <line num="28" count="14" type="stmt"/>
        <line num="29" count="14" type="stmt"/>
        <line num="39" count="14" type="stmt"/>
        <line num="40" count="20" type="cond" truecount="3" falsecount="0"/>
        <line num="41" count="30" type="stmt"/>
        <line num="42" count="20" type="cond" truecount="1" falsecount="0"/>
        <line num="43" count="20" type="stmt"/>
        <line num="45" count="0" type="stmt"/>
        <line num="46" count="0" type="stmt"/>
        <line num="47" count="0" type="stmt"/>
        <line num="48" count="0" type="stmt"/>
        <line num="50" count="0" type="stmt"/>
        <line num="53" count="14" type="stmt"/>
        <line num="54" count="20" type="cond" truecount="3" falsecount="0"/>
        <line num="55" count="20" type="stmt"/>
        <line num="56" count="10" type="cond" truecount="1" falsecount="0"/>
        <line num="57" count="10" type="stmt"/>
        <line num="58" count="10" type="cond" truecount="1" falsecount="1"/>
        <line num="60" count="0" type="stmt"/>
        <line num="61" count="0" type="stmt"/>
        <line num="62" count="0" type="stmt"/>
        <line num="63" count="0" type="stmt"/>
        <line num="65" count="10" type="stmt"/>
        <line num="68" count="14" type="stmt"/>
        <line num="69" count="20" type="cond" truecount="1" falsecount="0"/>
        <line num="70" count="20" type="stmt"/>
        <line num="71" count="20" type="stmt"/>
        <line num="74" count="0" type="stmt"/>
        <line num="77" count="14" type="stmt"/>
        <line num="78" count="20" type="cond" truecount="2" falsecount="0"/>
        <line num="81" count="14" type="stmt"/>
        <line num="82" count="20" type="cond" truecount="1" falsecount="0"/>
        <line num="83" count="20" type="cond" truecount="1" falsecount="1"/>
        <line num="85" count="0" type="stmt"/>
        <line num="88" count="14" type="stmt"/>
        <line num="107" count="14" type="stmt"/>
        <line num="108" count="14" type="stmt"/>
        <line num="109" count="14" type="stmt"/>
        <line num="112" count="14" type="stmt"/>
        <line num="113" count="5" type="stmt"/>
        <line num="114" count="5" type="stmt"/>
        <line num="117" count="14" type="stmt"/>
        <line num="118" count="5" type="stmt"/>
      </file>
      <file name="InputPhone.vue" path="/home/yannick/Documents/Projects/OnroerendErfgoed/vue_component_library/src/components/dumb/InputPhone.vue">
        <metrics statements="38" coveredstatements="37" conditionals="30" coveredconditionals="30" methods="16" coveredmethods="14"/>
        <line num="2" count="7898" type="stmt"/>
        <line num="6" count="507" type="stmt"/>
        <line num="13" count="0" type="stmt"/>
        <line num="14" count="507" type="cond" truecount="2" falsecount="0"/>
        <line num="16" count="8405" type="stmt"/>
        <line num="20" count="50430" type="stmt"/>
        <line num="28" count="6571" type="stmt"/>
        <line num="34" count="522" type="cond" truecount="2" falsecount="0"/>
        <line num="39" count="123" type="stmt"/>
        <line num="57" count="138" type="stmt"/>
        <line num="58" count="1175" type="stmt"/>
        <line num="60" count="1175" type="stmt"/>
        <line num="64" count="1175" type="stmt"/>
        <line num="67" count="1175" type="stmt"/>
        <line num="68" count="1175" type="cond" truecount="2" falsecount="0"/>
        <line num="70" count="1175" type="stmt"/>
        <line num="71" count="1175" type="cond" truecount="2" falsecount="0"/>
        <line num="75" count="1175" type="stmt"/>
        <line num="83" count="1175" type="stmt"/>
        <line num="84" count="1175" type="stmt"/>
        <line num="87" count="1175" type="stmt"/>
        <line num="88" count="1175" type="stmt"/>
        <line num="90" count="6986" type="cond" truecount="2" falsecount="0"/>
        <line num="93" count="6571" type="stmt"/>
        <line num="94" count="6571" type="cond" truecount="4" falsecount="0"/>
        <line num="95" count="871" type="cond" truecount="1" falsecount="0"/>
        <line num="96" count="141" type="stmt"/>
        <line num="99" count="5700" type="stmt"/>
        <line num="103" count="1175" type="stmt"/>
        <line num="104" count="1957" type="stmt"/>
        <line num="106" count="1957" type="stmt"/>
        <line num="109" count="1175" type="stmt"/>
        <line num="112" count="6986" type="cond" truecount="1" falsecount="0"/>
        <line num="113" count="5694" type="stmt"/>
        <line num="114" count="5694" type="cond" truecount="1" falsecount="0"/>
        <line num="115" count="12304" type="stmt"/>
        <line num="123" count="1175" type="stmt"/>
        <line num="125" count="1175" type="stmt"/>
      </file>
      <file name="NoRowsOverlay.vue" path="/home/yannick/Documents/Projects/OnroerendErfgoed/vue_component_library/src/components/dumb/NoRowsOverlay.vue">
        <metrics statements="2" coveredstatements="2" conditionals="0" coveredconditionals="0" methods="0" coveredmethods="0"/>
        <line num="2" count="32" type="stmt"/>
        <line num="11" count="32" type="stmt"/>
      </file>
      <file name="OeActorWidgetDetail.vue" path="/home/yannick/Documents/Projects/OnroerendErfgoed/vue_component_library/src/components/dumb/OeActorWidgetDetail.vue">
        <metrics statements="22" coveredstatements="21" conditionals="20" coveredconditionals="18" methods="13" coveredmethods="13"/>
        <line num="2" count="9" type="stmt"/>
        <line num="3" count="90" type="stmt"/>
        <line num="9" count="9" type="cond" truecount="2" falsecount="0"/>
        <line num="10" count="9" type="cond" truecount="2" falsecount="0"/>
        <line num="13" count="90" type="stmt"/>
        <line num="15" count="9" type="cond" truecount="1" falsecount="1"/>
        <line num="16" count="9" type="stmt"/>
        <line num="18" count="9" type="cond" truecount="2" falsecount="0"/>
        <line num="19" count="9" type="stmt"/>
        <line num="21" count="9" type="cond" truecount="2" falsecount="0"/>
        <line num="24" count="18" type="stmt"/>
        <line num="29" count="9" type="cond" truecount="2" falsecount="0"/>
        <line num="32" count="27" type="stmt"/>
        <line num="39" count="90" type="stmt"/>
        <line num="41" count="9" type="cond" truecount="2" falsecount="0"/>
        <line num="42" count="9" type="stmt"/>
        <line num="43" count="9" type="cond" truecount="2" falsecount="0"/>
        <line num="45" count="9" type="stmt"/>
        <line num="47" count="9" type="cond" truecount="2" falsecount="0"/>
        <line num="50" count="0" type="stmt"/>
        <line num="70" count="9" type="stmt"/>
        <line num="73" count="9" type="stmt"/>
      </file>
      <file name="OeActorWidgetGridActies.vue" path="/home/yannick/Documents/Projects/OnroerendErfgoed/vue_component_library/src/components/dumb/OeActorWidgetGridActies.vue">
        <metrics statements="4" coveredstatements="4" conditionals="2" coveredconditionals="2" methods="1" coveredmethods="1"/>
        <line num="1" count="90" type="stmt"/>
        <line num="2" count="105" type="stmt"/>
        <line num="8" count="9" type="cond" truecount="2" falsecount="0"/>
        <line num="29" count="105" type="stmt"/>
      </file>
      <file name="OeAutocomplete.vue" path="/home/yannick/Documents/Projects/OnroerendErfgoed/vue_component_library/src/components/dumb/OeAutocomplete.vue">
        <metrics statements="54" coveredstatements="51" conditionals="40" coveredconditionals="38" methods="10" coveredmethods="10"/>
        <line num="1" count="292" type="cond" truecount="2" falsecount="0"/>
        <line num="2" count="6825" type="stmt"/>
        <line num="5" count="1403" type="stmt"/>
        <line num="14" count="146" type="stmt"/>
        <line num="15" count="146" type="stmt"/>
        <line num="21" count="40096" type="stmt"/>
        <line num="27" count="0" type="stmt"/>
        <line num="28" count="31" type="stmt"/>
        <line num="30" count="146" type="stmt"/>
        <line num="53" count="3114" type="stmt"/>
        <line num="54" count="3114" type="stmt"/>
        <line num="63" count="3114" type="stmt"/>
        <line num="65" count="3114" type="stmt"/>
        <line num="66" count="3114" type="stmt"/>
        <line num="67" count="3114" type="stmt"/>
        <line num="68" count="3114" type="stmt"/>
        <line num="69" count="3114" type="stmt"/>
        <line num="71" count="3114" type="cond" truecount="2" falsecount="0"/>
        <line num="73" count="3114" type="stmt"/>
        <line num="74" count="1403" type="cond" truecount="2" falsecount="0"/>
        <line num="75" count="16" type="stmt"/>
        <line num="76" count="16" type="stmt"/>
        <line num="77" count="16" type="stmt"/>
        <line num="79" count="1387" type="stmt"/>
        <line num="80" count="1387" type="stmt"/>
        <line num="84" count="3114" type="stmt"/>
        <line num="85" count="538" type="stmt"/>
        <line num="86" count="538" type="stmt"/>
        <line num="87" count="538" type="stmt"/>
        <line num="88" count="538" type="stmt"/>
        <line num="91" count="3736" type="stmt"/>
        <line num="93" count="3114" type="stmt"/>
        <line num="94" count="1528" type="cond" truecount="1" falsecount="1"/>
        <line num="95" count="1528" type="stmt"/>
        <line num="97" count="0" type="stmt"/>
        <line num="98" count="0" type="stmt"/>
        <line num="102" count="3114" type="stmt"/>
        <line num="103" count="1762" type="cond" truecount="1" falsecount="0"/>
        <line num="104" count="1528" type="stmt"/>
        <line num="105" count="1528" type="stmt"/>
        <line num="106" count="1528" type="stmt"/>
        <line num="108" count="1528" type="cond" truecount="4" falsecount="0"/>
        <line num="109" count="495" type="stmt"/>
        <line num="111" count="1528" type="stmt"/>
        <line num="113" count="1528" type="cond" truecount="4" falsecount="0"/>
        <line num="114" count="12" type="stmt"/>
        <line num="115" count="12" type="stmt"/>
        <line num="120" count="3114" type="stmt"/>
        <line num="121" count="3735" type="stmt"/>
        <line num="123" count="621" type="cond" truecount="4" falsecount="0"/>
        <line num="124" count="2" type="stmt"/>
        <line num="125" count="2" type="stmt"/>
        <line num="126" count="619" type="cond" truecount="1" falsecount="0"/>
        <line num="127" count="559" type="stmt"/>
      </file>
      <file name="OeButton.vue" path="/home/yannick/Documents/Projects/OnroerendErfgoed/vue_component_library/src/components/dumb/OeButton.vue">
        <metrics statements="2" coveredstatements="0" conditionals="0" coveredconditionals="0" methods="1" coveredmethods="0"/>
        <line num="2" count="0" type="stmt"/>
        <line num="3" count="0" type="stmt"/>
      </file>
      <file name="OeContainer.vue" path="/home/yannick/Documents/Projects/OnroerendErfgoed/vue_component_library/src/components/dumb/OeContainer.vue">
        <metrics statements="20" coveredstatements="20" conditionals="17" coveredconditionals="17" methods="7" coveredmethods="7"/>
        <line num="2" count="162" type="stmt"/>
        <line num="6" count="5" type="cond" truecount="2" falsecount="0"/>
        <line num="7" count="6" type="cond" truecount="2" falsecount="0"/>
        <line num="14" count="270" type="stmt"/>
        <line num="21" count="27" type="stmt"/>
        <line num="22" count="20" type="stmt"/>
        <line num="24" count="270" type="stmt"/>
        <line num="37" count="137" type="stmt"/>
        <line num="42" count="137" type="stmt"/>
        <line num="47" count="137" type="stmt"/>
        <line num="48" count="27" type="cond" truecount="1" falsecount="0"/>
        <line num="52" count="7" type="stmt"/>
        <line num="57" count="137" type="stmt"/>
        <line num="58" count="137" type="stmt"/>
        <line num="59" count="137" type="cond" truecount="1" falsecount="0"/>
        <line num="60" count="26" type="cond" truecount="5" falsecount="0"/>
        <line num="61" count="12" type="stmt"/>
        <line num="62" count="12" type="stmt"/>
        <line num="64" count="14" type="stmt"/>
        <line num="65" count="14" type="stmt"/>
      </file>
      <file name="OeDatepicker.vue" path="/home/yannick/Documents/Projects/OnroerendErfgoed/vue_component_library/src/components/dumb/OeDatepicker.vue">
        <metrics statements="22" coveredstatements="20" conditionals="12" coveredconditionals="9" methods="5" coveredmethods="4"/>
        <line num="2" count="254" type="stmt"/>
        <line num="14" count="0" type="stmt"/>
        <line num="24" count="101" type="stmt"/>
        <line num="25" count="101" type="stmt"/>
        <line num="26" count="101" type="stmt"/>
        <line num="27" count="101" type="cond" truecount="2" falsecount="0"/>
        <line num="29" count="101" type="stmt"/>
        <line num="30" count="101" type="stmt"/>
        <line num="32" count="101" type="stmt"/>
        <line num="33" count="254" type="cond" truecount="2" falsecount="0"/>
        <line num="36" count="101" type="stmt"/>
        <line num="37" count="230" type="stmt"/>
        <line num="38" count="230" type="stmt"/>
        <line num="39" count="230" type="stmt"/>
        <line num="42" count="101" type="stmt"/>
        <line num="43" count="75" type="cond" truecount="0" falsecount="1"/>
        <line num="44" count="0" type="stmt"/>
        <line num="47" count="75" type="cond" truecount="3" falsecount="0"/>
        <line num="48" count="2" type="stmt"/>
        <line num="49" count="2" type="stmt"/>
        <line num="52" count="73" type="stmt"/>
        <line num="53" count="73" type="cond" truecount="1" falsecount="1"/>
      </file>
      <file name="OeEditor.vue" path="/home/yannick/Documents/Projects/OnroerendErfgoed/vue_component_library/src/components/dumb/OeEditor.vue">
        <metrics statements="31" coveredstatements="2" conditionals="109" coveredconditionals="0" methods="11" coveredmethods="0"/>
        <line num="1" count="180" type="cond" truecount="0" falsecount="2"/>
        <line num="2" count="0" type="stmt"/>
        <line num="4" count="90" type="stmt"/>
        <line num="84" count="0" type="stmt"/>
        <line num="87" count="0" type="cond" truecount="0" falsecount="2"/>
        <line num="102" count="0" type="stmt"/>
        <line num="132" count="0" type="stmt"/>
        <line num="135" count="0" type="stmt"/>
        <line num="136" count="0" type="stmt"/>
        <line num="138" count="0" type="cond" truecount="0" falsecount="1"/>
        <line num="139" count="0" type="stmt"/>
        <line num="142" count="0" type="cond" truecount="0" falsecount="1"/>
        <line num="143" count="0" type="stmt"/>
        <line num="149" count="0" type="stmt"/>
        <line num="150" count="0" type="stmt"/>
        <line num="157" count="0" type="cond" truecount="0" falsecount="1"/>
        <line num="158" count="0" type="stmt"/>
        <line num="162" count="0" type="cond" truecount="0" falsecount="1"/>
        <line num="163" count="0" type="stmt"/>
        <line num="167" count="0" type="cond" truecount="0" falsecount="1"/>
        <line num="168" count="0" type="stmt"/>
        <line num="172" count="0" type="cond" truecount="0" falsecount="1"/>
        <line num="173" count="0" type="stmt"/>
        <line num="203" count="0" type="stmt"/>
        <line num="205" count="0" type="stmt"/>
        <line num="206" count="0" type="stmt"/>
        <line num="209" count="0" type="stmt"/>
        <line num="210" count="0" type="stmt"/>
        <line num="212" count="0" type="cond" truecount="0" falsecount="2"/>
        <line num="213" count="0" type="stmt"/>
        <line num="215" count="0" type="stmt"/>
      </file>
      <file name="OeGrid.vue" path="/home/yannick/Documents/Projects/OnroerendErfgoed/vue_component_library/src/components/dumb/OeGrid.vue">
        <metrics statements="1" coveredstatements="1" conditionals="0" coveredconditionals="0" methods="0" coveredmethods="0"/>
        <line num="2" count="58" type="stmt"/>
      </file>
      <file name="OeHeader.vue" path="/home/yannick/Documents/Projects/OnroerendErfgoed/vue_component_library/src/components/dumb/OeHeader.vue">
        <metrics statements="11" coveredstatements="11" conditionals="19" coveredconditionals="19" methods="5" coveredmethods="5"/>
        <line num="1" count="324" type="stmt"/>
        <line num="2" count="108" type="stmt"/>
        <line num="3" count="108" type="stmt"/>
        <line num="4" count="108" type="stmt"/>
        <line num="6" count="170" type="stmt"/>
        <line num="22" count="108" type="stmt"/>
        <line num="33" count="137" type="cond" truecount="2" falsecount="0"/>
        <line num="36" count="137" type="cond" truecount="2" falsecount="0"/>
        <line num="39" count="137" type="cond" truecount="2" falsecount="0"/>
        <line num="51" count="33" type="cond" truecount="2" falsecount="0"/>
        <line num="65" count="170" type="stmt"/>
      </file>
      <file name="OeInventarisLoadedLink.vue" path="/home/yannick/Documents/Projects/OnroerendErfgoed/vue_component_library/src/components/dumb/OeInventarisLoadedLink.vue">
        <metrics statements="6" coveredstatements="6" conditionals="8" coveredconditionals="8" methods="1" coveredmethods="1"/>
        <line num="1" count="194" type="cond" truecount="4" falsecount="0"/>
        <line num="2" count="97" type="stmt"/>
        <line num="5" count="12" type="stmt"/>
        <line num="19" count="97" type="stmt"/>
        <line num="22" count="8" type="stmt"/>
        <line num="45" count="14" type="stmt"/>
      </file>
      <file name="OeLoader.vue" path="/home/yannick/Documents/Projects/OnroerendErfgoed/vue_component_library/src/components/dumb/OeLoader.vue">
        <metrics statements="3" coveredstatements="3" conditionals="11" coveredconditionals="4" methods="0" coveredmethods="0"/>
        <line num="20" count="142" type="stmt"/>
        <line num="37" count="44" type="stmt"/>
        <line num="38" count="44" type="stmt"/>
      </file>
      <file name="OeModalConfirmCancelChanges.vue" path="/home/yannick/Documents/Projects/OnroerendErfgoed/vue_component_library/src/components/dumb/OeModalConfirmCancelChanges.vue">
        <metrics statements="7" coveredstatements="7" conditionals="11" coveredconditionals="11" methods="4" coveredmethods="4"/>
        <line num="2" count="158" type="stmt"/>
        <line num="12" count="90" type="stmt"/>
        <line num="13" count="6" type="cond" truecount="2" falsecount="0"/>
        <line num="14" count="14" type="cond" truecount="2" falsecount="0"/>
        <line num="16" count="5" type="cond" truecount="2" falsecount="0"/>
        <line num="17" count="14" type="cond" truecount="2" falsecount="0"/>
        <line num="26" count="133" type="stmt"/>
      </file>
      <file name="OeSelect.vue" path="/home/yannick/Documents/Projects/OnroerendErfgoed/vue_component_library/src/components/dumb/OeSelect.vue">
        <metrics statements="22" coveredstatements="22" conditionals="8" coveredconditionals="8" methods="8" coveredmethods="7"/>
        <line num="1" count="102" type="stmt"/>
        <line num="2" count="142" type="stmt"/>
        <line num="10" count="63" type="cond" truecount="2" falsecount="0"/>
        <line num="12" count="102" type="stmt"/>
        <line num="13" count="102" type="stmt"/>
        <line num="29" count="138" type="stmt"/>
        <line num="35" count="13" type="stmt"/>
        <line num="51" count="77" type="stmt"/>
        <line num="54" count="77" type="stmt"/>
        <line num="61" count="77" type="stmt"/>
        <line num="63" count="77" type="cond" truecount="2" falsecount="0"/>
        <line num="64" count="77" type="stmt"/>
        <line num="65" count="77" type="stmt"/>
        <line num="68" count="77" type="stmt"/>
        <line num="69" count="13" type="stmt"/>
        <line num="70" count="13" type="stmt"/>
        <line num="71" count="13" type="stmt"/>
        <line num="74" count="77" type="stmt"/>
        <line num="76" count="77" type="stmt"/>
        <line num="77" count="92" type="stmt"/>
        <line num="79" count="211" type="stmt"/>
        <line num="80" count="92" type="stmt"/>
      </file>
      <file name="OeTinyMCE.vue" path="/home/yannick/Documents/Projects/OnroerendErfgoed/vue_component_library/src/components/dumb/OeTinyMCE.vue">
        <metrics statements="10" coveredstatements="8" conditionals="2" coveredconditionals="2" methods="4" coveredmethods="2"/>
        <line num="2" count="11" type="stmt"/>
        <line num="3" count="0" type="stmt"/>
        <line num="32" count="9" type="stmt"/>
        <line num="48" count="9" type="stmt"/>
        <line num="49" count="9" type="stmt"/>
        <line num="51" count="9" type="stmt"/>
        <line num="52" count="0" type="stmt"/>
        <line num="55" count="9" type="stmt"/>
        <line num="56" count="11" type="stmt"/>
        <line num="58" count="2" type="stmt"/>
      </file>
      <file name="OeToaster.vue" path="/home/yannick/Documents/Projects/OnroerendErfgoed/vue_component_library/src/components/dumb/OeToaster.vue">
        <metrics statements="7" coveredstatements="1" conditionals="4" coveredconditionals="0" methods="3" coveredmethods="0"/>
        <line num="1" count="180" type="stmt"/>
        <line num="3" count="0" type="stmt"/>
        <line num="4" count="0" type="stmt"/>
        <line num="16" count="0" type="stmt"/>
        <line num="19" count="0" type="stmt"/>
        <line num="22" count="0" type="stmt"/>
        <line num="32" count="0" type="stmt"/>
      </file>
      <file name="OeWizard.vue" path="/home/yannick/Documents/Projects/OnroerendErfgoed/vue_component_library/src/components/dumb/OeWizard.vue">
        <metrics statements="38" coveredstatements="38" conditionals="20" coveredconditionals="20" methods="16" coveredmethods="15"/>
        <line num="1" count="180" type="stmt"/>
        <line num="2" count="90" type="stmt"/>
        <line num="4" count="1660" type="stmt"/>
        <line num="13" count="45" type="stmt"/>
        <line num="16" count="90" type="stmt"/>
        <line num="24" count="90" type="stmt"/>
        <line num="32" count="85" type="cond" truecount="2" falsecount="0"/>
        <line num="43" count="178" type="cond" truecount="2" falsecount="0"/>
        <line num="51" count="66" type="cond" truecount="2" falsecount="0"/>
        <line num="68" count="163" type="stmt"/>
        <line num="73" count="163" type="stmt"/>
        <line num="75" count="163" type="stmt"/>
        <line num="76" count="163" type="stmt"/>
        <line num="78" count="163" type="stmt"/>
        <line num="80" count="62" type="cond" truecount="1" falsecount="0"/>
        <line num="81" count="7" type="stmt"/>
        <line num="83" count="55" type="stmt"/>
        <line num="89" count="163" type="stmt"/>
        <line num="90" count="39" type="cond" truecount="1" falsecount="0"/>
        <line num="91" count="39" type="stmt"/>
        <line num="95" count="163" type="stmt"/>
        <line num="96" count="200" type="cond" truecount="3" falsecount="0"/>
        <line num="97" count="194" type="stmt"/>
        <line num="101" count="163" type="stmt"/>
        <line num="102" count="45" type="cond" truecount="4" falsecount="0"/>
        <line num="103" count="15" type="stmt"/>
        <line num="107" count="163" type="stmt"/>
        <line num="108" count="20" type="cond" truecount="1" falsecount="0"/>
        <line num="109" count="11" type="stmt"/>
        <line num="113" count="163" type="stmt"/>
        <line num="114" count="29" type="stmt"/>
        <line num="115" count="50" type="stmt"/>
        <line num="117" count="43" type="stmt"/>
        <line num="120" count="163" type="stmt"/>
        <line num="122" count="163" type="stmt"/>
        <line num="123" count="411" type="stmt"/>
        <line num="124" count="248" type="stmt"/>
        <line num="127" count="163" type="stmt"/>
      </file>
      <file name="SystemFields.vue" path="/home/yannick/Documents/Projects/OnroerendErfgoed/vue_component_library/src/components/dumb/SystemFields.vue">
        <metrics statements="12" coveredstatements="11" conditionals="14" coveredconditionals="14" methods="3" coveredmethods="3"/>
        <line num="2" count="102" type="stmt"/>
        <line num="4" count="102" type="stmt"/>
        <line num="18" count="77" type="stmt"/>
        <line num="19" count="77" type="cond" truecount="2" falsecount="0"/>
        <line num="20" count="77" type="cond" truecount="2" falsecount="0"/>
        <line num="22" count="77" type="stmt"/>
        <line num="23" count="27" type="stmt"/>
        <line num="24" count="27" type="stmt"/>
        <line num="25" count="27" type="stmt"/>
        <line num="32" count="27" type="stmt"/>
        <line num="38" count="27" type="stmt"/>
        <line num="44" count="0" type="stmt"/>
      </file>
    </package>
    <package name="smart">
      <metrics statements="860" coveredstatements="653" conditionals="553" coveredconditionals="397" methods="275" coveredmethods="198"/>
      <file name="FilterAOEActor.vue" path="/home/yannick/Documents/Projects/OnroerendErfgoed/vue_component_library/src/components/smart/FilterAOEActor.vue">
        <metrics statements="17" coveredstatements="15" conditionals="2" coveredconditionals="2" methods="5" coveredmethods="5"/>
        <line num="2" count="14" type="stmt"/>
        <line num="19" count="2" type="stmt"/>
        <line num="25" count="2" type="stmt"/>
        <line num="27" count="2" type="stmt"/>
        <line num="29" count="2" type="stmt"/>
        <line num="30" count="2" type="stmt"/>
        <line num="31" count="36" type="cond" truecount="2" falsecount="0"/>
        <line num="32" count="14" type="stmt"/>
        <line num="36" count="14" type="stmt"/>
        <line num="39" count="2" type="stmt"/>
        <line num="40" count="2" type="stmt"/>
        <line num="41" count="10" type="stmt"/>
        <line num="42" count="10" type="stmt"/>
        <line num="43" count="10" type="stmt"/>
        <line num="44" count="30" type="stmt"/>
        <line num="50" count="0" type="stmt"/>
        <line num="51" count="0" type="stmt"/>
      </file>
      <file name="FilterAanduidingsobject.vue" path="/home/yannick/Documents/Projects/OnroerendErfgoed/vue_component_library/src/components/smart/FilterAanduidingsobject.vue">
        <metrics statements="20" coveredstatements="17" conditionals="1" coveredconditionals="0" methods="4" coveredmethods="4"/>
        <line num="2" count="4" type="stmt"/>
        <line num="20" count="2" type="stmt"/>
        <line num="25" count="2" type="stmt"/>
        <line num="27" count="2" type="stmt"/>
        <line num="29" count="2" type="stmt"/>
        <line num="31" count="2" type="stmt"/>
        <line num="33" count="2" type="stmt"/>
        <line num="35" count="2" type="stmt"/>
        <line num="36" count="2" type="cond" truecount="0" falsecount="1"/>
        <line num="37" count="0" type="stmt"/>
        <line num="41" count="2" type="stmt"/>
        <line num="42" count="2" type="stmt"/>
        <line num="43" count="2" type="stmt"/>
        <line num="45" count="2" type="stmt"/>
        <line num="46" count="42" type="stmt"/>
        <line num="47" count="42" type="stmt"/>
        <line num="48" count="42" type="stmt"/>
        <line num="49" count="42" type="stmt"/>
        <line num="55" count="0" type="stmt"/>
        <line num="56" count="0" type="stmt"/>
      </file>
      <file name="FilterGemeente.vue" path="/home/yannick/Documents/Projects/OnroerendErfgoed/vue_component_library/src/components/smart/FilterGemeente.vue">
        <metrics statements="22" coveredstatements="17" conditionals="14" coveredconditionals="10" methods="8" coveredmethods="7"/>
        <line num="1" count="0" type="cond" truecount="0" falsecount="2"/>
        <line num="2" count="25" type="stmt"/>
        <line num="14" count="90" type="cond" truecount="2" falsecount="0"/>
        <line num="17" count="90" type="cond" truecount="2" falsecount="0"/>
        <line num="29" count="9" type="stmt"/>
        <line num="34" count="9" type="stmt"/>
        <line num="36" count="9" type="stmt"/>
        <line num="37" count="6800" type="cond" truecount="2" falsecount="0"/>
        <line num="39" count="9" type="stmt"/>
        <line num="41" count="9" type="stmt"/>
        <line num="42" count="9" type="stmt"/>
        <line num="43" count="43500" type="stmt"/>
        <line num="45" count="9" type="stmt"/>
        <line num="46" count="9" type="stmt"/>
        <line num="47" count="9" type="cond" truecount="2" falsecount="2"/>
        <line num="49" count="5" type="stmt"/>
        <line num="50" count="5" type="stmt"/>
        <line num="52" count="0" type="stmt"/>
        <line num="53" count="0" type="stmt"/>
        <line num="55" count="0" type="stmt"/>
        <line num="56" count="0" type="stmt"/>
        <line num="58" count="4" type="stmt"/>
      </file>
      <file name="FilterProvincie.vue" path="/home/yannick/Documents/Projects/OnroerendErfgoed/vue_component_library/src/components/smart/FilterProvincie.vue">
        <metrics statements="15" coveredstatements="14" conditionals="12" coveredconditionals="10" methods="8" coveredmethods="7"/>
        <line num="1" count="0" type="cond" truecount="0" falsecount="2"/>
        <line num="2" count="6" type="stmt"/>
        <line num="14" count="20" type="cond" truecount="2" falsecount="0"/>
        <line num="17" count="20" type="cond" truecount="2" falsecount="0"/>
        <line num="29" count="2" type="stmt"/>
        <line num="33" count="2" type="stmt"/>
        <line num="35" count="2" type="stmt"/>
        <line num="36" count="6" type="cond" truecount="2" falsecount="0"/>
        <line num="37" count="40" type="cond" truecount="2" falsecount="0"/>
        <line num="40" count="2" type="stmt"/>
        <line num="42" count="2" type="stmt"/>
        <line num="43" count="2" type="stmt"/>
        <line num="44" count="256" type="stmt"/>
        <line num="46" count="2" type="stmt"/>
        <line num="47" count="2" type="stmt"/>
      </file>
      <file name="OeActorWidget.vue" path="/home/yannick/Documents/Projects/OnroerendErfgoed/vue_component_library/src/components/smart/OeActorWidget.vue">
        <metrics statements="39" coveredstatements="30" conditionals="20" coveredconditionals="20" methods="15" coveredmethods="10"/>
        <line num="2" count="35" type="stmt"/>
        <line num="3" count="150" type="cond" truecount="2" falsecount="0"/>
        <line num="13" count="9" type="cond" truecount="2" falsecount="0"/>
        <line num="16" count="150" type="stmt"/>
        <line num="21" count="9" type="cond" truecount="2" falsecount="0"/>
        <line num="26" count="64" type="stmt"/>
        <line num="32" count="0" type="cond" truecount="2" falsecount="0"/>
        <line num="35" count="51" type="cond" truecount="2" falsecount="0"/>
        <line num="36" count="35" type="cond" truecount="4" falsecount="0"/>
        <line num="60" count="64" type="cond" truecount="2" falsecount="0"/>
        <line num="61" count="64" type="stmt"/>
        <line num="62" count="64" type="stmt"/>
        <line num="65" count="35" type="stmt"/>
        <line num="74" count="35" type="stmt"/>
        <line num="78" count="35" type="stmt"/>
        <line num="79" count="35" type="stmt"/>
        <line num="80" count="35" type="stmt"/>
        <line num="81" count="35" type="stmt"/>
        <line num="82" count="35" type="stmt"/>
        <line num="84" count="35" type="stmt"/>
        <line num="86" count="35" type="stmt"/>
        <line num="87" count="70" type="stmt"/>
        <line num="90" count="35" type="stmt"/>
        <line num="91" count="9" type="stmt"/>
        <line num="92" count="9" type="stmt"/>
        <line num="93" count="9" type="stmt"/>
        <line num="94" count="9" type="stmt"/>
        <line num="96" count="0" type="stmt"/>
        <line num="98" count="9" type="stmt"/>
        <line num="101" count="35" type="stmt"/>
        <line num="102" count="0" type="stmt"/>
        <line num="103" count="0" type="stmt"/>
        <line num="106" count="35" type="stmt"/>
        <line num="107" count="0" type="stmt"/>
        <line num="108" count="0" type="stmt"/>
        <line num="111" count="35" type="stmt"/>
        <line num="112" count="0" type="stmt"/>
        <line num="113" count="0" type="stmt"/>
        <line num="114" count="0" type="stmt"/>
      </file>
      <file name="OeActorWidgetGrid.vue" path="/home/yannick/Documents/Projects/OnroerendErfgoed/vue_component_library/src/components/smart/OeActorWidgetGrid.vue">
        <metrics statements="67" coveredstatements="53" conditionals="18" coveredconditionals="14" methods="26" coveredmethods="19"/>
        <line num="1" count="64" type="cond" truecount="2" falsecount="0"/>
        <line num="2" count="64" type="stmt"/>
        <line num="3" count="64" type="stmt"/>
        <line num="4" count="64" type="stmt"/>
        <line num="7" count="24" type="stmt"/>
        <line num="15" count="24" type="cond" truecount="2" falsecount="0"/>
        <line num="19" count="64" type="stmt"/>
        <line num="20" count="64" type="stmt"/>
        <line num="21" count="64" type="stmt"/>
        <line num="22" count="64" type="stmt"/>
        <line num="24" count="35" type="cond" truecount="2" falsecount="0"/>
        <line num="26" count="35" type="cond" truecount="4" falsecount="0"/>
        <line num="30" count="64" type="stmt"/>
        <line num="31" count="64" type="stmt"/>
        <line num="61" count="35" type="stmt"/>
        <line num="67" count="35" type="stmt"/>
        <line num="73" count="35" type="stmt"/>
        <line num="76" count="35" type="stmt"/>
        <line num="77" count="35" type="stmt"/>
        <line num="78" count="0" type="stmt"/>
        <line num="79" count="0" type="stmt"/>
        <line num="81" count="35" type="stmt"/>
        <line num="82" count="0" type="stmt"/>
        <line num="83" count="0" type="stmt"/>
        <line num="85" count="35" type="stmt"/>
        <line num="87" count="0" type="cond" truecount="0" falsecount="1"/>
        <line num="88" count="0" type="stmt"/>
        <line num="89" count="0" type="stmt"/>
        <line num="92" count="35" type="stmt"/>
        <line num="94" count="0" type="stmt"/>
        <line num="95" count="0" type="stmt"/>
        <line num="97" count="35" type="stmt"/>
        <line num="98" count="35" type="stmt"/>
        <line num="100" count="35" type="stmt"/>
        <line num="105" count="35" type="stmt"/>
        <line num="106" count="35" type="stmt"/>
        <line num="107" count="35" type="stmt"/>
        <line num="118" count="9" type="stmt"/>
        <line num="125" count="35" type="stmt"/>
        <line num="142" count="18" type="stmt"/>
        <line num="145" count="35" type="stmt"/>
        <line num="146" count="35" type="stmt"/>
        <line num="147" count="35" type="stmt"/>
        <line num="148" count="35" type="stmt"/>
        <line num="149" count="70" type="cond" truecount="4" falsecount="0"/>
        <line num="151" count="35" type="stmt"/>
        <line num="152" count="35" type="stmt"/>
        <line num="158" count="35" type="cond" truecount="0" falsecount="1"/>
        <line num="159" count="0" type="stmt"/>
        <line num="160" count="0" type="cond" truecount="0" falsecount="2"/>
        <line num="163" count="105" type="stmt"/>
        <line num="166" count="35" type="stmt"/>
        <line num="167" count="35" type="stmt"/>
        <line num="169" count="35" type="stmt"/>
        <line num="170" count="35" type="stmt"/>
        <line num="172" count="35" type="stmt"/>
        <line num="175" count="35" type="stmt"/>
        <line num="176" count="35" type="stmt"/>
        <line num="177" count="35" type="stmt"/>
        <line num="178" count="35" type="stmt"/>
        <line num="180" count="0" type="stmt"/>
        <line num="181" count="35" type="stmt"/>
        <line num="184" count="35" type="stmt"/>
        <line num="187" count="35" type="stmt"/>
        <line num="188" count="0" type="stmt"/>
        <line num="189" count="0" type="stmt"/>
        <line num="191" count="35" type="stmt"/>
      </file>
      <file name="OeAdres.vue" path="/home/yannick/Documents/Projects/OnroerendErfgoed/vue_component_library/src/components/smart/OeAdres.vue">
        <metrics statements="261" coveredstatements="211" conditionals="314" coveredconditionals="262" methods="72" coveredmethods="65"/>
        <line num="1" count="540" type="cond" truecount="22" falsecount="10"/>
        <line num="5" count="1380" type="cond" truecount="3" falsecount="1"/>
        <line num="11" count="1348" type="cond" truecount="2" falsecount="0"/>
        <line num="19" count="672" type="stmt"/>
        <line num="26" count="538280" type="stmt"/>
        <line num="31" count="0" type="stmt"/>
        <line num="40" count="24" type="cond" truecount="2" falsecount="0"/>
        <line num="48" count="7" type="stmt"/>
        <line num="61" count="136" type="cond" truecount="2" falsecount="0"/>
        <line num="64" count="136" type="cond" truecount="2" falsecount="0"/>
        <line num="68" count="4" type="stmt"/>
        <line num="77" count="24" type="cond" truecount="2" falsecount="0"/>
        <line num="85" count="0" type="stmt"/>
        <line num="98" count="62" type="cond" truecount="2" falsecount="0"/>
        <line num="101" count="62" type="cond" truecount="2" falsecount="0"/>
        <line num="109" count="3" type="stmt"/>
        <line num="117" count="1380" type="cond" truecount="2" falsecount="0"/>
        <line num="126" count="284" type="stmt"/>
        <line num="139" count="4899" type="cond" truecount="2" falsecount="0"/>
        <line num="142" count="4899" type="cond" truecount="2" falsecount="0"/>
        <line num="148" count="540" type="stmt"/>
        <line num="160" count="111" type="stmt"/>
        <line num="167" count="1380" type="cond" truecount="2" falsecount="0"/>
        <line num="176" count="139" type="stmt"/>
        <line num="189" count="3084" type="cond" truecount="2" falsecount="0"/>
        <line num="192" count="3084" type="cond" truecount="2" falsecount="0"/>
        <line num="198" count="675" type="stmt"/>
        <line num="210" count="0" type="cond" truecount="2" falsecount="0"/>
        <line num="221" count="94" type="stmt"/>
        <line num="228" count="1380" type="cond" truecount="2" falsecount="0"/>
        <line num="237" count="252" type="stmt"/>
        <line num="250" count="5086" type="cond" truecount="2" falsecount="0"/>
        <line num="253" count="5086" type="cond" truecount="2" falsecount="0"/>
        <line num="258" count="1215" type="stmt"/>
        <line num="270" count="0" type="cond" truecount="2" falsecount="0"/>
        <line num="277" count="94" type="stmt"/>
        <line num="284" count="1380" type="cond" truecount="2" falsecount="0"/>
        <line num="307" count="270" type="stmt"/>
        <line num="320" count="94" type="stmt"/>
        <line num="327" count="1380" type="cond" truecount="2" falsecount="0"/>
        <line num="350" count="270" type="stmt"/>
        <line num="363" count="19" type="stmt"/>
        <line num="399" count="1381" type="stmt"/>
        <line num="419" count="1381" type="stmt"/>
        <line num="421" count="1381" type="stmt"/>
        <line num="422" count="1381" type="stmt"/>
        <line num="423" count="1381" type="stmt"/>
        <line num="424" count="1381" type="stmt"/>
        <line num="425" count="1381" type="stmt"/>
        <line num="428" count="1381" type="stmt"/>
        <line num="429" count="1381" type="stmt"/>
        <line num="430" count="2563342" type="stmt"/>
        <line num="431" count="4912" type="stmt"/>
        <line num="432" count="524675" type="stmt"/>
        <line num="435" count="1381" type="stmt"/>
        <line num="436" count="1381" type="stmt"/>
        <line num="437" count="1381" type="stmt"/>
        <line num="438" count="1381" type="stmt"/>
        <line num="439" count="1381" type="stmt"/>
        <line num="440" count="1381" type="stmt"/>
        <line num="441" count="1381" type="stmt"/>
        <line num="442" count="1381" type="stmt"/>
        <line num="444" count="1381" type="stmt"/>
        <line num="445" count="1814" type="stmt"/>
        <line num="450" count="1381" type="stmt"/>
        <line num="451" count="1733" type="stmt"/>
        <line num="458" count="1381" type="stmt"/>
        <line num="459" count="2190" type="cond" truecount="3" falsecount="0"/>
        <line num="461" count="2190" type="stmt"/>
        <line num="462" count="1381" type="stmt"/>
        <line num="463" count="877" type="cond" truecount="4" falsecount="0"/>
        <line num="464" count="29688" type="stmt"/>
        <line num="466" count="487" type="stmt"/>
        <line num="470" count="1381" type="stmt"/>
        <line num="479" count="7171" type="cond" truecount="2" falsecount="0"/>
        <line num="480" count="1380" type="stmt"/>
        <line num="482" count="5791" type="stmt"/>
        <line num="488" count="7171" type="cond" truecount="2" falsecount="0"/>
        <line num="489" count="7164" type="stmt"/>
        <line num="491" count="7" type="stmt"/>
        <line num="497" count="7171" type="cond" truecount="2" falsecount="0"/>
        <line num="498" count="7119" type="stmt"/>
        <line num="500" count="52" type="stmt"/>
        <line num="506" count="7171" type="cond" truecount="2" falsecount="0"/>
        <line num="507" count="2655" type="stmt"/>
        <line num="508" count="4516" type="cond" truecount="2" falsecount="0"/>
        <line num="509" count="3068" type="stmt"/>
        <line num="511" count="1448" type="stmt"/>
        <line num="517" count="7171" type="cond" truecount="2" falsecount="0"/>
        <line num="518" count="3619" type="stmt"/>
        <line num="519" count="3552" type="cond" truecount="2" falsecount="0"/>
        <line num="520" count="2626" type="stmt"/>
        <line num="522" count="926" type="stmt"/>
        <line num="528" count="7171" type="cond" truecount="2" falsecount="0"/>
        <line num="529" count="4155" type="stmt"/>
        <line num="530" count="3016" type="cond" truecount="2" falsecount="0"/>
        <line num="531" count="1951" type="stmt"/>
        <line num="533" count="1065" type="stmt"/>
        <line num="540" count="7171" type="cond" truecount="2" falsecount="0"/>
        <line num="541" count="5448" type="stmt"/>
        <line num="542" count="1723" type="cond" truecount="2" falsecount="0"/>
        <line num="543" count="861" type="stmt"/>
        <line num="545" count="862" type="stmt"/>
        <line num="548" count="7171" type="cond" truecount="1" falsecount="0"/>
        <line num="549" count="1415" type="cond" truecount="2" falsecount="0"/>
        <line num="550" count="742" type="stmt"/>
        <line num="552" count="673" type="stmt"/>
        <line num="560" count="7171" type="stmt"/>
        <line num="572" count="1381" type="stmt"/>
        <line num="602" count="1381" type="stmt"/>
        <line num="603" count="1381" type="stmt"/>
        <line num="606" count="1381" type="stmt"/>
        <line num="607" count="1381" type="stmt"/>
        <line num="616" count="1381" type="stmt"/>
        <line num="617" count="1380" type="stmt"/>
        <line num="618" count="1380" type="stmt"/>
        <line num="619" count="1380" type="stmt"/>
        <line num="620" count="1380" type="stmt"/>
        <line num="621" count="1380" type="stmt"/>
        <line num="622" count="1380" type="stmt"/>
        <line num="623" count="1380" type="stmt"/>
        <line num="624" count="1380" type="stmt"/>
        <line num="626" count="1380" type="stmt"/>
        <line num="627" count="1380" type="cond" truecount="1" falsecount="0"/>
        <line num="628" count="32" type="stmt"/>
        <line num="631" count="1380" type="cond" truecount="1" falsecount="0"/>
        <line num="632" count="106" type="stmt"/>
        <line num="633" count="106" type="stmt"/>
        <line num="635" count="106" type="stmt"/>
        <line num="636" count="106" type="cond" truecount="1" falsecount="1"/>
        <line num="637" count="106" type="cond" truecount="0" falsecount="1"/>
        <line num="638" count="106" type="cond" truecount="1" falsecount="0"/>
        <line num="639" count="106" type="cond" truecount="1" falsecount="0"/>
        <line num="640" count="106" type="cond" truecount="1" falsecount="0"/>
        <line num="641" count="106" type="cond" truecount="1" falsecount="0"/>
        <line num="642" count="106" type="cond" truecount="1" falsecount="0"/>
        <line num="643" count="106" type="stmt"/>
        <line num="644" count="106" type="stmt"/>
        <line num="647" count="0" type="cond" truecount="0" falsecount="2"/>
        <line num="648" count="0" type="cond" truecount="0" falsecount="2"/>
        <line num="649" count="0" type="cond" truecount="0" falsecount="2"/>
        <line num="650" count="0" type="cond" truecount="0" falsecount="2"/>
        <line num="651" count="0" type="cond" truecount="0" falsecount="2"/>
        <line num="656" count="1380" type="stmt"/>
        <line num="657" count="5791" type="stmt"/>
        <line num="661" count="1380" type="stmt"/>
        <line num="662" count="1380" type="stmt"/>
        <line num="664" count="0" type="cond" truecount="0" falsecount="1"/>
        <line num="665" count="0" type="stmt"/>
        <line num="667" count="0" type="stmt"/>
        <line num="674" count="1380" type="stmt"/>
        <line num="675" count="810" type="cond" truecount="1" falsecount="0"/>
        <line num="676" count="278" type="stmt"/>
        <line num="677" count="278" type="stmt"/>
        <line num="678" count="278" type="stmt"/>
        <line num="680" count="810" type="cond" truecount="2" falsecount="0"/>
        <line num="681" count="487" type="stmt"/>
        <line num="682" count="487" type="cond" truecount="3" falsecount="0"/>
        <line num="683" count="24" type="stmt"/>
        <line num="685" count="487" type="cond" truecount="3" falsecount="0"/>
        <line num="686" count="24" type="stmt"/>
        <line num="688" count="484" type="stmt"/>
        <line num="690" count="323" type="stmt"/>
        <line num="695" count="1380" type="stmt"/>
        <line num="696" count="7" type="cond" truecount="0" falsecount="1"/>
        <line num="697" count="0" type="stmt"/>
        <line num="698" count="0" type="stmt"/>
        <line num="700" count="7" type="cond" truecount="3" falsecount="1"/>
        <line num="701" count="7" type="cond" truecount="1" falsecount="0"/>
        <line num="702" count="7" type="cond" truecount="2" falsecount="2"/>
        <line num="704" count="4" type="stmt"/>
        <line num="705" count="4" type="stmt"/>
        <line num="706" count="4" type="stmt"/>
        <line num="708" count="0" type="stmt"/>
        <line num="709" count="0" type="stmt"/>
        <line num="710" count="0" type="stmt"/>
        <line num="712" count="3" type="stmt"/>
        <line num="713" count="3" type="stmt"/>
        <line num="714" count="3" type="stmt"/>
        <line num="716" count="0" type="stmt"/>
        <line num="717" count="0" type="stmt"/>
        <line num="720" count="0" type="stmt"/>
        <line num="725" count="1380" type="stmt"/>
        <line num="726" count="26" type="cond" truecount="0" falsecount="1"/>
        <line num="727" count="0" type="stmt"/>
        <line num="729" count="26" type="cond" truecount="3" falsecount="1"/>
        <line num="730" count="0" type="cond" truecount="0" falsecount="4"/>
        <line num="732" count="0" type="stmt"/>
        <line num="733" count="0" type="stmt"/>
        <line num="735" count="0" type="stmt"/>
        <line num="736" count="0" type="stmt"/>
        <line num="738" count="0" type="stmt"/>
        <line num="739" count="0" type="stmt"/>
        <line num="741" count="0" type="stmt"/>
        <line num="743" count="0" type="cond" truecount="0" falsecount="1"/>
        <line num="744" count="0" type="stmt"/>
        <line num="745" count="0" type="stmt"/>
        <line num="746" count="0" type="stmt"/>
        <line num="750" count="26" type="stmt"/>
        <line num="755" count="1380" type="stmt"/>
        <line num="756" count="1118" type="cond" truecount="1" falsecount="0"/>
        <line num="757" count="618" type="stmt"/>
        <line num="758" count="618" type="stmt"/>
        <line num="761" count="1118" type="cond" truecount="4" falsecount="0"/>
        <line num="762" count="390" type="stmt"/>
        <line num="764" count="390" type="stmt"/>
        <line num="765" count="390" type="stmt"/>
        <line num="766" count="390" type="stmt"/>
        <line num="768" count="0" type="cond" truecount="0" falsecount="1"/>
        <line num="769" count="0" type="stmt"/>
        <line num="770" count="0" type="cond" truecount="0" falsecount="1"/>
        <line num="771" count="0" type="stmt"/>
        <line num="773" count="0" type="cond" truecount="0" falsecount="1"/>
        <line num="774" count="0" type="stmt"/>
        <line num="775" count="0" type="stmt"/>
        <line num="776" count="0" type="stmt"/>
        <line num="777" count="0" type="stmt"/>
        <line num="782" count="385" type="stmt"/>
        <line num="785" count="728" type="stmt"/>
        <line num="790" count="1380" type="stmt"/>
        <line num="791" count="1786" type="cond" truecount="1" falsecount="0"/>
        <line num="792" count="1293" type="stmt"/>
        <line num="795" count="1786" type="cond" truecount="4" falsecount="0"/>
        <line num="796" count="358" type="stmt"/>
        <line num="798" count="358" type="stmt"/>
        <line num="799" count="358" type="stmt"/>
        <line num="800" count="191358" type="stmt"/>
        <line num="803" count="358" type="stmt"/>
        <line num="805" count="0" type="cond" truecount="0" falsecount="1"/>
        <line num="806" count="0" type="stmt"/>
        <line num="807" count="0" type="cond" truecount="0" falsecount="1"/>
        <line num="808" count="0" type="stmt"/>
        <line num="809" count="0" type="stmt"/>
        <line num="810" count="0" type="stmt"/>
        <line num="811" count="0" type="stmt"/>
        <line num="819" count="1380" type="stmt"/>
        <line num="820" count="868" type="cond" truecount="1" falsecount="0"/>
        <line num="825" count="348" type="stmt"/>
        <line num="828" count="868" type="cond" truecount="5" falsecount="0"/>
        <line num="829" count="319" type="stmt"/>
        <line num="832" count="950" type="stmt"/>
        <line num="834" count="319" type="cond" truecount="0" falsecount="1"/>
        <line num="835" count="0" type="stmt"/>
        <line num="838" count="319" type="cond" truecount="2" falsecount="0"/>
        <line num="839" count="91" type="stmt"/>
        <line num="841" count="228" type="stmt"/>
        <line num="846" count="1380" type="stmt"/>
        <line num="847" count="1380" type="stmt"/>
        <line num="848" count="1380" type="cond" truecount="2" falsecount="0"/>
        <line num="849" count="1380" type="cond" truecount="2" falsecount="0"/>
        <line num="851" count="1380" type="stmt"/>
        <line num="852" count="1380" type="stmt"/>
        <line num="853" count="707" type="stmt"/>
        <line num="855" count="338881" type="stmt"/>
        <line num="857" count="39344" type="stmt"/>
        <line num="864" count="1380" type="stmt"/>
        <line num="865" count="634" type="stmt"/>
        <line num="867" count="1584" type="stmt"/>
        <line num="869" count="1056" type="stmt"/>
        <line num="877" count="1380" type="stmt"/>
        <line num="878" count="1380" type="stmt"/>
      </file>
      <file name="OeInventarisLink.vue" path="/home/yannick/Documents/Projects/OnroerendErfgoed/vue_component_library/src/components/smart/OeInventarisLink.vue">
        <metrics statements="11" coveredstatements="11" conditionals="7" coveredconditionals="2" methods="1" coveredmethods="1"/>
        <line num="2" count="9" type="cond" truecount="1" falsecount="1"/>
        <line num="24" count="5" type="stmt"/>
        <line num="29" count="5" type="stmt"/>
        <line num="30" count="5" type="stmt"/>
        <line num="31" count="5" type="stmt"/>
        <line num="33" count="5" type="stmt"/>
        <line num="34" count="5" type="stmt"/>
        <line num="40" count="5" type="cond" truecount="1" falsecount="0"/>
        <line num="41" count="2" type="stmt"/>
        <line num="42" count="2" type="stmt"/>
        <line num="43" count="2" type="stmt"/>
      </file>
      <file name="OeReferences.vue" path="/home/yannick/Documents/Projects/OnroerendErfgoed/vue_component_library/src/components/smart/OeReferences.vue">
        <metrics statements="37" coveredstatements="6" conditionals="44" coveredconditionals="0" methods="10" coveredmethods="0"/>
        <line num="1" count="168" type="cond" truecount="0" falsecount="6"/>
        <line num="5" count="56" type="stmt"/>
        <line num="6" count="0" type="cond" truecount="0" falsecount="2"/>
        <line num="9" count="0" type="cond" truecount="0" falsecount="2"/>
        <line num="13" count="56" type="stmt"/>
        <line num="16" count="56" type="cond" truecount="0" falsecount="2"/>
        <line num="28" count="56" type="stmt"/>
        <line num="30" count="56" type="stmt"/>
        <line num="38" count="0" type="stmt"/>
        <line num="49" count="0" type="cond" truecount="0" falsecount="2"/>
        <line num="69" count="0" type="stmt"/>
        <line num="70" count="0" type="stmt"/>
        <line num="74" count="0" type="stmt"/>
        <line num="75" count="0" type="stmt"/>
        <line num="77" count="0" type="stmt"/>
        <line num="78" count="0" type="cond" truecount="0" falsecount="5"/>
        <line num="79" count="0" type="stmt"/>
        <line num="80" count="0" type="stmt"/>
        <line num="81" count="0" type="stmt"/>
        <line num="82" count="0" type="stmt"/>
        <line num="83" count="0" type="cond" truecount="0" falsecount="2"/>
        <line num="84" count="0" type="stmt"/>
        <line num="86" count="0" type="stmt"/>
        <line num="90" count="0" type="stmt"/>
        <line num="91" count="0" type="stmt"/>
        <line num="93" count="0" type="cond" truecount="0" falsecount="1"/>
        <line num="94" count="0" type="stmt"/>
        <line num="100" count="0" type="stmt"/>
        <line num="102" count="0" type="stmt"/>
        <line num="103" count="0" type="stmt"/>
        <line num="104" count="0" type="cond" truecount="0" falsecount="2"/>
        <line num="105" count="0" type="stmt"/>
        <line num="107" count="0" type="stmt"/>
        <line num="108" count="0" type="stmt"/>
        <line num="110" count="0" type="stmt"/>
        <line num="112" count="0" type="cond" truecount="0" falsecount="5"/>
        <line num="113" count="0" type="stmt"/>
      </file>
      <file name="OeZoneerder.vue" path="/home/yannick/Documents/Projects/OnroerendErfgoed/vue_component_library/src/components/smart/OeZoneerder.vue">
        <metrics statements="126" coveredstatements="99" conditionals="31" coveredconditionals="19" methods="33" coveredmethods="21"/>
        <line num="25" count="12" type="stmt"/>
        <line num="26" count="0" type="stmt"/>
        <line num="65" count="35" type="stmt"/>
        <line num="73" count="35" type="stmt"/>
        <line num="75" count="35" type="stmt"/>
        <line num="76" count="35" type="stmt"/>
        <line num="77" count="35" type="stmt"/>
        <line num="78" count="35" type="stmt"/>
        <line num="79" count="35" type="stmt"/>
        <line num="81" count="35" type="stmt"/>
        <line num="83" count="35" type="stmt"/>
        <line num="84" count="35" type="stmt"/>
        <line num="86" count="35" type="cond" truecount="1" falsecount="1"/>
        <line num="87" count="35" type="stmt"/>
        <line num="88" count="35" type="stmt"/>
        <line num="100" count="35" type="stmt"/>
        <line num="101" count="35" type="stmt"/>
        <line num="102" count="35" type="stmt"/>
        <line num="103" count="35" type="stmt"/>
        <line num="105" count="35" type="stmt"/>
        <line num="106" count="35" type="stmt"/>
        <line num="107" count="35" type="stmt"/>
        <line num="110" count="35" type="stmt"/>
        <line num="111" count="27" type="stmt"/>
        <line num="112" count="27" type="stmt"/>
        <line num="115" count="35" type="stmt"/>
        <line num="116" count="35" type="stmt"/>
        <line num="118" count="0" type="cond" truecount="0" falsecount="1"/>
        <line num="119" count="0" type="stmt"/>
        <line num="123" count="35" type="stmt"/>
        <line num="126" count="18" type="stmt"/>
        <line num="127" count="18" type="stmt"/>
        <line num="131" count="0" type="stmt"/>
        <line num="132" count="0" type="stmt"/>
        <line num="133" count="0" type="stmt"/>
        <line num="134" count="0" type="stmt"/>
        <line num="138" count="0" type="stmt"/>
        <line num="142" count="35" type="stmt"/>
        <line num="146" count="35" type="stmt"/>
        <line num="150" count="0" type="stmt"/>
        <line num="151" count="0" type="stmt"/>
        <line num="155" count="0" type="cond" truecount="0" falsecount="1"/>
        <line num="156" count="0" type="stmt"/>
        <line num="157" count="0" type="stmt"/>
        <line num="161" count="0" type="stmt"/>
        <line num="162" count="0" type="cond" truecount="0" falsecount="1"/>
        <line num="164" count="0" type="stmt"/>
        <line num="165" count="0" type="stmt"/>
        <line num="166" count="0" type="stmt"/>
        <line num="174" count="0" type="stmt"/>
        <line num="180" count="0" type="stmt"/>
        <line num="184" count="0" type="stmt"/>
        <line num="185" count="0" type="stmt"/>
        <line num="187" count="0" type="stmt"/>
        <line num="192" count="35" type="stmt"/>
        <line num="200" count="35" type="stmt"/>
        <line num="201" count="35" type="stmt"/>
        <line num="202" count="35" type="stmt"/>
        <line num="203" count="35" type="stmt"/>
        <line num="206" count="35" type="stmt"/>
        <line num="212" count="35" type="stmt"/>
        <line num="214" count="35" type="stmt"/>
        <line num="215" count="35" type="stmt"/>
        <line num="216" count="35" type="stmt"/>
        <line num="220" count="35" type="stmt"/>
        <line num="221" count="6" type="stmt"/>
        <line num="222" count="6" type="stmt"/>
        <line num="223" count="3" type="stmt"/>
        <line num="225" count="35" type="stmt"/>
        <line num="226" count="35" type="stmt"/>
        <line num="227" count="35" type="stmt"/>
        <line num="231" count="35" type="stmt"/>
        <line num="232" count="3" type="stmt"/>
        <line num="233" count="3" type="stmt"/>
        <line num="234" count="3" type="stmt"/>
        <line num="241" count="6" type="cond" truecount="2" falsecount="0"/>
        <line num="242" count="3" type="cond" truecount="1" falsecount="1"/>
        <line num="243" count="3" type="cond" truecount="1" falsecount="1"/>
        <line num="244" count="3" type="cond" truecount="1" falsecount="1"/>
        <line num="245" count="3" type="stmt"/>
        <line num="246" count="0" type="stmt"/>
        <line num="248" count="6" type="stmt"/>
        <line num="249" count="6" type="cond" truecount="2" falsecount="0"/>
        <line num="250" count="6" type="cond" truecount="0" falsecount="1"/>
        <line num="251" count="0" type="cond" truecount="0" falsecount="2"/>
        <line num="253" count="6" type="stmt"/>
        <line num="255" count="6" type="stmt"/>
        <line num="259" count="3" type="stmt"/>
        <line num="260" count="3" type="stmt"/>
        <line num="261" count="3" type="stmt"/>
        <line num="262" count="3" type="stmt"/>
        <line num="264" count="3" type="stmt"/>
        <line num="265" count="48" type="stmt"/>
        <line num="266" count="48" type="stmt"/>
        <line num="269" count="3" type="stmt"/>
        <line num="287" count="3" type="stmt"/>
        <line num="288" count="3" type="stmt"/>
        <line num="292" count="3" type="stmt"/>
        <line num="294" count="3" type="stmt"/>
        <line num="313" count="0" type="stmt"/>
        <line num="326" count="0" type="stmt"/>
        <line num="340" count="35" type="stmt"/>
        <line num="341" count="35" type="stmt"/>
        <line num="343" count="35" type="stmt"/>
        <line num="344" count="35" type="cond" truecount="1" falsecount="0"/>
        <line num="345" count="35" type="stmt"/>
        <line num="346" count="35" type="stmt"/>
        <line num="347" count="35" type="stmt"/>
        <line num="349" count="35" type="cond" truecount="1" falsecount="0"/>
        <line num="350" count="35" type="stmt"/>
        <line num="351" count="35" type="stmt"/>
        <line num="352" count="35" type="stmt"/>
        <line num="353" count="35" type="stmt"/>
        <line num="355" count="35" type="cond" truecount="1" falsecount="0"/>
        <line num="356" count="4" type="stmt"/>
        <line num="357" count="4" type="stmt"/>
        <line num="358" count="4" type="stmt"/>
        <line num="359" count="4" type="stmt"/>
        <line num="361" count="35" type="cond" truecount="1" falsecount="0"/>
        <line num="362" count="4" type="stmt"/>
        <line num="363" count="4" type="stmt"/>
        <line num="366" count="35" type="stmt"/>
        <line num="367" count="35" type="cond" truecount="1" falsecount="0"/>
        <line num="368" count="35" type="stmt"/>
        <line num="369" count="35" type="stmt"/>
        <line num="370" count="35" type="stmt"/>
      </file>
      <file name="OeZoneerderLayerswitcher.vue" path="/home/yannick/Documents/Projects/OnroerendErfgoed/vue_component_library/src/components/smart/OeZoneerderLayerswitcher.vue">
        <metrics statements="56" coveredstatements="50" conditionals="19" coveredconditionals="14" methods="25" coveredmethods="20"/>
        <line num="1" count="112" type="cond" truecount="2" falsecount="0"/>
        <line num="2" count="38" type="stmt"/>
        <line num="15" count="35" type="cond" truecount="2" falsecount="0"/>
        <line num="16" count="56" type="stmt"/>
        <line num="22" count="0" type="stmt"/>
        <line num="24" count="6" type="stmt"/>
        <line num="27" count="0" type="stmt"/>
        <line num="29" count="56" type="stmt"/>
        <line num="33" count="56" type="stmt"/>
        <line num="36" count="3" type="stmt"/>
        <line num="40" count="0" type="stmt"/>
        <line num="45" count="3" type="stmt"/>
        <line num="64" count="35" type="stmt"/>
        <line num="65" count="35" type="stmt"/>
        <line num="66" count="35" type="stmt"/>
        <line num="67" count="35" type="stmt"/>
        <line num="68" count="35" type="stmt"/>
        <line num="69" count="35" type="stmt"/>
        <line num="70" count="35" type="stmt"/>
        <line num="72" count="35" type="stmt"/>
        <line num="73" count="35" type="stmt"/>
        <line num="74" count="35" type="stmt"/>
        <line num="75" count="35" type="stmt"/>
        <line num="76" count="35" type="stmt"/>
        <line num="77" count="35" type="stmt"/>
        <line num="79" count="35" type="stmt"/>
        <line num="80" count="35" type="stmt"/>
        <line num="83" count="35" type="stmt"/>
        <line num="84" count="27" type="stmt"/>
        <line num="87" count="195" type="stmt"/>
        <line num="88" count="27" type="stmt"/>
        <line num="91" count="35" type="stmt"/>
        <line num="92" count="3" type="stmt"/>
        <line num="93" count="3" type="stmt"/>
        <line num="97" count="3" type="stmt"/>
        <line num="98" count="3" type="cond" truecount="1" falsecount="1"/>
        <line num="99" count="3" type="stmt"/>
        <line num="100" count="12" type="stmt"/>
        <line num="101" count="12" type="cond" truecount="2" falsecount="0"/>
        <line num="102" count="3" type="stmt"/>
        <line num="106" count="3" type="stmt"/>
        <line num="107" count="3" type="stmt"/>
        <line num="108" count="3" type="stmt"/>
        <line num="112" count="0" type="stmt"/>
        <line num="113" count="0" type="cond" truecount="0" falsecount="1"/>
        <line num="114" count="0" type="stmt"/>
        <line num="119" count="49" type="cond" truecount="1" falsecount="0"/>
        <line num="120" count="46" type="stmt"/>
        <line num="124" count="3" type="cond" truecount="1" falsecount="0"/>
        <line num="125" count="3" type="stmt"/>
        <line num="127" count="3" type="stmt"/>
        <line num="131" count="6" type="cond" truecount="0" falsecount="1"/>
        <line num="132" count="6" type="stmt"/>
        <line num="135" count="15" type="cond" truecount="2" falsecount="0"/>
        <line num="136" count="15" type="stmt"/>
        <line num="137" count="6" type="stmt"/>
      </file>
      <file name="OeZoneerderZonePanel.vue" path="/home/yannick/Documents/Projects/OnroerendErfgoed/vue_component_library/src/components/smart/OeZoneerderZonePanel.vue">
        <metrics statements="189" coveredstatements="130" conditionals="71" coveredconditionals="44" methods="68" coveredmethods="39"/>
        <line num="21" count="0" type="cond" truecount="2" falsecount="0"/>
        <line num="23" count="20" type="stmt"/>
        <line num="29" count="0" type="cond" truecount="2" falsecount="0"/>
        <line num="31" count="20" type="stmt"/>
        <line num="40" count="0" type="cond" truecount="2" falsecount="0"/>
        <line num="42" count="20" type="stmt"/>
        <line num="51" count="0" type="cond" truecount="2" falsecount="0"/>
        <line num="53" count="2" type="stmt"/>
        <line num="62" count="0" type="cond" truecount="0" falsecount="2"/>
        <line num="64" count="0" type="stmt"/>
        <line num="72" count="7" type="cond" truecount="2" falsecount="0"/>
        <line num="73" count="20" type="cond" truecount="2" falsecount="0"/>
        <line num="87" count="7" type="cond" truecount="4" falsecount="0"/>
        <line num="89" count="0" type="cond" truecount="2" falsecount="0"/>
        <line num="90" count="20" type="stmt"/>
        <line num="98" count="0" type="stmt"/>
        <line num="99" count="18" type="stmt"/>
        <line num="105" count="0" type="stmt"/>
        <line num="107" count="18" type="stmt"/>
        <line num="113" count="5" type="stmt"/>
        <line num="115" count="18" type="stmt"/>
        <line num="145" count="35" type="stmt"/>
        <line num="152" count="35" type="stmt"/>
        <line num="153" count="35" type="stmt"/>
        <line num="154" count="35" type="stmt"/>
        <line num="155" count="35" type="stmt"/>
        <line num="157" count="35" type="stmt"/>
        <line num="158" count="35" type="stmt"/>
        <line num="159" count="35" type="stmt"/>
        <line num="161" count="35" type="stmt"/>
        <line num="163" count="35" type="stmt"/>
        <line num="164" count="35" type="stmt"/>
        <line num="165" count="35" type="stmt"/>
        <line num="166" count="35" type="stmt"/>
        <line num="167" count="35" type="stmt"/>
        <line num="168" count="35" type="stmt"/>
        <line num="169" count="35" type="stmt"/>
        <line num="170" count="35" type="stmt"/>
        <line num="171" count="35" type="stmt"/>
        <line num="172" count="35" type="stmt"/>
        <line num="173" count="35" type="stmt"/>
        <line num="177" count="35" type="stmt"/>
        <line num="182" count="35" type="stmt"/>
        <line num="183" count="18" type="stmt"/>
        <line num="185" count="35" type="stmt"/>
        <line num="186" count="35" type="stmt"/>
        <line num="188" count="35" type="stmt"/>
        <line num="193" count="35" type="stmt"/>
        <line num="195" count="35" type="stmt"/>
        <line num="196" count="35" type="stmt"/>
        <line num="197" count="35" type="stmt"/>
        <line num="198" count="35" type="stmt"/>
        <line num="200" count="0" type="cond" truecount="0" falsecount="1"/>
        <line num="201" count="0" type="stmt"/>
        <line num="202" count="0" type="stmt"/>
        <line num="207" count="35" type="stmt"/>
        <line num="208" count="35" type="stmt"/>
        <line num="211" count="35" type="stmt"/>
        <line num="212" count="27" type="stmt"/>
        <line num="215" count="168" type="stmt"/>
        <line num="216" count="27" type="stmt"/>
        <line num="219" count="35" type="stmt"/>
        <line num="225" count="0" type="stmt"/>
        <line num="226" count="0" type="stmt"/>
        <line num="227" count="0" type="cond" truecount="0" falsecount="2"/>
        <line num="228" count="0" type="stmt"/>
        <line num="229" count="0" type="cond" truecount="0" falsecount="1"/>
        <line num="230" count="0" type="stmt"/>
        <line num="231" count="0" type="cond" truecount="0" falsecount="1"/>
        <line num="232" count="0" type="stmt"/>
        <line num="233" count="0" type="stmt"/>
        <line num="237" count="0" type="stmt"/>
        <line num="243" count="35" type="stmt"/>
        <line num="246" count="20" type="stmt"/>
        <line num="250" count="12250" type="stmt"/>
        <line num="251" count="12250" type="stmt"/>
        <line num="255" count="70" type="stmt"/>
        <line num="256" count="18" type="stmt"/>
        <line num="263" count="70" type="stmt"/>
        <line num="264" count="18" type="stmt"/>
        <line num="269" count="70" type="stmt"/>
        <line num="274" count="70" type="stmt"/>
        <line num="275" count="70" type="stmt"/>
        <line num="277" count="70" type="stmt"/>
        <line num="281" count="7" type="stmt"/>
        <line num="282" count="7" type="stmt"/>
        <line num="283" count="7" type="stmt"/>
        <line num="284" count="7" type="cond" truecount="1" falsecount="1"/>
        <line num="285" count="7" type="stmt"/>
        <line num="286" count="14" type="cond" truecount="2" falsecount="0"/>
        <line num="287" count="7" type="stmt"/>
        <line num="288" count="7" type="stmt"/>
        <line num="290" count="7" type="stmt"/>
        <line num="296" count="7" type="stmt"/>
        <line num="297" count="7" type="cond" truecount="0" falsecount="1"/>
        <line num="298" count="0" type="stmt"/>
        <line num="303" count="7" type="stmt"/>
        <line num="304" count="7" type="stmt"/>
        <line num="305" count="7" type="stmt"/>
        <line num="306" count="7" type="stmt"/>
        <line num="307" count="7" type="stmt"/>
        <line num="308" count="7" type="stmt"/>
        <line num="311" count="7" type="stmt"/>
        <line num="312" count="7" type="stmt"/>
        <line num="313" count="7" type="stmt"/>
        <line num="314" count="7" type="stmt"/>
        <line num="316" count="0" type="stmt"/>
        <line num="317" count="0" type="stmt"/>
        <line num="322" count="7" type="stmt"/>
        <line num="323" count="7" type="cond" truecount="0" falsecount="1"/>
        <line num="325" count="7" type="stmt"/>
        <line num="329" count="0" type="stmt"/>
        <line num="332" count="0" type="stmt"/>
        <line num="333" count="0" type="stmt"/>
        <line num="334" count="0" type="cond" truecount="0" falsecount="1"/>
        <line num="336" count="0" type="stmt"/>
        <line num="340" count="7" type="stmt"/>
        <line num="341" count="7" type="stmt"/>
        <line num="342" count="7" type="stmt"/>
        <line num="346" count="0" type="stmt"/>
        <line num="347" count="0" type="stmt"/>
        <line num="351" count="0" type="stmt"/>
        <line num="352" count="0" type="stmt"/>
        <line num="353" count="0" type="stmt"/>
        <line num="354" count="0" type="stmt"/>
        <line num="359" count="0" type="stmt"/>
        <line num="360" count="0" type="stmt"/>
        <line num="361" count="0" type="stmt"/>
        <line num="362" count="0" type="stmt"/>
        <line num="367" count="0" type="stmt"/>
        <line num="368" count="0" type="stmt"/>
        <line num="369" count="0" type="stmt"/>
        <line num="370" count="0" type="stmt"/>
        <line num="375" count="35" type="stmt"/>
        <line num="380" count="35" type="stmt"/>
        <line num="381" count="70" type="stmt"/>
        <line num="382" count="0" type="cond" truecount="0" falsecount="2"/>
        <line num="383" count="0" type="stmt"/>
        <line num="384" count="0" type="stmt"/>
        <line num="386" count="70" type="stmt"/>
        <line num="388" count="35" type="stmt"/>
        <line num="392" count="5" type="stmt"/>
        <line num="393" count="5" type="stmt"/>
        <line num="394" count="5" type="stmt"/>
        <line num="395" count="5" type="stmt"/>
        <line num="397" count="5" type="stmt"/>
        <line num="398" count="5" type="cond" truecount="1" falsecount="0"/>
        <line num="399" count="5" type="stmt"/>
        <line num="402" count="5" type="stmt"/>
        <line num="406" count="23" type="stmt"/>
        <line num="407" count="23" type="stmt"/>
        <line num="408" count="23" type="stmt"/>
        <line num="409" count="18" type="stmt"/>
        <line num="410" count="18" type="cond" truecount="2" falsecount="0"/>
        <line num="411" count="11" type="stmt"/>
        <line num="412" count="7" type="cond" truecount="1" falsecount="1"/>
        <line num="413" count="7" type="stmt"/>
        <line num="414" count="7" type="stmt"/>
        <line num="416" count="0" type="cond" truecount="0" falsecount="1"/>
        <line num="417" count="0" type="stmt"/>
        <line num="421" count="23" type="stmt"/>
        <line num="422" count="23" type="cond" truecount="2" falsecount="0"/>
        <line num="423" count="7" type="stmt"/>
        <line num="425" count="16" type="stmt"/>
        <line num="430" count="23" type="stmt"/>
        <line num="432" count="23" type="stmt"/>
        <line num="438" count="23" type="stmt"/>
        <line num="442" count="35" type="cond" truecount="0" falsecount="1"/>
        <line num="444" count="35" type="stmt"/>
        <line num="445" count="35" type="stmt"/>
        <line num="446" count="0" type="stmt"/>
        <line num="448" count="35" type="stmt"/>
        <line num="450" count="35" type="cond" truecount="1" falsecount="0"/>
        <line num="451" count="11" type="cond" truecount="1" falsecount="1"/>
        <line num="453" count="11" type="stmt"/>
        <line num="454" count="11" type="cond" truecount="1" falsecount="1"/>
        <line num="455" count="11" type="stmt"/>
        <line num="456" count="11" type="stmt"/>
        <line num="457" count="11" type="stmt"/>
        <line num="459" count="11" type="stmt"/>
        <line num="463" count="0" type="cond" truecount="0" falsecount="3"/>
        <line num="465" count="0" type="stmt"/>
        <line num="466" count="0" type="stmt"/>
        <line num="468" count="0" type="cond" truecount="0" falsecount="1"/>
        <line num="470" count="0" type="stmt"/>
        <line num="471" count="0" type="cond" truecount="0" falsecount="1"/>
        <line num="472" count="0" type="stmt"/>
        <line num="473" count="0" type="stmt"/>
        <line num="474" count="0" type="stmt"/>
      </file>
    </package>
  </project>
</coverage>
