{"/home/yannick/Documents/Projects/OnroerendErfgoed/vue_component_library/src/components/dumb/ClipboardCopy.vue": {"path":"/home/yannick/Documents/Projects/OnroerendErfgoed/vue_component_library/src/components/dumb/ClipboardCopy.vue","statementMap":{"0":{"start":{"line":13,"column":14},"end":{"line":13,"column":null}},"1":{"start":{"line":14,"column":18},"end":{"line":14,"column":null}},"2":{"start":{"line":15,"column":23},"end":{"line":22,"column":null}},"3":{"start":{"line":16,"column":2},"end":{"line":16,"column":null}},"4":{"start":{"line":17,"column":2},"end":{"line":17,"column":null}},"5":{"start":{"line":19,"column":2},"end":{"line":21,"column":null}},"6":{"start":{"line":20,"column":4},"end":{"line":20,"column":null}},"7":{"start":{"line":2,"column":7},"end":{"line":2,"column":null}}},"fnMap":{"0":{"name":"(anonymous_1)","decl":{"start":{"line":15,"column":23},"end":{"line":15,"column":29}},"loc":{"start":{"line":15,"column":29},"end":{"line":22,"column":null}}},"1":{"name":"(anonymous_2)","decl":{"start":{"line":19,"column":13},"end":{"line":19,"column":19}},"loc":{"start":{"line":19,"column":19},"end":{"line":21,"column":5}}}},"branchMap":{"0":{"loc":{"start":{"line":5,"column":8},"end":{"line":4,"column":76}},"type":"cond-expr","locations":[{"start":{"line":3,"column":30},"end":{"line":3,"column":119}},{"start":{"line":3,"column":101},"end":{"line":4,"column":76}}]}},"s":{"0":0,"1":0,"2":0,"3":0,"4":0,"5":0,"6":0,"7":90},"f":{"0":0,"1":0},"b":{"0":[0,0]}}
,"/home/yannick/Documents/Projects/OnroerendErfgoed/vue_component_library/src/components/dumb/FilterDatepicker.vue": {"path":"/home/yannick/Documents/Projects/OnroerendErfgoed/vue_component_library/src/components/dumb/FilterDatepicker.vue","statementMap":{"0":{"start":{"line":16,"column":14},"end":{"line":16,"column":null}},"1":{"start":{"line":20,"column":13},"end":{"line":20,"column":null}},"2":{"start":{"line":22,"column":18},"end":{"line":27,"column":null}},"3":{"start":{"line":23,"column":2},"end":{"line":25,"column":null}},"4":{"start":{"line":24,"column":4},"end":{"line":24,"column":null}},"5":{"start":{"line":26,"column":2},"end":{"line":26,"column":null}},"6":{"start":{"line":28,"column":20},"end":{"line":32,"column":null}},"7":{"start":{"line":29,"column":2},"end":{"line":31,"column":null}},"8":{"start":{"line":30,"column":4},"end":{"line":30,"column":null}},"9":{"start":{"line":2,"column":2},"end":{"line":6,"column":null}}},"fnMap":{"0":{"name":"(anonymous_1)","decl":{"start":{"line":22,"column":27},"end":{"line":22,"column":33}},"loc":{"start":{"line":22,"column":33},"end":{"line":27,"column":1}}},"1":{"name":"(anonymous_2)","decl":{"start":{"line":28,"column":20},"end":{"line":28,"column":21}},"loc":{"start":{"line":28,"column":46},"end":{"line":32,"column":null}}}},"branchMap":{"0":{"loc":{"start":{"line":23,"column":2},"end":{"line":25,"column":null}},"type":"if","locations":[{"start":{"line":23,"column":2},"end":{"line":25,"column":null}}]},"1":{"loc":{"start":{"line":29,"column":2},"end":{"line":31,"column":null}},"type":"if","locations":[{"start":{"line":29,"column":2},"end":{"line":31,"column":null}}]}},"s":{"0":83,"1":83,"2":83,"3":225,"4":79,"5":146,"6":83,"7":70,"8":70,"9":225},"f":{"0":225,"1":70},"b":{"0":[79],"1":[70]}}
,"/home/yannick/Documents/Projects/OnroerendErfgoed/vue_component_library/src/components/dumb/FilterInput.vue": {"path":"/home/yannick/Documents/Projects/OnroerendErfgoed/vue_component_library/src/components/dumb/FilterInput.vue","statementMap":{"0":{"start":{"line":72,"column":14},"end":{"line":72,"column":null}},"1":{"start":{"line":77,"column":13},"end":{"line":77,"column":null}},"2":{"start":{"line":82,"column":23},"end":{"line":82,"column":null}},"3":{"start":{"line":85,"column":25},"end":{"line":85,"column":null}},"4":{"start":{"line":86,"column":29},"end":{"line":86,"column":null}},"5":{"start":{"line":86,"column":44},"end":{"line":86,"column":75}},"6":{"start":{"line":87,"column":28},"end":{"line":87,"column":null}},"7":{"start":{"line":87,"column":69},"end":{"line":87,"column":null}},"8":{"start":{"line":88,"column":20},"end":{"line":88,"column":null}},"9":{"start":{"line":88,"column":27},"end":{"line":88,"column":null}},"10":{"start":{"line":91,"column":16},"end":{"line":91,"column":null}},"11":{"start":{"line":92,"column":0},"end":{"line":98,"column":null}},"12":{"start":{"line":95,"column":4},"end":{"line":95,"column":null}},"13":{"start":{"line":101,"column":18},"end":{"line":127,"column":null}},"14":{"start":{"line":102,"column":17},"end":{"line":109,"column":null}},"15":{"start":{"line":111,"column":2},"end":{"line":126,"column":null}},"16":{"start":{"line":112,"column":31},"end":{"line":112,"column":91}},"17":{"start":{"line":115,"column":4},"end":{"line":122,"column":null}},"18":{"start":{"line":116,"column":28},"end":{"line":116,"column":null}},"19":{"start":{"line":116,"column":59},"end":{"line":116,"column":79}},"20":{"start":{"line":117,"column":6},"end":{"line":121,"column":null}},"21":{"start":{"line":118,"column":8},"end":{"line":118,"column":null}},"22":{"start":{"line":119,"column":8},"end":{"line":119,"column":null}},"23":{"start":{"line":120,"column":8},"end":{"line":120,"column":null}},"24":{"start":{"line":124,"column":4},"end":{"line":124,"column":null}},"25":{"start":{"line":125,"column":4},"end":{"line":125,"column":null}},"26":{"start":{"line":128,"column":21},"end":{"line":129,"column":null}},"27":{"start":{"line":129,"column":2},"end":{"line":129,"column":null}},"28":{"start":{"line":129,"column":31},"end":{"line":129,"column":91}},"29":{"start":{"line":2,"column":7},"end":{"line":2,"column":null}},"30":{"start":{"line":3,"column":9},"end":{"line":3,"column":null}},"31":{"start":{"line":1,"column":0},"end":{"line":1,"column":null}},"32":{"start":{"line":2,"column":2},"end":{"line":1,"column":null}},"33":{"start":{"line":9,"column":19},"end":{"line":9,"column":null}},"34":{"start":{"line":16,"column":10},"end":{"line":1,"column":null}},"35":{"start":{"line":47,"column":18},"end":{"line":47,"column":null}},"36":{"start":{"line":51,"column":8},"end":{"line":1,"column":null}},"37":{"start":{"line":57,"column":18},"end":{"line":57,"column":null}},"38":{"start":{"line":59,"column":28},"end":{"line":59,"column":null}}},"fnMap":{"0":{"name":"(anonymous_3)","decl":{"start":{"line":86,"column":38},"end":{"line":86,"column":44}},"loc":{"start":{"line":86,"column":44},"end":{"line":86,"column":75}}},"1":{"name":"(anonymous_4)","decl":{"start":{"line":87,"column":28},"end":{"line":87,"column":29}},"loc":{"start":{"line":87,"column":69},"end":{"line":87,"column":null}}},"2":{"name":"(anonymous_5)","decl":{"start":{"line":88,"column":20},"end":{"line":88,"column":27}},"loc":{"start":{"line":88,"column":27},"end":{"line":88,"column":null}}},"3":{"name":"(anonymous_6)","decl":{"start":{"line":94,"column":2},"end":{"line":94,"column":8}},"loc":{"start":{"line":94,"column":8},"end":{"line":96,"column":null}}},"4":{"name":"(anonymous_7)","decl":{"start":{"line":101,"column":18},"end":{"line":101,"column":24}},"loc":{"start":{"line":101,"column":24},"end":{"line":127,"column":null}}},"5":{"name":"(anonymous_8)","decl":{"start":{"line":112,"column":24},"end":{"line":112,"column":25}},"loc":{"start":{"line":112,"column":31},"end":{"line":112,"column":91}}},"6":{"name":"(anonymous_9)","decl":{"start":{"line":116,"column":52},"end":{"line":116,"column":53}},"loc":{"start":{"line":116,"column":59},"end":{"line":116,"column":79}}},"7":{"name":"(anonymous_10)","decl":{"start":{"line":128,"column":21},"end":{"line":128,"column":22}},"loc":{"start":{"line":129,"column":2},"end":{"line":129,"column":null}}},"8":{"name":"(anonymous_11)","decl":{"start":{"line":129,"column":24},"end":{"line":129,"column":25}},"loc":{"start":{"line":129,"column":31},"end":{"line":129,"column":91}}},"9":{"name":"(anonymous_18)","decl":{"start":{"line":1,"column":0},"end":{"line":1,"column":null}},"loc":{"start":{"line":9,"column":19},"end":{"line":9,"column":null}}},"10":{"name":"(anonymous_23)","decl":{"start":{"line":47,"column":16},"end":{"line":47,"column":18}},"loc":{"start":{"line":47,"column":18},"end":{"line":47,"column":null}}},"11":{"name":"(anonymous_25)","decl":{"start":{"line":57,"column":16},"end":{"line":57,"column":18}},"loc":{"start":{"line":57,"column":18},"end":{"line":57,"column":null}}},"12":{"name":"(anonymous_26)","decl":{"start":{"line":59,"column":10},"end":{"line":59,"column":13}},"loc":{"start":{"line":59,"column":28},"end":{"line":59,"column":null}}}},"branchMap":{"0":{"loc":{"start":{"line":111,"column":2},"end":{"line":126,"column":null}},"type":"if","locations":[{"start":{"line":111,"column":2},"end":{"line":126,"column":null}}]},"1":{"loc":{"start":{"line":112,"column":4},"end":{"line":113,"column":null}},"type":"binary-expr","locations":[{"start":{"line":112,"column":4},"end":{"line":112,"column":null}},{"start":{"line":113,"column":5},"end":{"line":113,"column":29}},{"start":{"line":113,"column":29},"end":{"line":113,"column":null}}]},"2":{"loc":{"start":{"line":112,"column":31},"end":{"line":112,"column":91}},"type":"binary-expr","locations":[{"start":{"line":112,"column":31},"end":{"line":112,"column":55}},{"start":{"line":112,"column":55},"end":{"line":112,"column":91}}]},"3":{"loc":{"start":{"line":115,"column":4},"end":{"line":122,"column":null}},"type":"if","locations":[{"start":{"line":115,"column":4},"end":{"line":122,"column":null}}]},"4":{"loc":{"start":{"line":117,"column":6},"end":{"line":121,"column":null}},"type":"if","locations":[{"start":{"line":117,"column":6},"end":{"line":121,"column":null}}]},"5":{"loc":{"start":{"line":129,"column":31},"end":{"line":129,"column":91}},"type":"binary-expr","locations":[{"start":{"line":129,"column":31},"end":{"line":129,"column":55}},{"start":{"line":129,"column":55},"end":{"line":129,"column":91}}]},"6":{"loc":{"start":{"line":4,"column":34},"end":{"line":5,"column":null}},"type":"cond-expr","locations":[{"start":{"line":4,"column":34},"end":{"line":5,"column":null}}]},"7":{"loc":{"start":{"line":1,"column":0},"end":{"line":9,"column":null}},"type":"binary-expr","locations":[{"start":{"line":1,"column":0},"end":{"line":1,"column":null}},{"start":{"line":1,"column":0},"end":{"line":9,"column":null}}]},"8":{"loc":{"start":{"line":42,"column":17},"end":{"line":1,"column":null}},"type":"cond-expr","locations":[{"start":{"line":42,"column":25},"end":{"line":1,"column":null}},{"start":{"line":1,"column":0},"end":{"line":1,"column":null}}]},"9":{"loc":{"start":{"line":47,"column":16},"end":{"line":47,"column":null}},"type":"binary-expr","locations":[{"start":{"line":47,"column":16},"end":{"line":47,"column":18}},{"start":{"line":47,"column":16},"end":{"line":47,"column":null}}]}},"s":{"0":119,"1":119,"2":119,"3":119,"4":119,"5":1391,"6":119,"7":1062,"8":119,"9":225,"10":119,"11":119,"12":188,"13":119,"14":162,"15":162,"16":72,"17":162,"18":6,"19":3,"20":6,"21":3,"22":3,"23":3,"24":159,"25":159,"26":119,"27":13,"28":21,"29":90,"30":90,"31":90,"32":367,"33":63,"34":835,"35":13,"36":239,"37":13,"38":239},"f":{"0":1391,"1":1062,"2":225,"3":188,"4":162,"5":72,"6":3,"7":13,"8":21,"9":898,"10":13,"11":13,"12":239},"b":{"0":[162],"1":[162,162,0],"2":[72,9],"3":[6],"4":[3],"5":[21,13],"6":[15],"7":[352,104],"8":[230,137],"9":[170,90]}}
,"/home/yannick/Documents/Projects/OnroerendErfgoed/vue_component_library/src/components/dumb/FilterRadio.vue": {"path":"/home/yannick/Documents/Projects/OnroerendErfgoed/vue_component_library/src/components/dumb/FilterRadio.vue","statementMap":{"0":{"start":{"line":21,"column":14},"end":{"line":21,"column":null}},"1":{"start":{"line":27,"column":13},"end":{"line":27,"column":null}},"2":{"start":{"line":28,"column":20},"end":{"line":28,"column":null}},"3":{"start":{"line":28,"column":40},"end":{"line":28,"column":null}},"4":{"start":{"line":3,"column":4},"end":{"line":1,"column":null}},"5":{"start":{"line":10,"column":27},"end":{"line":10,"column":null}},"6":{"start":{"line":12,"column":24},"end":{"line":null,"column":-1}}},"fnMap":{"0":{"name":"(anonymous_2)","decl":{"start":{"line":28,"column":20},"end":{"line":28,"column":21}},"loc":{"start":{"line":28,"column":40},"end":{"line":28,"column":null}}},"1":{"name":"(anonymous_6)","decl":{"start":{"line":10,"column":25},"end":{"line":10,"column":27}},"loc":{"start":{"line":10,"column":27},"end":{"line":10,"column":null}}},"2":{"name":"(anonymous_7)","decl":{"start":{"line":12,"column":6},"end":{"line":12,"column":9}},"loc":{"start":{"line":12,"column":24},"end":{"line":null,"column":-1}}}},"branchMap":{},"s":{"0":9,"1":9,"2":9,"3":2,"4":28,"5":2,"6":28},"f":{"0":2,"1":2,"2":28},"b":{}}
,"/home/yannick/Documents/Projects/OnroerendErfgoed/vue_component_library/src/components/dumb/FilterSelect.vue": {"path":"/home/yannick/Documents/Projects/OnroerendErfgoed/vue_component_library/src/components/dumb/FilterSelect.vue","statementMap":{"0":{"start":{"line":26,"column":14},"end":{"line":26,"column":null}},"1":{"start":{"line":31,"column":13},"end":{"line":31,"column":null}},"2":{"start":{"line":32,"column":20},"end":{"line":32,"column":null}},"3":{"start":{"line":32,"column":39},"end":{"line":32,"column":null}},"4":{"start":{"line":1,"column":0},"end":{"line":1,"column":null}},"5":{"start":{"line":2,"column":2},"end":{"line":1,"column":null}},"6":{"start":{"line":10,"column":6},"end":{"line":1,"column":null}}},"fnMap":{"0":{"name":"(anonymous_2)","decl":{"start":{"line":32,"column":20},"end":{"line":32,"column":21}},"loc":{"start":{"line":32,"column":39},"end":{"line":32,"column":null}}},"1":{"name":"(anonymous_7)","decl":{"start":{"line":1,"column":0},"end":{"line":1,"column":null}},"loc":{"start":{"line":11,"column":21},"end":{"line":1,"column":null}}}},"branchMap":{},"s":{"0":35,"1":35,"2":35,"3":8,"4":98,"5":53,"6":68},"f":{"0":8,"1":68},"b":{}}
,"/home/yannick/Documents/Projects/OnroerendErfgoed/vue_component_library/src/components/dumb/FilterText.vue": {"path":"/home/yannick/Documents/Projects/OnroerendErfgoed/vue_component_library/src/components/dumb/FilterText.vue","statementMap":{"0":{"start":{"line":15,"column":14},"end":{"line":15,"column":null}},"1":{"start":{"line":19,"column":13},"end":{"line":19,"column":null}},"2":{"start":{"line":20,"column":20},"end":{"line":20,"column":null}},"3":{"start":{"line":20,"column":39},"end":{"line":20,"column":null}},"4":{"start":{"line":2,"column":2},"end":{"line":7,"column":null}}},"fnMap":{"0":{"name":"(anonymous_1)","decl":{"start":{"line":20,"column":20},"end":{"line":20,"column":21}},"loc":{"start":{"line":20,"column":39},"end":{"line":20,"column":null}}}},"branchMap":{},"s":{"0":113,"1":113,"2":113,"3":1011,"4":1227},"f":{"0":1011},"b":{}}
,"/home/yannick/Documents/Projects/OnroerendErfgoed/vue_component_library/src/components/dumb/GridWorkflow.vue": {"path":"/home/yannick/Documents/Projects/OnroerendErfgoed/vue_component_library/src/components/dumb/GridWorkflow.vue","statementMap":{"0":{"start":{"line":24,"column":14},"end":{"line":24,"column":null}},"1":{"start":{"line":27,"column":16},"end":{"line":27,"column":null}},"2":{"start":{"line":28,"column":29},"end":{"line":37,"column":null}},"3":{"start":{"line":29,"column":2},"end":{"line":36,"column":null}},"4":{"start":{"line":39,"column":27},"end":{"line":51,"column":null}},"5":{"start":{"line":40,"column":2},"end":{"line":49,"column":null}},"6":{"start":{"line":41,"column":18},"end":{"line":41,"column":null}},"7":{"start":{"line":41,"column":43},"end":{"line":41,"column":64}},"8":{"start":{"line":42,"column":4},"end":{"line":44,"column":null}},"9":{"start":{"line":43,"column":6},"end":{"line":43,"column":null}},"10":{"start":{"line":45,"column":25},"end":{"line":45,"column":null}},"11":{"start":{"line":46,"column":4},"end":{"line":46,"column":null}},"12":{"start":{"line":47,"column":4},"end":{"line":47,"column":null}},"13":{"start":{"line":48,"column":4},"end":{"line":48,"column":null}},"14":{"start":{"line":50,"column":2},"end":{"line":50,"column":null}},"15":{"start":{"line":53,"column":30},"end":{"line":66,"column":null}},"16":{"start":{"line":54,"column":2},"end":{"line":64,"column":null}},"17":{"start":{"line":55,"column":18},"end":{"line":55,"column":null}},"18":{"start":{"line":55,"column":43},"end":{"line":55,"column":73}},"19":{"start":{"line":56,"column":4},"end":{"line":59,"column":null}},"20":{"start":{"line":57,"column":24},"end":{"line":57,"column":null}},"21":{"start":{"line":57,"column":53},"end":{"line":57,"column":74}},"22":{"start":{"line":58,"column":6},"end":{"line":58,"column":null}},"23":{"start":{"line":60,"column":25},"end":{"line":60,"column":null}},"24":{"start":{"line":61,"column":4},"end":{"line":61,"column":null}},"25":{"start":{"line":62,"column":4},"end":{"line":62,"column":null}},"26":{"start":{"line":63,"column":4},"end":{"line":63,"column":null}},"27":{"start":{"line":65,"column":2},"end":{"line":65,"column":null}},"28":{"start":{"line":68,"column":28},"end":{"line":75,"column":null}},"29":{"start":{"line":69,"column":2},"end":{"line":72,"column":null}},"30":{"start":{"line":70,"column":4},"end":{"line":70,"column":null}},"31":{"start":{"line":70,"column":46},"end":{"line":70,"column":60}},"32":{"start":{"line":71,"column":4},"end":{"line":71,"column":null}},"33":{"start":{"line":71,"column":35},"end":{"line":71,"column":49}},"34":{"start":{"line":74,"column":2},"end":{"line":74,"column":null}},"35":{"start":{"line":77,"column":29},"end":{"line":79,"column":null}},"36":{"start":{"line":78,"column":2},"end":{"line":78,"column":null}},"37":{"start":{"line":81,"column":22},"end":{"line":86,"column":null}},"38":{"start":{"line":82,"column":2},"end":{"line":84,"column":null}},"39":{"start":{"line":83,"column":4},"end":{"line":83,"column":null}},"40":{"start":{"line":85,"column":2},"end":{"line":85,"column":null}},"41":{"start":{"line":88,"column":20},"end":{"line":105,"column":null}},"42":{"start":{"line":107,"column":20},"end":{"line":110,"column":null}},"43":{"start":{"line":108,"column":2},"end":{"line":108,"column":null}},"44":{"start":{"line":109,"column":2},"end":{"line":109,"column":null}},"45":{"start":{"line":112,"column":26},"end":{"line":115,"column":null}},"46":{"start":{"line":113,"column":2},"end":{"line":113,"column":null}},"47":{"start":{"line":114,"column":2},"end":{"line":114,"column":null}},"48":{"start":{"line":117,"column":22},"end":{"line":119,"column":null}},"49":{"start":{"line":118,"column":2},"end":{"line":118,"column":null}},"50":{"start":{"line":5,"column":7},"end":{"line":5,"column":null}}},"fnMap":{"0":{"name":"(anonymous_1)","decl":{"start":{"line":28,"column":29},"end":{"line":28,"column":45}},"loc":{"start":{"line":28,"column":45},"end":{"line":37,"column":null}}},"1":{"name":"(anonymous_2)","decl":{"start":{"line":39,"column":27},"end":{"line":39,"column":28}},"loc":{"start":{"line":39,"column":68},"end":{"line":51,"column":null}}},"2":{"name":"(anonymous_3)","decl":{"start":{"line":41,"column":36},"end":{"line":41,"column":37}},"loc":{"start":{"line":41,"column":43},"end":{"line":41,"column":64}}},"3":{"name":"(anonymous_4)","decl":{"start":{"line":53,"column":30},"end":{"line":53,"column":31}},"loc":{"start":{"line":53,"column":82},"end":{"line":66,"column":null}}},"4":{"name":"(anonymous_5)","decl":{"start":{"line":55,"column":36},"end":{"line":55,"column":37}},"loc":{"start":{"line":55,"column":43},"end":{"line":55,"column":73}}},"5":{"name":"(anonymous_6)","decl":{"start":{"line":57,"column":46},"end":{"line":57,"column":47}},"loc":{"start":{"line":57,"column":53},"end":{"line":57,"column":74}}},"6":{"name":"(anonymous_7)","decl":{"start":{"line":68,"column":28},"end":{"line":68,"column":29}},"loc":{"start":{"line":68,"column":91},"end":{"line":75,"column":null}}},"7":{"name":"(anonymous_8)","decl":{"start":{"line":70,"column":39},"end":{"line":70,"column":40}},"loc":{"start":{"line":70,"column":46},"end":{"line":70,"column":60}}},"8":{"name":"(anonymous_9)","decl":{"start":{"line":71,"column":28},"end":{"line":71,"column":29}},"loc":{"start":{"line":71,"column":35},"end":{"line":71,"column":49}}},"9":{"name":"(anonymous_10)","decl":{"start":{"line":77,"column":29},"end":{"line":77,"column":30}},"loc":{"start":{"line":77,"column":95},"end":{"line":79,"column":null}}},"10":{"name":"(anonymous_11)","decl":{"start":{"line":81,"column":22},"end":{"line":81,"column":23}},"loc":{"start":{"line":81,"column":56},"end":{"line":86,"column":null}}},"11":{"name":"(anonymous_12)","decl":{"start":{"line":107,"column":20},"end":{"line":107,"column":21}},"loc":{"start":{"line":107,"column":56},"end":{"line":110,"column":null}}},"12":{"name":"(anonymous_13)","decl":{"start":{"line":112,"column":26},"end":{"line":112,"column":32}},"loc":{"start":{"line":112,"column":32},"end":{"line":115,"column":null}}},"13":{"name":"(anonymous_14)","decl":{"start":{"line":117,"column":22},"end":{"line":117,"column":34}},"loc":{"start":{"line":117,"column":34},"end":{"line":119,"column":null}}}},"branchMap":{"0":{"loc":{"start":{"line":40,"column":2},"end":{"line":49,"column":null}},"type":"if","locations":[{"start":{"line":40,"column":2},"end":{"line":49,"column":null}}]},"1":{"loc":{"start":{"line":40,"column":6},"end":{"line":40,"column":42}},"type":"binary-expr","locations":[{"start":{"line":40,"column":6},"end":{"line":40,"column":22}},{"start":{"line":40,"column":22},"end":{"line":40,"column":42}}]},"2":{"loc":{"start":{"line":42,"column":4},"end":{"line":44,"column":null}},"type":"if","locations":[{"start":{"line":42,"column":4},"end":{"line":44,"column":null}}]},"3":{"loc":{"start":{"line":54,"column":2},"end":{"line":64,"column":null}},"type":"if","locations":[{"start":{"line":54,"column":2},"end":{"line":64,"column":null}}]},"4":{"loc":{"start":{"line":54,"column":6},"end":{"line":54,"column":42}},"type":"binary-expr","locations":[{"start":{"line":54,"column":6},"end":{"line":54,"column":22}},{"start":{"line":54,"column":22},"end":{"line":54,"column":42}}]},"5":{"loc":{"start":{"line":56,"column":4},"end":{"line":59,"column":null}},"type":"if","locations":[{"start":{"line":56,"column":4},"end":{"line":59,"column":null}}]},"6":{"loc":{"start":{"line":58,"column":13},"end":{"line":58,"column":null}},"type":"binary-expr","locations":[{"start":{"line":58,"column":13},"end":{"line":58,"column":39}},{"start":{"line":58,"column":39},"end":{"line":58,"column":null}}]},"7":{"loc":{"start":{"line":69,"column":2},"end":{"line":72,"column":null}},"type":"if","locations":[{"start":{"line":69,"column":2},"end":{"line":72,"column":null}}]},"8":{"loc":{"start":{"line":78,"column":9},"end":{"line":78,"column":null}},"type":"binary-expr","locations":[{"start":{"line":78,"column":9},"end":{"line":78,"column":34}},{"start":{"line":78,"column":34},"end":{"line":78,"column":null}}]},"9":{"loc":{"start":{"line":82,"column":2},"end":{"line":84,"column":null}},"type":"if","locations":[{"start":{"line":82,"column":2},"end":{"line":84,"column":null}}]},"10":{"loc":{"start":{"line":83,"column":27},"end":{"line":83,"column":45}},"type":"binary-expr","locations":[{"start":{"line":83,"column":27},"end":{"line":83,"column":43}},{"start":{"line":83,"column":43},"end":{"line":83,"column":45}}]},"11":{"loc":{"start":{"line":1,"column":0},"end":{"line":1,"column":null}},"type":"binary-expr","locations":[{"start":{"line":1,"column":0},"end":{"line":1,"column":null}}]}},"s":{"0":14,"1":14,"2":14,"3":14,"4":14,"5":20,"6":20,"7":30,"8":20,"9":20,"10":0,"11":0,"12":0,"13":0,"14":0,"15":14,"16":20,"17":10,"18":20,"19":10,"20":10,"21":10,"22":10,"23":0,"24":0,"25":0,"26":0,"27":10,"28":14,"29":20,"30":20,"31":20,"32":20,"33":20,"34":0,"35":14,"36":20,"37":14,"38":20,"39":20,"40":0,"41":14,"42":14,"43":14,"44":14,"45":14,"46":5,"47":5,"48":14,"49":5,"50":90},"f":{"0":14,"1":20,"2":30,"3":20,"4":20,"5":10,"6":20,"7":20,"8":20,"9":20,"10":20,"11":14,"12":5,"13":5},"b":{"0":[20],"1":[20,10],"2":[20],"3":[10],"4":[20,10],"5":[10],"6":[10,0],"7":[20],"8":[20,10],"9":[20],"10":[20,0],"11":[14]}}
,"/home/yannick/Documents/Projects/OnroerendErfgoed/vue_component_library/src/components/dumb/InputPhone.vue": {"path":"/home/yannick/Documents/Projects/OnroerendErfgoed/vue_component_library/src/components/dumb/InputPhone.vue","statementMap":{"0":{"start":{"line":57,"column":29},"end":{"line":57,"column":null}},"1":{"start":{"line":58,"column":21},"end":{"line":58,"column":null}},"2":{"start":{"line":60,"column":14},"end":{"line":60,"column":null}},"3":{"start":{"line":64,"column":13},"end":{"line":64,"column":null}},"4":{"start":{"line":67,"column":20},"end":{"line":69,"column":null}},"5":{"start":{"line":68,"column":2},"end":{"line":68,"column":null}},"6":{"start":{"line":70,"column":24},"end":{"line":72,"column":null}},"7":{"start":{"line":71,"column":2},"end":{"line":71,"column":null}},"8":{"start":{"line":75,"column":24},"end":{"line":82,"column":null}},"9":{"start":{"line":83,"column":27},"end":{"line":83,"column":null}},"10":{"start":{"line":83,"column":65},"end":{"line":83,"column":96}},"11":{"start":{"line":84,"column":20},"end":{"line":84,"column":null}},"12":{"start":{"line":87,"column":26},"end":{"line":87,"column":null}},"13":{"start":{"line":88,"column":25},"end":{"line":102,"column":null}},"14":{"start":{"line":90,"column":4},"end":{"line":90,"column":null}},"15":{"start":{"line":93,"column":4},"end":{"line":93,"column":null}},"16":{"start":{"line":94,"column":4},"end":{"line":100,"column":null}},"17":{"start":{"line":95,"column":6},"end":{"line":97,"column":null}},"18":{"start":{"line":96,"column":8},"end":{"line":96,"column":null}},"19":{"start":{"line":99,"column":6},"end":{"line":99,"column":null}},"20":{"start":{"line":103,"column":27},"end":{"line":107,"column":null}},"21":{"start":{"line":104,"column":18},"end":{"line":104,"column":null}},"22":{"start":{"line":106,"column":2},"end":{"line":106,"column":null}},"23":{"start":{"line":109,"column":0},"end":{"line":120,"column":null}},"24":{"start":{"line":112,"column":4},"end":{"line":117,"column":null}},"25":{"start":{"line":113,"column":6},"end":{"line":113,"column":null}},"26":{"start":{"line":114,"column":6},"end":{"line":116,"column":null}},"27":{"start":{"line":115,"column":8},"end":{"line":115,"column":null}},"28":{"start":{"line":115,"column":63},"end":{"line":115,"column":107}},"29":{"start":{"line":123,"column":16},"end":{"line":123,"column":null}},"30":{"start":{"line":123,"column":31},"end":{"line":123,"column":65}},"31":{"start":{"line":125,"column":0},"end":{"line":125,"column":null}},"32":{"start":{"line":2,"column":2},"end":{"line":1,"column":null}},"33":{"start":{"line":6,"column":17},"end":{"line":6,"column":null}},"34":{"start":{"line":13,"column":45},"end":{"line":13,"column":null}},"35":{"start":{"line":14,"column":17},"end":{"line":14,"column":null}},"36":{"start":{"line":16,"column":42},"end":{"line":17,"column":111}},"37":{"start":{"line":20,"column":37},"end":{"line":21,"column":117}},"38":{"start":{"line":28,"column":15},"end":{"line":28,"column":null}},"39":{"start":{"line":34,"column":13},"end":{"line":34,"column":null}},"40":{"start":{"line":39,"column":45},"end":{"line":39,"column":null}}},"fnMap":{"0":{"name":"(anonymous_1)","decl":{"start":{"line":67,"column":29},"end":{"line":67,"column":null}},"loc":{"start":{"line":68,"column":2},"end":{"line":68,"column":null}}},"1":{"name":"(anonymous_2)","decl":{"start":{"line":70,"column":33},"end":{"line":70,"column":null}},"loc":{"start":{"line":71,"column":2},"end":{"line":71,"column":null}}},"2":{"name":"(anonymous_3)","decl":{"start":{"line":83,"column":58},"end":{"line":83,"column":59}},"loc":{"start":{"line":83,"column":65},"end":{"line":83,"column":96}}},"3":{"name":"(anonymous_4)","decl":{"start":{"line":89,"column":2},"end":{"line":89,"column":8}},"loc":{"start":{"line":89,"column":8},"end":{"line":91,"column":null}}},"4":{"name":"(anonymous_5)","decl":{"start":{"line":92,"column":2},"end":{"line":92,"column":6}},"loc":{"start":{"line":92,"column":13},"end":{"line":101,"column":null}}},"5":{"name":"(anonymous_6)","decl":{"start":{"line":103,"column":36},"end":{"line":103,"column":42}},"loc":{"start":{"line":103,"column":42},"end":{"line":107,"column":1}}},"6":{"name":"(anonymous_7)","decl":{"start":{"line":111,"column":2},"end":{"line":111,"column":3}},"loc":{"start":{"line":111,"column":16},"end":{"line":118,"column":null}}},"7":{"name":"(anonymous_8)","decl":{"start":{"line":115,"column":55},"end":{"line":115,"column":56}},"loc":{"start":{"line":115,"column":63},"end":{"line":115,"column":107}}},"8":{"name":"(anonymous_9)","decl":{"start":{"line":123,"column":25},"end":{"line":123,"column":31}},"loc":{"start":{"line":123,"column":31},"end":{"line":123,"column":65}}},"9":{"name":"(anonymous_14)","decl":{"start":{"line":1,"column":0},"end":{"line":1,"column":null}},"loc":{"start":{"line":6,"column":17},"end":{"line":6,"column":null}}},"10":{"name":"(anonymous_15)","decl":{"start":{"line":13,"column":21},"end":{"line":13,"column":24}},"loc":{"start":{"line":13,"column":45},"end":{"line":13,"column":null}}},"11":{"name":"(anonymous_16)","decl":{"start":{"line":14,"column":15},"end":{"line":14,"column":17}},"loc":{"start":{"line":14,"column":17},"end":{"line":14,"column":null}}},"12":{"name":"(anonymous_17)","decl":{"start":{"line":17,"column":10},"end":{"line":17,"column":16}},"loc":{"start":{"line":16,"column":42},"end":{"line":17,"column":111}}},"13":{"name":"(anonymous_18)","decl":{"start":{"line":21,"column":10},"end":{"line":21,"column":16}},"loc":{"start":{"line":20,"column":37},"end":{"line":21,"column":117}}},"14":{"name":"(anonymous_20)","decl":{"start":{"line":34,"column":11},"end":{"line":34,"column":13}},"loc":{"start":{"line":34,"column":13},"end":{"line":34,"column":null}}},"15":{"name":"(anonymous_21)","decl":{"start":{"line":39,"column":7},"end":{"line":39,"column":45}},"loc":{"start":{"line":39,"column":45},"end":{"line":39,"column":null}}}},"branchMap":{"0":{"loc":{"start":{"line":68,"column":2},"end":{"line":68,"column":null}},"type":"cond-expr","locations":[{"start":{"line":68,"column":22},"end":{"line":68,"column":42}},{"start":{"line":68,"column":42},"end":{"line":68,"column":null}}]},"1":{"loc":{"start":{"line":71,"column":2},"end":{"line":71,"column":null}},"type":"cond-expr","locations":[{"start":{"line":71,"column":26},"end":{"line":71,"column":50}},{"start":{"line":71,"column":50},"end":{"line":71,"column":null}}]},"2":{"loc":{"start":{"line":90,"column":11},"end":{"line":90,"column":null}},"type":"binary-expr","locations":[{"start":{"line":90,"column":11},"end":{"line":90,"column":87}},{"start":{"line":90,"column":87},"end":{"line":90,"column":null}}]},"3":{"loc":{"start":{"line":94,"column":4},"end":{"line":100,"column":null}},"type":"if","locations":[{"start":{"line":94,"column":4},"end":{"line":100,"column":null}},{"start":{"line":98,"column":11},"end":{"line":100,"column":null}}]},"4":{"loc":{"start":{"line":94,"column":8},"end":{"line":94,"column":57}},"type":"binary-expr","locations":[{"start":{"line":94,"column":8},"end":{"line":94,"column":33}},{"start":{"line":94,"column":33},"end":{"line":94,"column":57}}]},"5":{"loc":{"start":{"line":95,"column":6},"end":{"line":97,"column":null}},"type":"if","locations":[{"start":{"line":95,"column":6},"end":{"line":97,"column":null}}]},"6":{"loc":{"start":{"line":112,"column":4},"end":{"line":117,"column":null}},"type":"if","locations":[{"start":{"line":112,"column":4},"end":{"line":117,"column":null}}]},"7":{"loc":{"start":{"line":114,"column":6},"end":{"line":116,"column":null}},"type":"if","locations":[{"start":{"line":114,"column":6},"end":{"line":116,"column":null}}]},"8":{"loc":{"start":{"line":1,"column":0},"end":{"line":6,"column":null}},"type":"binary-expr","locations":[{"start":{"line":1,"column":0},"end":{"line":1,"column":null}},{"start":{"line":1,"column":0},"end":{"line":6,"column":null}}]},"9":{"loc":{"start":{"line":14,"column":15},"end":{"line":14,"column":null}},"type":"binary-expr","locations":[{"start":{"line":14,"column":15},"end":{"line":14,"column":17}},{"start":{"line":14,"column":15},"end":{"line":14,"column":null}}]},"10":{"loc":{"start":{"line":1,"column":0},"end":{"line":28,"column":null}},"type":"binary-expr","locations":[{"start":{"line":1,"column":0},"end":{"line":1,"column":null}},{"start":{"line":1,"column":0},"end":{"line":28,"column":null}}]},"11":{"loc":{"start":{"line":30,"column":19},"end":{"line":30,"column":null}},"type":"binary-expr","locations":[{"start":{"line":30,"column":19},"end":{"line":30,"column":39}},{"start":{"line":30,"column":39},"end":{"line":30,"column":51}},{"start":{"line":30,"column":51},"end":{"line":30,"column":89}},{"start":{"line":30,"column":89},"end":{"line":30,"column":null}}]},"12":{"loc":{"start":{"line":34,"column":11},"end":{"line":34,"column":null}},"type":"binary-expr","locations":[{"start":{"line":34,"column":11},"end":{"line":34,"column":13}},{"start":{"line":34,"column":11},"end":{"line":34,"column":null}}]},"13":{"loc":{"start":{"line":37,"column":12},"end":{"line":1,"column":null}},"type":"cond-expr","locations":[{"start":{"line":37,"column":75},"end":{"line":1,"column":null}},{"start":{"line":1,"column":0},"end":{"line":1,"column":null}}]},"14":{"loc":{"start":{"line":37,"column":12},"end":{"line":37,"column":null}},"type":"binary-expr","locations":[{"start":{"line":37,"column":12},"end":{"line":37,"column":32}},{"start":{"line":37,"column":32},"end":{"line":37,"column":44}},{"start":{"line":37,"column":44},"end":{"line":37,"column":null}}]}},"s":{"0":138,"1":1175,"2":1175,"3":1175,"4":1175,"5":1175,"6":1175,"7":1175,"8":1175,"9":1175,"10":1175,"11":1175,"12":1175,"13":1175,"14":6986,"15":6571,"16":6571,"17":871,"18":141,"19":5700,"20":1175,"21":1957,"22":1957,"23":1175,"24":6986,"25":5694,"26":5694,"27":5088,"28":12304,"29":1175,"30":0,"31":1175,"32":7898,"33":507,"34":0,"35":507,"36":8405,"37":50430,"38":6571,"39":522,"40":123},"f":{"0":1175,"1":1175,"2":1175,"3":6986,"4":6571,"5":1957,"6":6986,"7":12304,"8":0,"9":7078,"10":0,"11":507,"12":8405,"13":50430,"14":522,"15":123},"b":{"0":[45,1130],"1":[44,1131],"2":[6986,1292],"3":[871,5700],"4":[6571,5700],"5":[141],"6":[5694],"7":[5088],"8":[7898,1175],"9":[7898,1175],"10":[7898,1175],"11":[7898,5817,123,7775],"12":[7898,1175],"13":[123,7775],"14":[7898,5817,123]}}
,"/home/yannick/Documents/Projects/OnroerendErfgoed/vue_component_library/src/components/dumb/NoRowsOverlay.vue": {"path":"/home/yannick/Documents/Projects/OnroerendErfgoed/vue_component_library/src/components/dumb/NoRowsOverlay.vue","statementMap":{"0":{"start":{"line":11,"column":14},"end":{"line":11,"column":null}},"1":{"start":{"line":2,"column":2},"end":{"line":4,"column":null}}},"fnMap":{},"branchMap":{},"s":{"0":32,"1":32},"f":{},"b":{}}
,"/home/yannick/Documents/Projects/OnroerendErfgoed/vue_component_library/src/components/dumb/OeActorWidgetDetail.vue": {"path":"/home/yannick/Documents/Projects/OnroerendErfgoed/vue_component_library/src/components/dumb/OeActorWidgetDetail.vue","statementMap":{"0":{"start":{"line":70,"column":14},"end":{"line":70,"column":null}},"1":{"start":{"line":73,"column":13},"end":{"line":73,"column":null}},"2":{"start":{"line":3,"column":9},"end":{"line":3,"column":null}},"3":{"start":{"line":13,"column":9},"end":{"line":13,"column":null}},"4":{"start":{"line":39,"column":9},"end":{"line":39,"column":null}},"5":{"start":{"line":2,"column":2},"end":{"line":1,"column":null}},"6":{"start":{"line":9,"column":16},"end":{"line":9,"column":null}},"7":{"start":{"line":10,"column":14},"end":{"line":10,"column":null}},"8":{"start":{"line":15,"column":85},"end":{"line":null,"column":-1}},"9":{"start":{"line":16,"column":45},"end":{"line":null,"column":-1}},"10":{"start":{"line":18,"column":39},"end":{"line":18,"column":61}},"11":{"start":{"line":19,"column":50},"end":{"line":null,"column":-1}},"12":{"start":{"line":21,"column":43},"end":{"line":21,"column":65}},"13":{"start":{"line":24,"column":12},"end":{"line":25,"column":70}},"14":{"start":{"line":29,"column":44},"end":{"line":29,"column":66}},"15":{"start":{"line":32,"column":12},"end":{"line":33,"column":86}},"16":{"start":{"line":41,"column":38},"end":{"line":41,"column":60}},"17":{"start":{"line":42,"column":50},"end":{"line":null,"column":-1}},"18":{"start":{"line":43,"column":34},"end":{"line":43,"column":56}},"19":{"start":{"line":45,"column":63},"end":{"line":null,"column":-1}},"20":{"start":{"line":47,"column":34},"end":{"line":47,"column":56}},"21":{"start":{"line":50,"column":12},"end":{"line":51,"column":64}}},"fnMap":{"0":{"name":"(anonymous_8)","decl":{"start":{"line":9,"column":14},"end":{"line":9,"column":16}},"loc":{"start":{"line":9,"column":16},"end":{"line":9,"column":null}}},"1":{"name":"(anonymous_9)","decl":{"start":{"line":10,"column":9},"end":{"line":10,"column":14}},"loc":{"start":{"line":10,"column":14},"end":{"line":10,"column":null}}},"2":{"name":"(anonymous_11)","decl":{"start":{"line":15,"column":29},"end":{"line":15,"column":32}},"loc":{"start":{"line":15,"column":85},"end":{"line":null,"column":-1}}},"3":{"name":"(anonymous_12)","decl":{"start":{"line":16,"column":28},"end":{"line":16,"column":31}},"loc":{"start":{"line":16,"column":45},"end":{"line":null,"column":-1}}},"4":{"name":"(anonymous_13)","decl":{"start":{"line":18,"column":31},"end":{"line":18,"column":39}},"loc":{"start":{"line":18,"column":39},"end":{"line":18,"column":61}}},"5":{"name":"(anonymous_14)","decl":{"start":{"line":19,"column":30},"end":{"line":19,"column":33}},"loc":{"start":{"line":19,"column":50},"end":{"line":null,"column":-1}}},"6":{"name":"(anonymous_15)","decl":{"start":{"line":21,"column":29},"end":{"line":21,"column":43}},"loc":{"start":{"line":21,"column":43},"end":{"line":21,"column":65}}},"7":{"name":"(anonymous_18)","decl":{"start":{"line":29,"column":29},"end":{"line":29,"column":44}},"loc":{"start":{"line":29,"column":44},"end":{"line":29,"column":66}}},"8":{"name":"(anonymous_22)","decl":{"start":{"line":41,"column":29},"end":{"line":41,"column":38}},"loc":{"start":{"line":41,"column":38},"end":{"line":41,"column":60}}},"9":{"name":"(anonymous_23)","decl":{"start":{"line":42,"column":28},"end":{"line":42,"column":31}},"loc":{"start":{"line":42,"column":50},"end":{"line":null,"column":-1}}},"10":{"name":"(anonymous_24)","decl":{"start":{"line":43,"column":29},"end":{"line":43,"column":34}},"loc":{"start":{"line":43,"column":34},"end":{"line":43,"column":56}}},"11":{"name":"(anonymous_25)","decl":{"start":{"line":45,"column":10},"end":{"line":45,"column":20}},"loc":{"start":{"line":45,"column":63},"end":{"line":null,"column":-1}}},"12":{"name":"(anonymous_26)","decl":{"start":{"line":47,"column":29},"end":{"line":47,"column":34}},"loc":{"start":{"line":47,"column":34},"end":{"line":47,"column":56}}}},"branchMap":{"0":{"loc":{"start":{"line":9,"column":14},"end":{"line":9,"column":null}},"type":"binary-expr","locations":[{"start":{"line":9,"column":14},"end":{"line":9,"column":16}},{"start":{"line":9,"column":14},"end":{"line":9,"column":null}}]},"1":{"loc":{"start":{"line":10,"column":14},"end":{"line":10,"column":null}},"type":"binary-expr","locations":[{"start":{"line":10,"column":14},"end":{"line":10,"column":null}},{"start":{"line":10,"column":14},"end":{"line":10,"column":null}}]},"2":{"loc":{"start":{"line":15,"column":32},"end":{"line":15,"column":85}},"type":"cond-expr","locations":[{"start":{"line":15,"column":46},"end":{"line":15,"column":85}},{"start":{"line":15,"column":46},"end":{"line":15,"column":85}}]},"3":{"loc":{"start":{"line":17,"column":24},"end":{"line":1,"column":null}},"type":"cond-expr","locations":[{"start":{"line":17,"column":38},"end":{"line":1,"column":null}},{"start":{"line":1,"column":0},"end":{"line":1,"column":null}}]},"4":{"loc":{"start":{"line":18,"column":39},"end":{"line":18,"column":61}},"type":"binary-expr","locations":[{"start":{"line":18,"column":39},"end":{"line":18,"column":61}},{"start":{"line":18,"column":39},"end":{"line":18,"column":61}}]},"5":{"loc":{"start":{"line":21,"column":43},"end":{"line":21,"column":65}},"type":"binary-expr","locations":[{"start":{"line":21,"column":43},"end":{"line":21,"column":65}},{"start":{"line":21,"column":43},"end":{"line":21,"column":65}}]},"6":{"loc":{"start":{"line":29,"column":44},"end":{"line":29,"column":66}},"type":"binary-expr","locations":[{"start":{"line":29,"column":44},"end":{"line":29,"column":66}},{"start":{"line":29,"column":44},"end":{"line":29,"column":66}}]},"7":{"loc":{"start":{"line":41,"column":38},"end":{"line":41,"column":60}},"type":"binary-expr","locations":[{"start":{"line":41,"column":38},"end":{"line":41,"column":60}},{"start":{"line":41,"column":38},"end":{"line":41,"column":60}}]},"8":{"loc":{"start":{"line":43,"column":34},"end":{"line":43,"column":56}},"type":"binary-expr","locations":[{"start":{"line":43,"column":34},"end":{"line":43,"column":56}},{"start":{"line":43,"column":34},"end":{"line":43,"column":56}}]},"9":{"loc":{"start":{"line":47,"column":34},"end":{"line":47,"column":56}},"type":"binary-expr","locations":[{"start":{"line":47,"column":34},"end":{"line":47,"column":56}},{"start":{"line":47,"column":34},"end":{"line":47,"column":56}}]}},"s":{"0":9,"1":9,"2":90,"3":90,"4":90,"5":9,"6":9,"7":9,"8":9,"9":9,"10":9,"11":9,"12":9,"13":18,"14":9,"15":27,"16":9,"17":9,"18":9,"19":9,"20":9,"21":0},"f":{"0":9,"1":9,"2":9,"3":9,"4":9,"5":9,"6":9,"7":9,"8":9,"9":9,"10":9,"11":9,"12":9},"b":{"0":[9,9],"1":[9,9],"2":[9,0],"3":[9,0],"4":[9,9],"5":[9,9],"6":[9,9],"7":[9,9],"8":[9,9],"9":[9,9]}}
,"/home/yannick/Documents/Projects/OnroerendErfgoed/vue_component_library/src/components/dumb/OeActorWidgetGridActies.vue": {"path":"/home/yannick/Documents/Projects/OnroerendErfgoed/vue_component_library/src/components/dumb/OeActorWidgetGridActies.vue","statementMap":{"0":{"start":{"line":29,"column":14},"end":{"line":29,"column":null}},"1":{"start":{"line":1,"column":0},"end":{"line":1,"column":null}},"2":{"start":{"line":2,"column":2},"end":{"line":1,"column":null}},"3":{"start":{"line":8,"column":14},"end":{"line":8,"column":null}}},"fnMap":{"0":{"name":"(anonymous_3)","decl":{"start":{"line":8,"column":12},"end":{"line":8,"column":14}},"loc":{"start":{"line":8,"column":14},"end":{"line":8,"column":null}}}},"branchMap":{"0":{"loc":{"start":{"line":8,"column":12},"end":{"line":8,"column":null}},"type":"binary-expr","locations":[{"start":{"line":8,"column":12},"end":{"line":8,"column":14}},{"start":{"line":8,"column":12},"end":{"line":8,"column":null}}]}},"s":{"0":105,"1":90,"2":105,"3":9},"f":{"0":9},"b":{"0":[105,105]}}
,"/home/yannick/Documents/Projects/OnroerendErfgoed/vue_component_library/src/components/dumb/OeAutocomplete.vue": {"path":"/home/yannick/Documents/Projects/OnroerendErfgoed/vue_component_library/src/components/dumb/OeAutocomplete.vue","statementMap":{"0":{"start":{"line":53,"column":14},"end":{"line":53,"column":null}},"1":{"start":{"line":54,"column":14},"end":{"line":54,"column":null}},"2":{"start":{"line":63,"column":13},"end":{"line":63,"column":null}},"3":{"start":{"line":65,"column":23},"end":{"line":65,"column":null}},"4":{"start":{"line":66,"column":19},"end":{"line":66,"column":null}},"5":{"start":{"line":67,"column":16},"end":{"line":67,"column":null}},"6":{"start":{"line":68,"column":16},"end":{"line":68,"column":null}},"7":{"start":{"line":69,"column":20},"end":{"line":69,"column":null}},"8":{"start":{"line":71,"column":17},"end":{"line":71,"column":null}},"9":{"start":{"line":71,"column":33},"end":{"line":71,"column":92}},"10":{"start":{"line":73,"column":20},"end":{"line":82,"column":null}},"11":{"start":{"line":74,"column":2},"end":{"line":81,"column":null}},"12":{"start":{"line":75,"column":4},"end":{"line":75,"column":null}},"13":{"start":{"line":76,"column":4},"end":{"line":76,"column":null}},"14":{"start":{"line":77,"column":4},"end":{"line":77,"column":null}},"15":{"start":{"line":79,"column":4},"end":{"line":79,"column":null}},"16":{"start":{"line":80,"column":4},"end":{"line":80,"column":null}},"17":{"start":{"line":84,"column":21},"end":{"line":89,"column":null}},"18":{"start":{"line":85,"column":2},"end":{"line":85,"column":null}},"19":{"start":{"line":86,"column":2},"end":{"line":86,"column":null}},"20":{"start":{"line":87,"column":2},"end":{"line":87,"column":null}},"21":{"start":{"line":88,"column":2},"end":{"line":88,"column":null}},"22":{"start":{"line":91,"column":20},"end":{"line":91,"column":null}},"23":{"start":{"line":91,"column":27},"end":{"line":91,"column":null}},"24":{"start":{"line":93,"column":18},"end":{"line":100,"column":null}},"25":{"start":{"line":94,"column":2},"end":{"line":99,"column":null}},"26":{"start":{"line":95,"column":4},"end":{"line":95,"column":null}},"27":{"start":{"line":97,"column":4},"end":{"line":97,"column":null}},"28":{"start":{"line":98,"column":4},"end":{"line":98,"column":null}},"29":{"start":{"line":102,"column":0},"end":{"line":118,"column":null}},"30":{"start":{"line":103,"column":2},"end":{"line":117,"column":null}},"31":{"start":{"line":104,"column":4},"end":{"line":104,"column":null}},"32":{"start":{"line":105,"column":17},"end":{"line":105,"column":null}},"33":{"start":{"line":106,"column":4},"end":{"line":106,"column":null}},"34":{"start":{"line":108,"column":4},"end":{"line":110,"column":null}},"35":{"start":{"line":109,"column":6},"end":{"line":109,"column":null}},"36":{"start":{"line":111,"column":4},"end":{"line":111,"column":null}},"37":{"start":{"line":113,"column":4},"end":{"line":116,"column":null}},"38":{"start":{"line":114,"column":6},"end":{"line":114,"column":null}},"39":{"start":{"line":115,"column":6},"end":{"line":115,"column":null}},"40":{"start":{"line":120,"column":0},"end":{"line":131,"column":null}},"41":{"start":{"line":121,"column":8},"end":{"line":121,"column":null}},"42":{"start":{"line":123,"column":4},"end":{"line":128,"column":null}},"43":{"start":{"line":124,"column":6},"end":{"line":124,"column":null}},"44":{"start":{"line":125,"column":6},"end":{"line":125,"column":null}},"45":{"start":{"line":126,"column":4},"end":{"line":128,"column":null}},"46":{"start":{"line":127,"column":6},"end":{"line":127,"column":null}},"47":{"start":{"line":1,"column":0},"end":{"line":1,"column":null}},"48":{"start":{"line":14,"column":11},"end":{"line":14,"column":null}},"49":{"start":{"line":15,"column":13},"end":{"line":15,"column":null}},"50":{"start":{"line":30,"column":18},"end":{"line":30,"column":57}},"51":{"start":{"line":2,"column":2},"end":{"line":2,"column":70}},"52":{"start":{"line":5,"column":15},"end":{"line":5,"column":null}},"53":{"start":{"line":21,"column":10},"end":{"line":1,"column":null}},"54":{"start":{"line":27,"column":26},"end":{"line":27,"column":null}},"55":{"start":{"line":28,"column":20},"end":{"line":28,"column":null}}},"fnMap":{"0":{"name":"(anonymous_2)","decl":{"start":{"line":71,"column":26},"end":{"line":71,"column":33}},"loc":{"start":{"line":71,"column":33},"end":{"line":71,"column":92}}},"1":{"name":"(anonymous_3)","decl":{"start":{"line":73,"column":20},"end":{"line":73,"column":21}},"loc":{"start":{"line":73,"column":39},"end":{"line":82,"column":null}}},"2":{"name":"(anonymous_4)","decl":{"start":{"line":84,"column":21},"end":{"line":84,"column":22}},"loc":{"start":{"line":84,"column":54},"end":{"line":89,"column":null}}},"3":{"name":"(anonymous_5)","decl":{"start":{"line":91,"column":20},"end":{"line":91,"column":27}},"loc":{"start":{"line":91,"column":27},"end":{"line":91,"column":null}}},"4":{"name":"(anonymous_6)","decl":{"start":{"line":93,"column":18},"end":{"line":93,"column":25}},"loc":{"start":{"line":93,"column":48},"end":{"line":100,"column":null}}},"5":{"name":"(anonymous_7)","decl":{"start":{"line":102,"column":18},"end":{"line":102,"column":25}},"loc":{"start":{"line":102,"column":53},"end":{"line":118,"column":1}}},"6":{"name":"(anonymous_8)","decl":{"start":{"line":121,"column":2},"end":{"line":121,"column":8}},"loc":{"start":{"line":121,"column":8},"end":{"line":121,"column":null}}},"7":{"name":"(anonymous_9)","decl":{"start":{"line":122,"column":2},"end":{"line":122,"column":8}},"loc":{"start":{"line":122,"column":8},"end":{"line":129,"column":null}}},"8":{"name":"(anonymous_13)","decl":{"start":{"line":1,"column":0},"end":{"line":1,"column":null}},"loc":{"start":{"line":5,"column":15},"end":{"line":5,"column":null}}},"9":{"name":"(anonymous_16)","decl":{"start":{"line":28,"column":18},"end":{"line":28,"column":20}},"loc":{"start":{"line":28,"column":20},"end":{"line":28,"column":null}}}},"branchMap":{"0":{"loc":{"start":{"line":71,"column":33},"end":{"line":71,"column":92}},"type":"cond-expr","locations":[{"start":{"line":71,"column":73},"end":{"line":71,"column":90}},{"start":{"line":71,"column":90},"end":{"line":71,"column":92}}]},"1":{"loc":{"start":{"line":74,"column":2},"end":{"line":81,"column":null}},"type":"if","locations":[{"start":{"line":74,"column":2},"end":{"line":81,"column":null}},{"start":{"line":78,"column":9},"end":{"line":81,"column":null}}]},"2":{"loc":{"start":{"line":94,"column":2},"end":{"line":99,"column":null}},"type":"if","locations":[{"start":{"line":94,"column":2},"end":{"line":99,"column":null}},{"start":{"line":96,"column":9},"end":{"line":99,"column":null}}]},"3":{"loc":{"start":{"line":103,"column":2},"end":{"line":117,"column":null}},"type":"if","locations":[{"start":{"line":103,"column":2},"end":{"line":117,"column":null}}]},"4":{"loc":{"start":{"line":108,"column":4},"end":{"line":110,"column":null}},"type":"if","locations":[{"start":{"line":108,"column":4},"end":{"line":110,"column":null}}]},"5":{"loc":{"start":{"line":108,"column":8},"end":{"line":108,"column":89}},"type":"binary-expr","locations":[{"start":{"line":108,"column":8},"end":{"line":108,"column":28}},{"start":{"line":108,"column":28},"end":{"line":108,"column":70}},{"start":{"line":108,"column":70},"end":{"line":108,"column":89}}]},"6":{"loc":{"start":{"line":113,"column":4},"end":{"line":116,"column":null}},"type":"if","locations":[{"start":{"line":113,"column":4},"end":{"line":116,"column":null}}]},"7":{"loc":{"start":{"line":113,"column":8},"end":{"line":113,"column":102}},"type":"binary-expr","locations":[{"start":{"line":113,"column":8},"end":{"line":113,"column":38}},{"start":{"line":113,"column":38},"end":{"line":113,"column":61}},{"start":{"line":113,"column":61},"end":{"line":113,"column":102}}]},"8":{"loc":{"start":{"line":123,"column":4},"end":{"line":128,"column":null}},"type":"if","locations":[{"start":{"line":123,"column":4},"end":{"line":128,"column":null}},{"start":{"line":126,"column":4},"end":{"line":128,"column":null}}]},"9":{"loc":{"start":{"line":123,"column":8},"end":{"line":123,"column":53}},"type":"binary-expr","locations":[{"start":{"line":123,"column":8},"end":{"line":123,"column":32}},{"start":{"line":123,"column":32},"end":{"line":123,"column":53}}]},"10":{"loc":{"start":{"line":126,"column":4},"end":{"line":128,"column":null}},"type":"if","locations":[{"start":{"line":126,"column":4},"end":{"line":128,"column":null}}]},"11":{"loc":{"start":{"line":1,"column":0},"end":{"line":5,"column":null}},"type":"binary-expr","locations":[{"start":{"line":1,"column":0},"end":{"line":1,"column":null}},{"start":{"line":1,"column":0},"end":{"line":5,"column":null}}]},"12":{"loc":{"start":{"line":11,"column":16},"end":{"line":1,"column":null}},"type":"cond-expr","locations":[{"start":{"line":11,"column":16},"end":{"line":11,"column":null}},{"start":{"line":1,"column":0},"end":{"line":1,"column":null}}]},"13":{"loc":{"start":{"line":13,"column":15},"end":{"line":1,"column":null}},"type":"cond-expr","locations":[{"start":{"line":13,"column":52},"end":{"line":1,"column":null}},{"start":{"line":1,"column":0},"end":{"line":1,"column":null}}]},"14":{"loc":{"start":{"line":13,"column":15},"end":{"line":13,"column":62}},"type":"binary-expr","locations":[{"start":{"line":13,"column":15},"end":{"line":13,"column":30}},{"start":{"line":13,"column":30},"end":{"line":13,"column":62}}]},"15":{"loc":{"start":{"line":16,"column":26},"end":{"line":18,"column":93}},"type":"cond-expr","locations":[{"start":{"line":16,"column":26},"end":{"line":18,"column":93}}]},"16":{"loc":{"start":{"line":19,"column":17},"end":{"line":18,"column":93}},"type":"binary-expr","locations":[{"start":{"line":19,"column":17},"end":{"line":19,"column":null}},{"start":{"line":19,"column":17},"end":{"line":18,"column":93}}]},"17":{"loc":{"start":{"line":31,"column":24},"end":{"line":1,"column":null}},"type":"cond-expr","locations":[{"start":{"line":31,"column":31},"end":{"line":31,"column":103}},{"start":{"line":1,"column":0},"end":{"line":1,"column":null}}]},"18":{"loc":{"start":{"line":34,"column":19},"end":{"line":1,"column":null}},"type":"cond-expr","locations":[{"start":{"line":34,"column":67},"end":{"line":39,"column":86}},{"start":{"line":1,"column":0},"end":{"line":1,"column":null}}]},"19":{"loc":{"start":{"line":34,"column":19},"end":{"line":34,"column":null}},"type":"binary-expr","locations":[{"start":{"line":34,"column":19},"end":{"line":34,"column":42}},{"start":{"line":34,"column":42},"end":{"line":34,"column":67}},{"start":{"line":34,"column":56},"end":{"line":34,"column":null}}]},"20":{"loc":{"start":{"line":40,"column":15},"end":{"line":39,"column":86}},"type":"binary-expr","locations":[{"start":{"line":40,"column":15},"end":{"line":40,"column":null}},{"start":{"line":40,"column":15},"end":{"line":39,"column":86}}]}},"s":{"0":3114,"1":3114,"2":3114,"3":3114,"4":3114,"5":3114,"6":3114,"7":3114,"8":3114,"9":1762,"10":3114,"11":1403,"12":16,"13":16,"14":16,"15":1387,"16":1387,"17":3114,"18":538,"19":538,"20":538,"21":538,"22":3114,"23":3736,"24":3114,"25":1528,"26":1528,"27":0,"28":0,"29":3114,"30":1762,"31":1528,"32":1528,"33":1528,"34":1528,"35":495,"36":1528,"37":1528,"38":12,"39":12,"40":3114,"41":3735,"42":621,"43":2,"44":2,"45":619,"46":559,"47":292,"48":146,"49":146,"50":146,"51":6825,"52":1403,"53":40096,"54":0,"55":31},"f":{"0":1762,"1":1403,"2":538,"3":3736,"4":1528,"5":1762,"6":3735,"7":621,"8":41499,"9":31},"b":{"0":[474,1288],"1":[16,1387],"2":[1528,0],"3":[1528],"4":[495],"5":[1528,1363,1359],"6":[12],"7":[1528,238,224],"8":[2,619],"9":[621,349],"10":[559],"11":[6825,3114],"12":[1532,5293],"13":[1984,4841],"14":[6825,2200],"15":[1173],"16":[1173,430],"17":[0,40096],"18":[14,1970],"19":[1984,323,126],"20":[14,7]}}
,"/home/yannick/Documents/Projects/OnroerendErfgoed/vue_component_library/src/components/dumb/OeButton.vue": {"path":"/home/yannick/Documents/Projects/OnroerendErfgoed/vue_component_library/src/components/dumb/OeButton.vue","statementMap":{"0":{"start":{"line":2,"column":2},"end":{"line":1,"column":null}},"1":{"start":{"line":3,"column":17},"end":{"line":3,"column":null}}},"fnMap":{"0":{"name":"(anonymous_3)","decl":{"start":{"line":3,"column":4},"end":{"line":3,"column":17}},"loc":{"start":{"line":3,"column":17},"end":{"line":3,"column":null}}}},"branchMap":{},"s":{"0":0,"1":0},"f":{"0":0},"b":{}}
,"/home/yannick/Documents/Projects/OnroerendErfgoed/vue_component_library/src/components/dumb/OeContainer.vue": {"path":"/home/yannick/Documents/Projects/OnroerendErfgoed/vue_component_library/src/components/dumb/OeContainer.vue","statementMap":{"0":{"start":{"line":37,"column":14},"end":{"line":37,"column":null}},"1":{"start":{"line":42,"column":13},"end":{"line":42,"column":null}},"2":{"start":{"line":47,"column":15},"end":{"line":54,"column":null}},"3":{"start":{"line":48,"column":2},"end":{"line":53,"column":null}},"4":{"start":{"line":52,"column":4},"end":{"line":52,"column":null}},"5":{"start":{"line":57,"column":33},"end":{"line":57,"column":null}},"6":{"start":{"line":58,"column":19},"end":{"line":58,"column":null}},"7":{"start":{"line":59,"column":17},"end":{"line":67,"column":null}},"8":{"start":{"line":60,"column":2},"end":{"line":66,"column":null}},"9":{"start":{"line":61,"column":4},"end":{"line":61,"column":null}},"10":{"start":{"line":62,"column":4},"end":{"line":62,"column":null}},"11":{"start":{"line":64,"column":4},"end":{"line":64,"column":null}},"12":{"start":{"line":65,"column":4},"end":{"line":65,"column":null}},"13":{"start":{"line":2,"column":7},"end":{"line":2,"column":null}},"14":{"start":{"line":2,"column":2},"end":{"line":1,"column":null}},"15":{"start":{"line":6,"column":14},"end":{"line":6,"column":null}},"16":{"start":{"line":7,"column":16},"end":{"line":7,"column":null}},"17":{"start":{"line":14,"column":8},"end":{"line":1,"column":null}},"18":{"start":{"line":21,"column":36},"end":{"line":21,"column":null}},"19":{"start":{"line":22,"column":18},"end":{"line":22,"column":null}},"20":{"start":{"line":24,"column":26},"end":{"line":null,"column":-1}}},"fnMap":{"0":{"name":"(anonymous_2)","decl":{"start":{"line":47,"column":15},"end":{"line":47,"column":16}},"loc":{"start":{"line":47,"column":45},"end":{"line":54,"column":null}}},"1":{"name":"(anonymous_3)","decl":{"start":{"line":59,"column":17},"end":{"line":59,"column":18}},"loc":{"start":{"line":59,"column":50},"end":{"line":67,"column":null}}},"2":{"name":"(anonymous_8)","decl":{"start":{"line":6,"column":12},"end":{"line":6,"column":14}},"loc":{"start":{"line":6,"column":14},"end":{"line":6,"column":null}}},"3":{"name":"(anonymous_9)","decl":{"start":{"line":7,"column":14},"end":{"line":7,"column":16}},"loc":{"start":{"line":7,"column":16},"end":{"line":7,"column":null}}},"4":{"name":"(anonymous_12)","decl":{"start":{"line":21,"column":16},"end":{"line":21,"column":19}},"loc":{"start":{"line":21,"column":36},"end":{"line":21,"column":null}}},"5":{"name":"(anonymous_13)","decl":{"start":{"line":22,"column":16},"end":{"line":22,"column":18}},"loc":{"start":{"line":22,"column":18},"end":{"line":22,"column":null}}},"6":{"name":"(anonymous_14)","decl":{"start":{"line":24,"column":10},"end":{"line":24,"column":13}},"loc":{"start":{"line":24,"column":26},"end":{"line":null,"column":-1}}}},"branchMap":{"0":{"loc":{"start":{"line":48,"column":2},"end":{"line":53,"column":null}},"type":"if","locations":[{"start":{"line":48,"column":2},"end":{"line":53,"column":null}}]},"1":{"loc":{"start":{"line":49,"column":5},"end":{"line":50,"column":null}},"type":"binary-expr","locations":[{"start":{"line":49,"column":5},"end":{"line":49,"column":null}},{"start":{"line":50,"column":5},"end":{"line":50,"column":null}}]},"2":{"loc":{"start":{"line":59,"column":30},"end":{"line":59,"column":50}},"type":"default-arg","locations":[{"start":{"line":59,"column":40},"end":{"line":59,"column":50}}]},"3":{"loc":{"start":{"line":60,"column":2},"end":{"line":66,"column":null}},"type":"if","locations":[{"start":{"line":60,"column":2},"end":{"line":66,"column":null}},{"start":{"line":63,"column":9},"end":{"line":66,"column":null}}]},"4":{"loc":{"start":{"line":60,"column":6},"end":{"line":60,"column":65}},"type":"binary-expr","locations":[{"start":{"line":60,"column":6},"end":{"line":60,"column":17}},{"start":{"line":60,"column":17},"end":{"line":60,"column":49}},{"start":{"line":60,"column":49},"end":{"line":60,"column":65}}]},"5":{"loc":{"start":{"line":28,"column":8},"end":{"line":1,"column":null}},"type":"cond-expr","locations":[{"start":{"line":4,"column":19},"end":{"line":7,"column":null}},{"start":{"line":1,"column":0},"end":{"line":1,"column":null}}]},"6":{"loc":{"start":{"line":6,"column":12},"end":{"line":6,"column":null}},"type":"binary-expr","locations":[{"start":{"line":6,"column":12},"end":{"line":6,"column":14}},{"start":{"line":6,"column":12},"end":{"line":6,"column":null}}]},"7":{"loc":{"start":{"line":7,"column":14},"end":{"line":7,"column":null}},"type":"binary-expr","locations":[{"start":{"line":7,"column":14},"end":{"line":7,"column":16}},{"start":{"line":7,"column":14},"end":{"line":7,"column":null}}]},"8":{"loc":{"start":{"line":12,"column":15},"end":{"line":1,"column":null}},"type":"cond-expr","locations":[{"start":{"line":12,"column":26},"end":{"line":1,"column":null}},{"start":{"line":1,"column":0},"end":{"line":1,"column":null}}]}},"s":{"0":137,"1":137,"2":137,"3":27,"4":7,"5":137,"6":137,"7":137,"8":26,"9":12,"10":12,"11":14,"12":14,"13":90,"14":162,"15":5,"16":6,"17":270,"18":27,"19":20,"20":270},"f":{"0":27,"1":26,"2":5,"3":6,"4":27,"5":20,"6":270},"b":{"0":[7],"1":[27,27],"2":[20],"3":[12,14],"4":[26,20,16],"5":[158,4],"6":[158,133],"7":[158,133],"8":[115,47]}}
,"/home/yannick/Documents/Projects/OnroerendErfgoed/vue_component_library/src/components/dumb/OeDatepicker.vue": {"path":"/home/yannick/Documents/Projects/OnroerendErfgoed/vue_component_library/src/components/dumb/OeDatepicker.vue","statementMap":{"0":{"start":{"line":29,"column":23},"end":{"line":29,"column":null}},"1":{"start":{"line":30,"column":27},"end":{"line":30,"column":null}},"2":{"start":{"line":24,"column":14},"end":{"line":24,"column":null}},"3":{"start":{"line":25,"column":19},"end":{"line":25,"column":null}},"4":{"start":{"line":26,"column":23},"end":{"line":26,"column":null}},"5":{"start":{"line":27,"column":17},"end":{"line":27,"column":null}},"6":{"start":{"line":27,"column":32},"end":{"line":27,"column":74}},"7":{"start":{"line":32,"column":23},"end":{"line":34,"column":null}},"8":{"start":{"line":33,"column":2},"end":{"line":33,"column":null}},"9":{"start":{"line":36,"column":18},"end":{"line":40,"column":null}},"10":{"start":{"line":37,"column":17},"end":{"line":37,"column":null}},"11":{"start":{"line":38,"column":2},"end":{"line":38,"column":null}},"12":{"start":{"line":39,"column":2},"end":{"line":39,"column":null}},"13":{"start":{"line":42,"column":16},"end":{"line":54,"column":null}},"14":{"start":{"line":43,"column":2},"end":{"line":45,"column":null}},"15":{"start":{"line":44,"column":4},"end":{"line":44,"column":null}},"16":{"start":{"line":47,"column":2},"end":{"line":50,"column":null}},"17":{"start":{"line":48,"column":4},"end":{"line":48,"column":null}},"18":{"start":{"line":49,"column":4},"end":{"line":49,"column":null}},"19":{"start":{"line":52,"column":2},"end":{"line":52,"column":null}},"20":{"start":{"line":53,"column":2},"end":{"line":53,"column":null}},"21":{"start":{"line":2,"column":2},"end":{"line":1,"column":null}},"22":{"start":{"line":14,"column":33},"end":{"line":14,"column":null}}},"fnMap":{"0":{"name":"(anonymous_1)","decl":{"start":{"line":27,"column":26},"end":{"line":27,"column":32}},"loc":{"start":{"line":27,"column":32},"end":{"line":27,"column":74}}},"1":{"name":"(anonymous_2)","decl":{"start":{"line":32,"column":32},"end":{"line":32,"column":38}},"loc":{"start":{"line":32,"column":38},"end":{"line":34,"column":1}}},"2":{"name":"(anonymous_3)","decl":{"start":{"line":36,"column":18},"end":{"line":36,"column":19}},"loc":{"start":{"line":36,"column":36},"end":{"line":40,"column":null}}},"3":{"name":"(anonymous_4)","decl":{"start":{"line":42,"column":16},"end":{"line":42,"column":17}},"loc":{"start":{"line":42,"column":44},"end":{"line":54,"column":null}}},"4":{"name":"(anonymous_8)","decl":{"start":{"line":14,"column":7},"end":{"line":14,"column":33}},"loc":{"start":{"line":14,"column":33},"end":{"line":14,"column":null}}}},"branchMap":{"0":{"loc":{"start":{"line":27,"column":32},"end":{"line":27,"column":74}},"type":"binary-expr","locations":[{"start":{"line":27,"column":32},"end":{"line":27,"column":56}},{"start":{"line":27,"column":56},"end":{"line":27,"column":74}}]},"1":{"loc":{"start":{"line":33,"column":9},"end":{"line":33,"column":null}},"type":"cond-expr","locations":[{"start":{"line":33,"column":28},"end":{"line":33,"column":95}},{"start":{"line":33,"column":95},"end":{"line":33,"column":null}}]},"2":{"loc":{"start":{"line":43,"column":2},"end":{"line":45,"column":null}},"type":"if","locations":[{"start":{"line":43,"column":2},"end":{"line":45,"column":null}}]},"3":{"loc":{"start":{"line":47,"column":2},"end":{"line":50,"column":null}},"type":"if","locations":[{"start":{"line":47,"column":2},"end":{"line":50,"column":null}}]},"4":{"loc":{"start":{"line":47,"column":6},"end":{"line":47,"column":29}},"type":"binary-expr","locations":[{"start":{"line":47,"column":6},"end":{"line":47,"column":15}},{"start":{"line":47,"column":15},"end":{"line":47,"column":29}}]},"5":{"loc":{"start":{"line":53,"column":21},"end":{"line":53,"column":null}},"type":"cond-expr","locations":[{"start":{"line":53,"column":28},"end":{"line":53,"column":72}},{"start":{"line":53,"column":72},"end":{"line":53,"column":null}}]},"6":{"loc":{"start":{"line":13,"column":33},"end":{"line":1,"column":null}},"type":"cond-expr","locations":[{"start":{"line":13,"column":33},"end":{"line":1,"column":null}},{"start":{"line":1,"column":0},"end":{"line":1,"column":null}}]}},"s":{"0":101,"1":101,"2":101,"3":101,"4":101,"5":101,"6":101,"7":101,"8":254,"9":101,"10":230,"11":230,"12":230,"13":101,"14":75,"15":0,"16":75,"17":2,"18":2,"19":73,"20":73,"21":254,"22":0},"f":{"0":101,"1":254,"2":230,"3":75,"4":0},"b":{"0":[101,101],"1":[88,166],"2":[0],"3":[2],"4":[75,75],"5":[73,0],"6":[0,254]}}
,"/home/yannick/Documents/Projects/OnroerendErfgoed/vue_component_library/src/components/dumb/OeEditor.vue": {"path":"/home/yannick/Documents/Projects/OnroerendErfgoed/vue_component_library/src/components/dumb/OeEditor.vue","statementMap":{"0":{"start":{"line":102,"column":14},"end":{"line":102,"column":null}},"1":{"start":{"line":132,"column":16},"end":{"line":132,"column":null}},"2":{"start":{"line":132,"column":31},"end":{"line":132,"column":44}},"3":{"start":{"line":135,"column":0},"end":{"line":135,"column":null}},"4":{"start":{"line":136,"column":0},"end":{"line":136,"column":null}},"5":{"start":{"line":138,"column":0},"end":{"line":140,"column":null}},"6":{"start":{"line":139,"column":2},"end":{"line":139,"column":null}},"7":{"start":{"line":142,"column":0},"end":{"line":144,"column":null}},"8":{"start":{"line":143,"column":2},"end":{"line":143,"column":null}},"9":{"start":{"line":149,"column":15},"end":{"line":149,"column":null}},"10":{"start":{"line":150,"column":16},"end":{"line":200,"column":null}},"11":{"start":{"line":150,"column":32},"end":{"line":200,"column":2}},"12":{"start":{"line":157,"column":10},"end":{"line":159,"column":null}},"13":{"start":{"line":158,"column":12},"end":{"line":158,"column":null}},"14":{"start":{"line":162,"column":10},"end":{"line":164,"column":null}},"15":{"start":{"line":163,"column":12},"end":{"line":163,"column":null}},"16":{"start":{"line":167,"column":10},"end":{"line":169,"column":null}},"17":{"start":{"line":168,"column":12},"end":{"line":168,"column":null}},"18":{"start":{"line":172,"column":10},"end":{"line":174,"column":null}},"19":{"start":{"line":173,"column":12},"end":{"line":173,"column":null}},"20":{"start":{"line":203,"column":14},"end":{"line":203,"column":null}},"21":{"start":{"line":205,"column":0},"end":{"line":207,"column":null}},"22":{"start":{"line":206,"column":2},"end":{"line":206,"column":null}},"23":{"start":{"line":209,"column":0},"end":{"line":218,"column":null}},"24":{"start":{"line":210,"column":8},"end":{"line":210,"column":null}},"25":{"start":{"line":212,"column":4},"end":{"line":216,"column":null}},"26":{"start":{"line":213,"column":6},"end":{"line":213,"column":null}},"27":{"start":{"line":215,"column":6},"end":{"line":215,"column":null}},"28":{"start":{"line":1,"column":0},"end":{"line":1,"column":null}},"29":{"start":{"line":4,"column":11},"end":{"line":4,"column":null}},"30":{"start":{"line":2,"column":2},"end":{"line":1,"column":null}},"31":{"start":{"line":84,"column":15},"end":{"line":84,"column":null}},"32":{"start":{"line":87,"column":13},"end":{"line":87,"column":null}}},"fnMap":{"0":{"name":"(anonymous_2)","decl":{"start":{"line":132,"column":25},"end":{"line":132,"column":31}},"loc":{"start":{"line":132,"column":31},"end":{"line":132,"column":44}}},"1":{"name":"(anonymous_3)","decl":{"start":{"line":150,"column":25},"end":{"line":150,"column":32}},"loc":{"start":{"line":150,"column":32},"end":{"line":200,"column":2}}},"2":{"name":"(anonymous_4)","decl":{"start":{"line":156,"column":17},"end":{"line":156,"column":18}},"loc":{"start":{"line":156,"column":39},"end":{"line":160,"column":null}}},"3":{"name":"(anonymous_5)","decl":{"start":{"line":161,"column":16},"end":{"line":161,"column":17}},"loc":{"start":{"line":161,"column":38},"end":{"line":165,"column":null}}},"4":{"name":"(anonymous_6)","decl":{"start":{"line":166,"column":14},"end":{"line":166,"column":20}},"loc":{"start":{"line":166,"column":20},"end":{"line":170,"column":null}}},"5":{"name":"(anonymous_7)","decl":{"start":{"line":171,"column":14},"end":{"line":171,"column":20}},"loc":{"start":{"line":171,"column":20},"end":{"line":175,"column":null}}},"6":{"name":"(anonymous_8)","decl":{"start":{"line":205,"column":10},"end":{"line":205,"column":16}},"loc":{"start":{"line":205,"column":16},"end":{"line":207,"column":1}}},"7":{"name":"(anonymous_9)","decl":{"start":{"line":210,"column":2},"end":{"line":210,"column":8}},"loc":{"start":{"line":210,"column":8},"end":{"line":210,"column":null}}},"8":{"name":"(anonymous_10)","decl":{"start":{"line":211,"column":2},"end":{"line":211,"column":8}},"loc":{"start":{"line":211,"column":8},"end":{"line":217,"column":null}}},"9":{"name":"(anonymous_16)","decl":{"start":{"line":1,"column":0},"end":{"line":1,"column":null}},"loc":{"start":{"line":84,"column":15},"end":{"line":84,"column":null}}},"10":{"name":"(anonymous_17)","decl":{"start":{"line":87,"column":11},"end":{"line":87,"column":13}},"loc":{"start":{"line":87,"column":13},"end":{"line":87,"column":null}}}},"branchMap":{"0":{"loc":{"start":{"line":138,"column":0},"end":{"line":140,"column":null}},"type":"if","locations":[{"start":{"line":138,"column":0},"end":{"line":140,"column":null}}]},"1":{"loc":{"start":{"line":142,"column":0},"end":{"line":144,"column":null}},"type":"if","locations":[{"start":{"line":142,"column":0},"end":{"line":144,"column":null}}]},"2":{"loc":{"start":{"line":157,"column":10},"end":{"line":159,"column":null}},"type":"if","locations":[{"start":{"line":157,"column":10},"end":{"line":159,"column":null}}]},"3":{"loc":{"start":{"line":162,"column":10},"end":{"line":164,"column":null}},"type":"if","locations":[{"start":{"line":162,"column":10},"end":{"line":164,"column":null}}]},"4":{"loc":{"start":{"line":167,"column":10},"end":{"line":169,"column":null}},"type":"if","locations":[{"start":{"line":167,"column":10},"end":{"line":169,"column":null}}]},"5":{"loc":{"start":{"line":172,"column":10},"end":{"line":174,"column":null}},"type":"if","locations":[{"start":{"line":172,"column":10},"end":{"line":174,"column":null}}]},"6":{"loc":{"start":{"line":183,"column":8},"end":{"line":191,"column":null}},"type":"binary-expr","locations":[{"start":{"line":183,"column":8},"end":{"line":183,"column":30}},{"start":{"line":183,"column":30},"end":{"line":191,"column":null}}]},"7":{"loc":{"start":{"line":192,"column":8},"end":{"line":196,"column":null}},"type":"binary-expr","locations":[{"start":{"line":192,"column":8},"end":{"line":192,"column":36}},{"start":{"line":192,"column":36},"end":{"line":196,"column":null}}]},"8":{"loc":{"start":{"line":212,"column":4},"end":{"line":216,"column":null}},"type":"if","locations":[{"start":{"line":212,"column":4},"end":{"line":216,"column":null}},{"start":{"line":214,"column":11},"end":{"line":216,"column":null}}]},"9":{"loc":{"start":{"line":5,"column":19},"end":{"line":1,"column":null}},"type":"cond-expr","locations":[{"start":{"line":5,"column":43},"end":{"line":1,"column":null}},{"start":{"line":1,"column":0},"end":{"line":1,"column":null}}]},"10":{"loc":{"start":{"line":5,"column":19},"end":{"line":5,"column":49}},"type":"binary-expr","locations":[{"start":{"line":5,"column":19},"end":{"line":5,"column":35}},{"start":{"line":5,"column":35},"end":{"line":5,"column":49}}]},"11":{"loc":{"start":{"line":6,"column":24},"end":{"line":1,"column":null}},"type":"cond-expr","locations":[{"start":{"line":6,"column":32},"end":{"line":7,"column":64}},{"start":{"line":1,"column":0},"end":{"line":1,"column":null}}]},"12":{"loc":{"start":{"line":9,"column":24},"end":{"line":1,"column":null}},"type":"cond-expr","locations":[{"start":{"line":9,"column":32},"end":{"line":10,"column":65}},{"start":{"line":1,"column":0},"end":{"line":1,"column":null}}]},"13":{"loc":{"start":{"line":14,"column":19},"end":{"line":1,"column":null}},"type":"cond-expr","locations":[{"start":{"line":14,"column":27},"end":{"line":1,"column":null}},{"start":{"line":1,"column":0},"end":{"line":1,"column":null}}]},"14":{"loc":{"start":{"line":24,"column":14},"end":{"line":1,"column":null}},"type":"binary-expr","locations":[{"start":{"line":24,"column":14},"end":{"line":24,"column":null}},{"start":{"line":24,"column":14},"end":{"line":1,"column":null}}]},"15":{"loc":{"start":{"line":26,"column":19},"end":{"line":1,"column":null}},"type":"cond-expr","locations":[{"start":{"line":26,"column":49},"end":{"line":1,"column":null}},{"start":{"line":1,"column":0},"end":{"line":1,"column":null}}]},"16":{"loc":{"start":{"line":26,"column":19},"end":{"line":26,"column":60}},"type":"binary-expr","locations":[{"start":{"line":26,"column":19},"end":{"line":26,"column":41}},{"start":{"line":26,"column":41},"end":{"line":26,"column":60}}]},"17":{"loc":{"start":{"line":27,"column":24},"end":{"line":1,"column":null}},"type":"cond-expr","locations":[{"start":{"line":27,"column":32},"end":{"line":27,"column":null}},{"start":{"line":1,"column":0},"end":{"line":1,"column":null}}]},"18":{"loc":{"start":{"line":28,"column":24},"end":{"line":1,"column":null}},"type":"cond-expr","locations":[{"start":{"line":28,"column":32},"end":{"line":28,"column":null}},{"start":{"line":1,"column":0},"end":{"line":1,"column":null}}]},"19":{"loc":{"start":{"line":31,"column":19},"end":{"line":1,"column":null}},"type":"cond-expr","locations":[{"start":{"line":31,"column":82},"end":{"line":1,"column":null}},{"start":{"line":1,"column":0},"end":{"line":1,"column":null}}]},"20":{"loc":{"start":{"line":31,"column":19},"end":{"line":31,"column":90}},"type":"binary-expr","locations":[{"start":{"line":31,"column":19},"end":{"line":31,"column":35}},{"start":{"line":31,"column":35},"end":{"line":31,"column":53}},{"start":{"line":31,"column":53},"end":{"line":31,"column":74}},{"start":{"line":31,"column":74},"end":{"line":31,"column":90}}]},"21":{"loc":{"start":{"line":32,"column":24},"end":{"line":1,"column":null}},"type":"cond-expr","locations":[{"start":{"line":32,"column":32},"end":{"line":32,"column":null}},{"start":{"line":1,"column":0},"end":{"line":1,"column":null}}]},"22":{"loc":{"start":{"line":33,"column":24},"end":{"line":1,"column":null}},"type":"cond-expr","locations":[{"start":{"line":33,"column":32},"end":{"line":33,"column":null}},{"start":{"line":1,"column":0},"end":{"line":1,"column":null}}]},"23":{"loc":{"start":{"line":34,"column":24},"end":{"line":1,"column":null}},"type":"cond-expr","locations":[{"start":{"line":34,"column":32},"end":{"line":34,"column":null}},{"start":{"line":1,"column":0},"end":{"line":1,"column":null}}]},"24":{"loc":{"start":{"line":35,"column":24},"end":{"line":1,"column":null}},"type":"cond-expr","locations":[{"start":{"line":35,"column":32},"end":{"line":35,"column":null}},{"start":{"line":1,"column":0},"end":{"line":1,"column":null}}]},"25":{"loc":{"start":{"line":38,"column":19},"end":{"line":1,"column":null}},"type":"cond-expr","locations":[{"start":{"line":38,"column":44},"end":{"line":1,"column":null}},{"start":{"line":1,"column":0},"end":{"line":1,"column":null}}]},"26":{"loc":{"start":{"line":38,"column":19},"end":{"line":38,"column":56}},"type":"binary-expr","locations":[{"start":{"line":38,"column":19},"end":{"line":38,"column":36}},{"start":{"line":38,"column":36},"end":{"line":38,"column":56}}]},"27":{"loc":{"start":{"line":39,"column":24},"end":{"line":1,"column":null}},"type":"cond-expr","locations":[{"start":{"line":39,"column":32},"end":{"line":39,"column":null}},{"start":{"line":1,"column":0},"end":{"line":1,"column":null}}]},"28":{"loc":{"start":{"line":40,"column":24},"end":{"line":1,"column":null}},"type":"cond-expr","locations":[{"start":{"line":40,"column":32},"end":{"line":40,"column":null}},{"start":{"line":1,"column":0},"end":{"line":1,"column":null}}]},"29":{"loc":{"start":{"line":43,"column":19},"end":{"line":1,"column":null}},"type":"cond-expr","locations":[{"start":{"line":43,"column":42},"end":{"line":1,"column":null}},{"start":{"line":1,"column":0},"end":{"line":1,"column":null}}]},"30":{"loc":{"start":{"line":43,"column":19},"end":{"line":43,"column":49}},"type":"binary-expr","locations":[{"start":{"line":43,"column":19},"end":{"line":43,"column":34}},{"start":{"line":43,"column":34},"end":{"line":43,"column":49}}]},"31":{"loc":{"start":{"line":44,"column":24},"end":{"line":1,"column":null}},"type":"cond-expr","locations":[{"start":{"line":44,"column":32},"end":{"line":44,"column":null}},{"start":{"line":1,"column":0},"end":{"line":1,"column":null}}]},"32":{"loc":{"start":{"line":45,"column":24},"end":{"line":1,"column":null}},"type":"cond-expr","locations":[{"start":{"line":45,"column":32},"end":{"line":45,"column":null}},{"start":{"line":1,"column":0},"end":{"line":1,"column":null}}]},"33":{"loc":{"start":{"line":49,"column":16},"end":{"line":1,"column":null}},"type":"cond-expr","locations":[{"start":{"line":49,"column":99},"end":{"line":1,"column":null}},{"start":{"line":1,"column":0},"end":{"line":1,"column":null}}]},"34":{"loc":{"start":{"line":49,"column":16},"end":{"line":49,"column":null}},"type":"binary-expr","locations":[{"start":{"line":49,"column":16},"end":{"line":49,"column":35}},{"start":{"line":49,"column":35},"end":{"line":49,"column":54}},{"start":{"line":49,"column":54},"end":{"line":49,"column":72}},{"start":{"line":49,"column":72},"end":{"line":49,"column":91}},{"start":{"line":49,"column":91},"end":{"line":49,"column":null}}]},"35":{"loc":{"start":{"line":52,"column":24},"end":{"line":1,"column":null}},"type":"cond-expr","locations":[{"start":{"line":52,"column":32},"end":{"line":52,"column":null}},{"start":{"line":1,"column":0},"end":{"line":1,"column":null}}]},"36":{"loc":{"start":{"line":53,"column":24},"end":{"line":1,"column":null}},"type":"cond-expr","locations":[{"start":{"line":53,"column":32},"end":{"line":53,"column":null}},{"start":{"line":1,"column":0},"end":{"line":1,"column":null}}]},"37":{"loc":{"start":{"line":54,"column":24},"end":{"line":1,"column":null}},"type":"cond-expr","locations":[{"start":{"line":54,"column":32},"end":{"line":54,"column":null}},{"start":{"line":1,"column":0},"end":{"line":1,"column":null}}]},"38":{"loc":{"start":{"line":55,"column":24},"end":{"line":1,"column":null}},"type":"cond-expr","locations":[{"start":{"line":55,"column":32},"end":{"line":55,"column":null}},{"start":{"line":1,"column":0},"end":{"line":1,"column":null}}]},"39":{"loc":{"start":{"line":56,"column":24},"end":{"line":1,"column":null}},"type":"cond-expr","locations":[{"start":{"line":56,"column":32},"end":{"line":56,"column":null}},{"start":{"line":1,"column":0},"end":{"line":1,"column":null}}]},"40":{"loc":{"start":{"line":59,"column":19},"end":{"line":1,"column":null}},"type":"cond-expr","locations":[{"start":{"line":59,"column":77},"end":{"line":1,"column":null}},{"start":{"line":1,"column":0},"end":{"line":1,"column":null}}]},"41":{"loc":{"start":{"line":59,"column":19},"end":{"line":59,"column":86}},"type":"binary-expr","locations":[{"start":{"line":59,"column":19},"end":{"line":59,"column":35}},{"start":{"line":59,"column":35},"end":{"line":59,"column":52}},{"start":{"line":59,"column":52},"end":{"line":59,"column":69}},{"start":{"line":59,"column":69},"end":{"line":59,"column":86}}]},"42":{"loc":{"start":{"line":60,"column":24},"end":{"line":1,"column":null}},"type":"cond-expr","locations":[{"start":{"line":60,"column":32},"end":{"line":60,"column":null}},{"start":{"line":1,"column":0},"end":{"line":1,"column":null}}]},"43":{"loc":{"start":{"line":61,"column":24},"end":{"line":1,"column":null}},"type":"cond-expr","locations":[{"start":{"line":61,"column":32},"end":{"line":61,"column":null}},{"start":{"line":1,"column":0},"end":{"lin
[...]
Input","decl":{"start":{"line":339,"column":9},"end":{"line":339,"column":24}},"loc":{"start":{"line":339,"column":24},"end":{"line":343,"column":null}}},"24":{"name":"startSelect","decl":{"start":{"line":345,"column":9},"end":{"line":345,"column":23}},"loc":{"start":{"line":345,"column":23},"end":{"line":348,"column":null}}},"25":{"name":"startPerceelSelect","decl":{"start":{"line":350,"column":9},"end":{"line":350,"column":30}},"loc":{"start":{"line":350,"column":30},"end":{"line":356,"column":null}}},"26":{"name":"(anonymous_27)","decl":{"start":{"line":353,"column":48},"end":{"line":353,"column":49}},"loc":{"start":{"line":354,"column":4},"end":{"line":354,"column":null}}},"27":{"name":"startGebouwSelect","decl":{"start":{"line":358,"column":9},"end":{"line":358,"column":29}},"loc":{"start":{"line":358,"column":29},"end":{"line":364,"column":null}}},"28":{"name":"(anonymous_29)","decl":{"start":{"line":361,"column":48},"end":{"line":361,"column":49}},"loc":{"start":{"line":362,"column":4},"end":{"line":362,"column":null}}},"29":{"name":"startKunstwerkSelect","decl":{"start":{"line":366,"column":9},"end":{"line":366,"column":32}},"loc":{"start":{"line":366,"column":32},"end":{"line":372,"column":null}}},"30":{"name":"(anonymous_31)","decl":{"start":{"line":369,"column":48},"end":{"line":369,"column":49}},"loc":{"start":{"line":370,"column":4},"end":{"line":370,"column":null}}},"31":{"name":"_createInteractions","decl":{"start":{"line":374,"column":9},"end":{"line":374,"column":31}},"loc":{"start":{"line":374,"column":31},"end":{"line":389,"column":null}}},"32":{"name":"(anonymous_33)","decl":{"start":{"line":381,"column":30},"end":{"line":381,"column":31}},"loc":{"start":{"line":381,"column":39},"end":{"line":385,"column":5}}},"33":{"name":"removeGeometryObject","decl":{"start":{"line":391,"column":9},"end":{"line":391,"column":30}},"loc":{"start":{"line":391,"column":44},"end":{"line":403,"column":null}}},"34":{"name":"(anonymous_35)","decl":{"start":{"line":393,"column":65},"end":{"line":393,"column":66}},"loc":{"start":{"line":393,"column":78},"end":{"line":393,"column":115}}},"35":{"name":"(anonymous_36)","decl":{"start":{"line":394,"column":28},"end":{"line":394,"column":29}},"loc":{"start":{"line":394,"column":49},"end":{"line":396,"column":3}}},"36":{"name":"drawLayerToZone","decl":{"start":{"line":405,"column":9},"end":{"line":405,"column":27}},"loc":{"start":{"line":405,"column":27},"end":{"line":427,"column":null}}},"37":{"name":"(anonymous_38)","decl":{"start":{"line":408,"column":20},"end":{"line":408,"column":21}},"loc":{"start":{"line":408,"column":33},"end":{"line":419,"column":3}}},"38":{"name":"(anonymous_39)","decl":{"start":{"line":413,"column":33},"end":{"line":413,"column":34}},"loc":{"start":{"line":413,"column":55},"end":{"line":415,"column":7}}},"39":{"name":"formatGeoJson","decl":{"start":{"line":429,"column":9},"end":{"line":429,"column":23}},"loc":{"start":{"line":429,"column":42},"end":{"line":439,"column":null}}},"40":{"name":"addZoneToDrawLayer","decl":{"start":{"line":441,"column":9},"end":{"line":441,"column":30}},"loc":{"start":{"line":441,"column":30},"end":{"line":460,"column":null}}},"41":{"name":"(anonymous_42)","decl":{"start":{"line":445,"column":35},"end":{"line":445,"column":36}},"loc":{"start":{"line":445,"column":48},"end":{"line":447,"column":3}}},"42":{"name":"flashFeature","decl":{"start":{"line":462,"column":9},"end":{"line":462,"column":22}},"loc":{"start":{"line":462,"column":43},"end":{"line":477,"column":null}}},"43":{"name":"(anonymous_44)","decl":{"start":{"line":468,"column":37},"end":{"line":468,"column":38}},"loc":{"start":{"line":468,"column":50},"end":{"line":468,"column":94}}},"44":{"name":"(anonymous_45)","decl":{"start":{"line":470,"column":55},"end":{"line":470,"column":56}},"loc":{"start":{"line":470,"column":68},"end":{"line":470,"column":112}}},"45":{"name":"(anonymous_46)","decl":{"start":{"line":473,"column":15},"end":{"line":473,"column":21}},"loc":{"start":{"line":473,"column":21},"end":{"line":475,"column":7}}},"46":{"name":"(anonymous_61)","decl":{"start":{"line":21,"column":18},"end":{"line":21,"column":20}},"loc":{"start":{"line":21,"column":20},"end":{"line":21,"column":null}}},"47":{"name":"(anonymous_62)","decl":{"start":{"line":23,"column":12},"end":{"line":23,"column":31}},"loc":{"start":{"line":23,"column":71},"end":{"line":null,"column":-1}}},"48":{"name":"(anonymous_63)","decl":{"start":{"line":29,"column":18},"end":{"line":29,"column":20}},"loc":{"start":{"line":29,"column":20},"end":{"line":29,"column":null}}},"49":{"name":"(anonymous_64)","decl":{"start":{"line":31,"column":12},"end":{"line":31,"column":32}},"loc":{"start":{"line":31,"column":77},"end":{"line":null,"column":-1}}},"50":{"name":"(anonymous_65)","decl":{"start":{"line":40,"column":18},"end":{"line":40,"column":20}},"loc":{"start":{"line":40,"column":20},"end":{"line":40,"column":null}}},"51":{"name":"(anonymous_66)","decl":{"start":{"line":42,"column":12},"end":{"line":42,"column":31}},"loc":{"start":{"line":42,"column":73},"end":{"line":null,"column":-1}}},"52":{"name":"(anonymous_67)","decl":{"start":{"line":51,"column":18},"end":{"line":51,"column":20}},"loc":{"start":{"line":51,"column":20},"end":{"line":51,"column":null}}},"53":{"name":"(anonymous_68)","decl":{"start":{"line":53,"column":12},"end":{"line":53,"column":31}},"loc":{"start":{"line":53,"column":67},"end":{"line":null,"column":-1}}},"54":{"name":"(anonymous_69)","decl":{"start":{"line":62,"column":18},"end":{"line":62,"column":20}},"loc":{"start":{"line":62,"column":20},"end":{"line":62,"column":null}}},"55":{"name":"(anonymous_70)","decl":{"start":{"line":64,"column":12},"end":{"line":64,"column":31}},"loc":{"start":{"line":64,"column":67},"end":{"line":null,"column":-1}}},"56":{"name":"(anonymous_71)","decl":{"start":{"line":72,"column":18},"end":{"line":72,"column":20}},"loc":{"start":{"line":72,"column":20},"end":{"line":72,"column":null}}},"57":{"name":"(anonymous_72)","decl":{"start":{"line":73,"column":13},"end":{"line":73,"column":16}},"loc":{"start":{"line":73,"column":16},"end":{"line":73,"column":null}}},"58":{"name":"(anonymous_73)","decl":{"start":{"line":87,"column":82},"end":{"line":87,"column":84}},"loc":{"start":{"line":87,"column":84},"end":{"line":87,"column":99}}},"59":{"name":"(anonymous_74)","decl":{"start":{"line":87,"column":99},"end":{"line":87,"column":105}},"loc":{"start":{"line":87,"column":105},"end":{"line":87,"column":117}}},"60":{"name":"(anonymous_75)","decl":{"start":{"line":89,"column":78},"end":{"line":89,"column":80}},"loc":{"start":{"line":89,"column":80},"end":{"line":89,"column":null}}},"61":{"name":"(anonymous_76)","decl":{"start":{"line":90,"column":10},"end":{"line":90,"column":29}},"loc":{"start":{"line":90,"column":63},"end":{"line":null,"column":-1}}},"62":{"name":"(anonymous_78)","decl":{"start":{"line":98,"column":96},"end":{"line":98,"column":98}},"loc":{"start":{"line":98,"column":98},"end":{"line":98,"column":null}}},"63":{"name":"(anonymous_79)","decl":{"start":{"line":99,"column":12},"end":{"line":99,"column":31}},"loc":{"start":{"line":99,"column":55},"end":{"line":null,"column":-1}}},"64":{"name":"(anonymous_80)","decl":{"start":{"line":105,"column":18},"end":{"line":105,"column":20}},"loc":{"start":{"line":105,"column":20},"end":{"line":105,"column":null}}},"65":{"name":"(anonymous_81)","decl":{"start":{"line":107,"column":12},"end":{"line":107,"column":31}},"loc":{"start":{"line":107,"column":57},"end":{"line":null,"column":-1}}},"66":{"name":"(anonymous_82)","decl":{"start":{"line":113,"column":18},"end":{"line":113,"column":20}},"loc":{"start":{"line":113,"column":20},"end":{"line":113,"column":null}}},"67":{"name":"(anonymous_83)","decl":{"start":{"line":115,"column":12},"end":{"line":115,"column":31}},"loc":{"start":{"line":115,"column":50},"end":{"line":null,"column":-1}}}},"branchMap":{"0":{"loc":{"start":{"line":200,"column":4},"end":{"line":203,"column":null}},"type":"if","locations":[{"start":{"line":200,"column":4},"end":{"line":203,"column":null}}]},"1":{"loc":{"start":{"line":227,"column":6},"end":{"line":238,"column":null}},"type":"if","locations":[{"start":{"line":227,"column":6},"end":{"line":238,"column":null}},{"start":{"line":236,"column":13},"end":{"line":238,"column":null}}]},"2":{"loc":{"start":{"line":229,"column":8},"end":{"line":235,"column":null}},"type":"if","locations":[{"start":{"line":229,"column":8},"end":{"line":235,"column":null}}]},"3":{"loc":{"start":{"line":231,"column":10},"end":{"line":234,"column":null}},"type":"if","locations":[{"start":{"line":231,"column":10},"end":{"line":234,"column":null}}]},"4":{"loc":{"start":{"line":258,"column":12},"end":{"line":258,"column":null}},"type":"binary-expr","locations":[{"start":{"line":258,"column":12},"end":{"line":258,"column":35}},{"start":{"line":258,"column":35},"end":{"line":258,"column":null}}]},"5":{"loc":{"start":{"line":280,"column":24},"end":{"line":280,"column":49}},"type":"default-arg","locations":[{"start":{"line":280,"column":42},"end":{"line":280,"column":49}}]},"6":{"loc":{"start":{"line":280,"column":49},"end":{"line":280,"column":82}},"type":"default-arg","locations":[{"start":{"line":280,"column":71},"end":{"line":280,"column":82}}]},"7":{"loc":{"start":{"line":284,"column":25},"end":{"line":284,"column":null}},"type":"cond-expr","locations":[{"start":{"line":284,"column":43},"end":{"line":284,"column":50}},{"start":{"line":284,"column":50},"end":{"line":284,"column":null}}]},"8":{"loc":{"start":{"line":286,"column":4},"end":{"line":291,"column":null}},"type":"if","locations":[{"start":{"line":286,"column":4},"end":{"line":291,"column":null}},{"start":{"line":289,"column":11},"end":{"line":291,"column":null}}]},"9":{"loc":{"start":{"line":297,"column":2},"end":{"line":299,"column":null}},"type":"if","locations":[{"start":{"line":297,"column":2},"end":{"line":299,"column":null}}]},"10":{"loc":{"start":{"line":323,"column":2},"end":{"line":323,"column":null}},"type":"if","locations":[{"start":{"line":323,"column":2},"end":{"line":323,"column":null}}]},"11":{"loc":{"start":{"line":334,"column":2},"end":{"line":334,"column":null}},"type":"if","locations":[{"start":{"line":334,"column":2},"end":{"line":334,"column":null}}]},"12":{"loc":{"start":{"line":382,"column":19},"end":{"line":382,"column":null}},"type":"cond-expr","locations":[{"start":{"line":382,"column":39},"end":{"line":382,"column":67}},{"start":{"line":382,"column":67},"end":{"line":382,"column":null}}]},"13":{"loc":{"start":{"line":398,"column":2},"end":{"line":400,"column":null}},"type":"if","locations":[{"start":{"line":398,"column":2},"end":{"line":400,"column":null}}]},"14":{"loc":{"start":{"line":410,"column":4},"end":{"line":418,"column":null}},"type":"if","locations":[{"start":{"line":410,"column":4},"end":{"line":418,"column":null}},{"start":{"line":412,"column":4},"end":{"line":418,"column":null}}]},"15":{"loc":{"start":{"line":412,"column":4},"end":{"line":418,"column":null}},"type":"if","locations":[{"start":{"line":412,"column":4},"end":{"line":418,"column":null}},{"start":{"line":416,"column":4},"end":{"line":418,"column":null}}]},"16":{"loc":{"start":{"line":416,"column":4},"end":{"line":418,"column":null}},"type":"if","locations":[{"start":{"line":416,"column":4},"end":{"line":418,"column":null}}]},"17":{"loc":{"start":{"line":422,"column":2},"end":{"line":426,"column":null}},"type":"if","locations":[{"start":{"line":422,"column":2},"end":{"line":426,"column":null}},{"start":{"line":424,"column":9},"end":{"line":426,"column":null}}]},"18":{"loc":{"start":{"line":442,"column":2},"end":{"line":442,"column":null}},"type":"if","locations":[{"start":{"line":442,"column":2},"end":{"line":442,"column":null}}]},"19":{"loc":{"start":{"line":450,"column":2},"end":{"line":450,"column":null}},"type":"if","locations":[{"start":{"line":450,"column":2},"end":{"line":450,"column":null}}]},"20":{"loc":{"start":{"line":451,"column":22},"end":{"line":451,"column":null}},"type":"cond-expr","locations":[{"start":{"line":451,"column":54},"end":{"line":451,"column":81}},{"start":{"line":451,"column":81},"end":{"line":451,"column":null}}]},"21":{"loc":{"start":{"line":454,"column":17},"end":{"line":454,"column":null}},"type":"cond-expr","locations":[{"start":{"line":454,"column":42},"end":{"line":454,"column":72}},{"start":{"line":454,"column":72},"end":{"line":454,"column":null}}]},"22":{"loc":{"start":{"line":463,"column":2},"end":{"line":463,"column":null}},"type":"if","locations":[{"start":{"line":463,"column":2},"end":{"line":463,"column":null}}]},"23":{"loc":{"start":{"line":463,"column":6},"end":{"line":463,"column":33}},"type":"binary-expr","locations":[{"start":{"line":463,"column":6},"end":{"line":463,"column":21}},{"start":{"line":463,"column":21},"end":{"line":463,"column":33}}]},"24":{"loc":{"start":{"line":468,"column":2},"end":{"line":468,"column":null}},"type":"if","locations":[{"start":{"line":468,"column":2},"end":{"line":468,"column":null}}]},"25":{"loc":{"start":{"line":471,"column":2},"end":{"line":476,"column":null}},"type":"if","locations":[{"start":{"line":471,"column":2},"end":{"line":476,"column":null}}]},"26":{"loc":{"start":{"line":1,"column":0},"end":{"line":2,"column":81}},"type":"binary-expr","locations":[{"start":{"line":1,"column":0},"end":{"line":2,"column":54}},{"start":{"line":2,"column":54},"end":{"line":2,"column":81}}]},"27":{"loc":{"start":{"line":10,"column":18},"end":{"line":1,"column":null}},"type":"cond-expr","locations":[{"start":{"line":10,"column":18},"end":{"line":10,"column":77}},{"start":{"line":1,"column":0},"end":{"line":1,"column":null}}]},"28":{"loc":{"start":{"line":14,"column":15},"end":{"line":1,"column":null}},"type":"cond-expr","locations":[{"start":{"line":14,"column":15},"end":{"line":1,"column":null}},{"start":{"line":1,"column":0},"end":{"line":1,"column":null}}]},"29":{"loc":{"start":{"line":16,"column":25},"end":{"line":76,"column":null}},"type":"cond-expr","locations":[{"start":{"line":16,"column":25},"end":{"line":76,"column":null}}]},"30":{"loc":{"start":{"line":21,"column":18},"end":{"line":21,"column":null}},"type":"binary-expr","locations":[{"start":{"line":21,"column":18},"end":{"line":21,"column":20}},{"start":{"line":21,"column":18},"end":{"line":21,"column":null}}]},"31":{"loc":{"start":{"line":29,"column":18},"end":{"line":29,"column":null}},"type":"binary-expr","locations":[{"start":{"line":29,"column":18},"end":{"line":29,"column":20}},{"start":{"line":29,"column":18},"end":{"line":29,"column":null}}]},"32":{"loc":{"start":{"line":34,"column":18},"end":{"line":1,"column":null}},"type":"cond-expr","locations":[{"start":{"line":34,"column":44},"end":{"line":1,"column":null}},{"start":{"line":1,"column":0},"end":{"line":1,"column":null}}]},"33":{"loc":{"start":{"line":40,"column":18},"end":{"line":40,"column":null}},"type":"binary-expr","locations":[{"start":{"line":40,"column":18},"end":{"line":40,"column":20}},{"start":{"line":40,"column":18},"end":{"line":40,"column":null}}]},"34":{"loc":{"start":{"line":45,"column":18},"end":{"line":1,"column":null}},"type":"cond-expr","locations":[{"start":{"line":45,"column":44},"end":{"line":1,"column":null}},{"start":{"line":1,"column":0},"end":{"line":1,"column":null}}]},"35":{"loc":{"start":{"line":51,"column":18},"end":{"line":51,"column":null}},"type":"binary-expr","locations":[{"start":{"line":51,"column":18},"end":{"line":51,"column":20}},{"start":{"line":51,"column":18},"end":{"line":51,"column":null}}]},"36":{"loc":{"start":{"line":56,"column":18},"end":{"line":1,"column":null}},"type":"cond-expr","locations":[{"start":{"line":56,"column":44},"end":{"line":1,"column":null}},{"start":{"line":1,"column":0},"end":{"line":1,"column":null}}]},"37":{"loc":{"start":{"line":62,"column":18},"end":{"line":62,"column":null}},"type":"binary-expr","locations":[{"start":{"line":62,"column":18},"end":{"line":62,"column":20}},{"start":{"line":62,"column":18},"end":{"line":62,"column":null}}]},"38":{"loc":{"start":{"line":72,"column":18},"end":{"line":72,"column":null}},"type":"binary-expr","locations":[{"start":{"line":72,"column":18},"end":{"line":72,"column":20}},{"start":{"line":72,"column":18},"end":{"line":72,"column":null}}]},"39":{"loc":{"start":{"line":73,"column":16},"end":{"line":73,"column":null}},"type":"binary-expr","locations":[{"start":{"line":73,"column":16},"end":{"line":73,"column":null}},{"start":{"line":73,"column":16},"end":{"line":73,"column":null}}]},"40":{"loc":{"start":{"line":87,"column":82},"end":{"line":87,"column":99}},"type":"binary-expr","locations":[{"start":{"line":87,"column":82},"end":{"line":87,"column":84}},{"start":{"line":87,"column":82},"end":{"line":87,"column":99}}]},"41":{"loc":{"start":{"line":87,"column":105},"end":{"line":87,"column":117}},"type":"binary-expr","locations":[{"start":{"line":87,"column":105},"end":{"line":87,"column":117}},{"start":{"line":87,"column":105},"end":{"line":87,"column":117}}]},"42":{"loc":{"start":{"line":89,"column":78},"end":{"line":89,"column":null}},"type":"binary-expr","locations":[{"start":{"line":89,"column":78},"end":{"line":89,"column":80}},{"start":{"line":89,"column":78},"end":{"line":89,"column":null}}]},"43":{"loc":{"start":{"line":94,"column":6},"end":{"line":94,"column":9}},"type":"binary-expr","locations":[{"start":{"line":94,"column":6},"end":{"line":94,"column":9}}]}},"s":{"0":35,"1":35,"2":35,"3":35,"4":35,"5":35,"6":35,"7":35,"8":35,"9":35,"10":35,"11":35,"12":35,"13":35,"14":35,"15":35,"16":35,"17":35,"18":35,"19":35,"20":35,"21":35,"22":18,"23":35,"24":35,"25":35,"26":35,"27":35,"28":12,"29":35,"30":0,"31":35,"32":35,"33":0,"34":0,"35":0,"36":35,"37":35,"38":35,"39":27,"40":168,"41":27,"42":35,"43":0,"44":0,"45":0,"46":0,"47":0,"48":0,"49":0,"50":0,"51":0,"52":0,"53":35,"54":20,"55":12250,"56":12250,"57":70,"58":18,"59":70,"60":18,"61":70,"62":70,"63":70,"64":70,"65":7,"66":7,"67":7,"68":7,"69":7,"70":14,"71":7,"72":7,"73":7,"74":7,"75":7,"76":0,"77":7,"78":7,"79":7,"80":7,"81":7,"82":7,"83":7,"84":7,"85":7,"86":7,"87":0,"88":0,"89":7,"90":7,"91":0,"92":7,"93":0,"94":0,"95":0,"96":0,"97":0,"98":0,"99":7,"100":7,"101":7,"102":0,"103":0,"104":0,"105":0,"106":0,"107":0,"108":0,"109":0,"110":0,"111":0,"112":0,"113":0,"114":0,"115":0,"116":35,"117":35,"118":70,"119":0,"120":0,"121":0,"122":70,"123":35,"124":5,"125":5,"126":5,"127":5,"128":5,"129":5,"130":5,"131":5,"132":5,"133":23,"134":23,"135":23,"136":18,"137":18,"138":11,"139":7,"140":7,"141":7,"142":0,"143":0,"144":23,"145":23,"146":7,"147":16,"148":23,"149":23,"150":23,"151":35,"152":0,"153":35,"154":35,"155":0,"156":35,"157":35,"158":24,"159":11,"160":11,"161":11,"162":11,"163":11,"164":11,"165":11,"166":0,"167":0,"168":0,"169":0,"170":0,"171":0,"172":0,"173":0,"174":0,"175":0,"176":0,"177":0,"178":0,"179":0,"180":20,"181":0,"182":20,"183":0,"184":20,"185":0,"186":2,"187":0,"188":0,"189":7,"190":20,"191":7,"192":7,"193":0,"194":20,"195":0,"196":18,"197":0,"198":18,"199":5,"200":18},"f":{"0":18,"1":12,"2":0,"3":35,"4":0,"5":35,"6":27,"7":168,"8":27,"9":0,"10":0,"11":0,"12":20,"13":12250,"14":70,"15":18,"16":18,"17":7,"18":7,"19":7,"20":7,"21":0,"22":0,"23":7,"24":0,"25":0,"26":0,"27":0,"28":0,"29":0,"30":0,"31":35,"32":0,"33":5,"34":5,"35":5,"36":23,"37":18,"38":7,"39":23,"40":35,"41":0,"42":0,"43":0,"44":0,"45":0,"46":0,"47":20,"48":0,"49":20,"50":0,"51":20,"52":0,"53":2,"54":0,"55":0,"56":7,"57":20,"58":7,"59":7,"60":0,"61":20,"62":0,"63":18,"64":0,"65":18,"66":5,"67":18},"b":{"0":[0],"1":[0,0],"2":[0],"3":[0],"4":[18,0],"5":[0],"6":[7],"7":[0,7],"8":[7,7],"9":[0],"10":[0],"11":[0],"12":[0,0],"13":[5],"14":[11,7],"15":[7,0],"16":[0],"17":[7,16],"18":[0],"19":[24],"20":[0,11],"21":[0,11],"22":[0],"23":[0,0],"24":[0],"25":[0],"26":[67,32],"27":[20,35],"28":[32,35],"29":[20],"30":[20,20],"31":[20,20],"32":[20,0],"33":[20,20],"34":[2,18],"35":[2,2],"36":[0,20],"37":[0,0],"38":[20,20],"39":[20,20],"40":[21,7],"41":[7,7],"42":[41,20],"43":[32]}}
}
