{"total": {"lines":{"total":1285,"covered":1013,"skipped":0,"pct":78.83},"statements":{"total":1393,"covered":1087,"skipped":0,"pct":78.03},"functions":{"total":420,"covered":319,"skipped":0,"pct":75.95},"branches":{"total":918,"covered":630,"skipped":0,"pct":68.62},"branchesTrue":{"total":0,"covered":0,"skipped":0,"pct":100}}
,"/home/yannick/Documents/Projects/OnroerendErfgoed/vue_component_library/src/components/dumb/ClipboardCopy.vue": {"lines":{"total":8,"covered":1,"skipped":0,"pct":12.5},"functions":{"total":2,"covered":0,"skipped":0,"pct":0},"statements":{"total":8,"covered":1,"skipped":0,"pct":12.5},"branches":{"total":2,"covered":0,"skipped":0,"pct":0}}
,"/home/yannick/Documents/Projects/OnroerendErfgoed/vue_component_library/src/components/dumb/FilterDatepicker.vue": {"lines":{"total":10,"covered":10,"skipped":0,"pct":100},"functions":{"total":2,"covered":2,"skipped":0,"pct":100},"statements":{"total":10,"covered":10,"skipped":0,"pct":100},"branches":{"total":2,"covered":2,"skipped":0,"pct":100}}
,"/home/yannick/Documents/Projects/OnroerendErfgoed/vue_component_library/src/components/dumb/FilterInput.vue": {"lines":{"total":33,"covered":33,"skipped":0,"pct":100},"functions":{"total":13,"covered":13,"skipped":0,"pct":100},"statements":{"total":39,"covered":39,"skipped":0,"pct":100},"branches":{"total":17,"covered":16,"skipped":0,"pct":94.11}}
,"/home/yannick/Documents/Projects/OnroerendErfgoed/vue_component_library/src/components/dumb/FilterRadio.vue": {"lines":{"total":6,"covered":6,"skipped":0,"pct":100},"functions":{"total":3,"covered":3,"skipped":0,"pct":100},"statements":{"total":7,"covered":7,"skipped":0,"pct":100},"branches":{"total":0,"covered":0,"skipped":0,"pct":100}}
,"/home/yannick/Documents/Projects/OnroerendErfgoed/vue_component_library/src/components/dumb/FilterSelect.vue": {"lines":{"total":6,"covered":6,"skipped":0,"pct":100},"functions":{"total":2,"covered":2,"skipped":0,"pct":100},"statements":{"total":7,"covered":7,"skipped":0,"pct":100},"branches":{"total":0,"covered":0,"skipped":0,"pct":100}}
,"/home/yannick/Documents/Projects/OnroerendErfgoed/vue_component_library/src/components/dumb/FilterText.vue": {"lines":{"total":4,"covered":4,"skipped":0,"pct":100},"functions":{"total":1,"covered":1,"skipped":0,"pct":100},"statements":{"total":5,"covered":5,"skipped":0,"pct":100},"branches":{"total":0,"covered":0,"skipped":0,"pct":100}}
,"/home/yannick/Documents/Projects/OnroerendErfgoed/vue_component_library/src/components/dumb/GridWorkflow.vue": {"lines":{"total":46,"covered":35,"skipped":0,"pct":76.08},"functions":{"total":14,"covered":14,"skipped":0,"pct":100},"statements":{"total":51,"covered":40,"skipped":0,"pct":78.43},"branches":{"total":17,"covered":15,"skipped":0,"pct":88.23}}
,"/home/yannick/Documents/Projects/OnroerendErfgoed/vue_component_library/src/components/dumb/InputPhone.vue": {"lines":{"total":38,"covered":37,"skipped":0,"pct":97.36},"functions":{"total":16,"covered":14,"skipped":0,"pct":87.5},"statements":{"total":41,"covered":39,"skipped":0,"pct":95.12},"branches":{"total":30,"covered":30,"skipped":0,"pct":100}}
,"/home/yannick/Documents/Projects/OnroerendErfgoed/vue_component_library/src/components/dumb/NoRowsOverlay.vue": {"lines":{"total":2,"covered":2,"skipped":0,"pct":100},"functions":{"total":0,"covered":0,"skipped":0,"pct":100},"statements":{"total":2,"covered":2,"skipped":0,"pct":100},"branches":{"total":0,"covered":0,"skipped":0,"pct":100}}
,"/home/yannick/Documents/Projects/OnroerendErfgoed/vue_component_library/src/components/dumb/OeActorWidgetDetail.vue": {"lines":{"total":22,"covered":21,"skipped":0,"pct":95.45},"functions":{"total":13,"covered":13,"skipped":0,"pct":100},"statements":{"total":22,"covered":21,"skipped":0,"pct":95.45},"branches":{"total":20,"covered":18,"skipped":0,"pct":90}}
,"/home/yannick/Documents/Projects/OnroerendErfgoed/vue_component_library/src/components/dumb/OeActorWidgetGridActies.vue": {"lines":{"total":4,"covered":4,"skipped":0,"pct":100},"functions":{"total":1,"covered":1,"skipped":0,"pct":100},"statements":{"total":4,"covered":4,"skipped":0,"pct":100},"branches":{"total":2,"covered":2,"skipped":0,"pct":100}}
,"/home/yannick/Documents/Projects/OnroerendErfgoed/vue_component_library/src/components/dumb/OeAutocomplete.vue": {"lines":{"total":54,"covered":51,"skipped":0,"pct":94.44},"functions":{"total":10,"covered":10,"skipped":0,"pct":100},"statements":{"total":56,"covered":53,"skipped":0,"pct":94.64},"branches":{"total":40,"covered":38,"skipped":0,"pct":95}}
,"/home/yannick/Documents/Projects/OnroerendErfgoed/vue_component_library/src/components/dumb/OeButton.vue": {"lines":{"total":2,"covered":0,"skipped":0,"pct":0},"functions":{"total":1,"covered":0,"skipped":0,"pct":0},"statements":{"total":2,"covered":0,"skipped":0,"pct":0},"branches":{"total":0,"covered":0,"skipped":0,"pct":100}}
,"/home/yannick/Documents/Projects/OnroerendErfgoed/vue_component_library/src/components/dumb/OeContainer.vue": {"lines":{"total":20,"covered":20,"skipped":0,"pct":100},"functions":{"total":7,"covered":7,"skipped":0,"pct":100},"statements":{"total":21,"covered":21,"skipped":0,"pct":100},"branches":{"total":17,"covered":17,"skipped":0,"pct":100}}
,"/home/yannick/Documents/Projects/OnroerendErfgoed/vue_component_library/src/components/dumb/OeDatepicker.vue": {"lines":{"total":22,"covered":20,"skipped":0,"pct":90.9},"functions":{"total":5,"covered":4,"skipped":0,"pct":80},"statements":{"total":23,"covered":21,"skipped":0,"pct":91.3},"branches":{"total":12,"covered":9,"skipped":0,"pct":75}}
,"/home/yannick/Documents/Projects/OnroerendErfgoed/vue_component_library/src/components/dumb/OeEditor.vue": {"lines":{"total":31,"covered":2,"skipped":0,"pct":6.45},"functions":{"total":11,"covered":0,"skipped":0,"pct":0},"statements":{"total":33,"covered":2,"skipped":0,"pct":6.06},"branches":{"total":109,"covered":0,"skipped":0,"pct":0}}
,"/home/yannick/Documents/Projects/OnroerendErfgoed/vue_component_library/src/components/dumb/OeGrid.vue": {"lines":{"total":1,"covered":1,"skipped":0,"pct":100},"functions":{"total":0,"covered":0,"skipped":0,"pct":100},"statements":{"total":1,"covered":1,"skipped":0,"pct":100},"branches":{"total":0,"covered":0,"skipped":0,"pct":100}}
,"/home/yannick/Documents/Projects/OnroerendErfgoed/vue_component_library/src/components/dumb/OeHeader.vue": {"lines":{"total":11,"covered":11,"skipped":0,"pct":100},"functions":{"total":5,"covered":5,"skipped":0,"pct":100},"statements":{"total":11,"covered":11,"skipped":0,"pct":100},"branches":{"total":19,"covered":19,"skipped":0,"pct":100}}
,"/home/yannick/Documents/Projects/OnroerendErfgoed/vue_component_library/src/components/dumb/OeInventarisLoadedLink.vue": {"lines":{"total":6,"covered":6,"skipped":0,"pct":100},"functions":{"total":1,"covered":1,"skipped":0,"pct":100},"statements":{"total":6,"covered":6,"skipped":0,"pct":100},"branches":{"total":8,"covered":8,"skipped":0,"pct":100}}
,"/home/yannick/Documents/Projects/OnroerendErfgoed/vue_component_library/src/components/dumb/OeLoader.vue": {"lines":{"total":3,"covered":3,"skipped":0,"pct":100},"functions":{"total":0,"covered":0,"skipped":0,"pct":100},"statements":{"total":3,"covered":3,"skipped":0,"pct":100},"branches":{"total":11,"covered":4,"skipped":0,"pct":36.36}}
,"/home/yannick/Documents/Projects/OnroerendErfgoed/vue_component_library/src/components/dumb/OeModalConfirmCancelChanges.vue": {"lines":{"total":7,"covered":7,"skipped":0,"pct":100},"functions":{"total":4,"covered":4,"skipped":0,"pct":100},"statements":{"total":7,"covered":7,"skipped":0,"pct":100},"branches":{"total":11,"covered":11,"skipped":0,"pct":100}}
,"/home/yannick/Documents/Projects/OnroerendErfgoed/vue_component_library/src/components/dumb/OeSelect.vue": {"lines":{"total":22,"covered":22,"skipped":0,"pct":100},"functions":{"total":8,"covered":7,"skipped":0,"pct":87.5},"statements":{"total":24,"covered":23,"skipped":0,"pct":95.83},"branches":{"total":8,"covered":8,"skipped":0,"pct":100}}
,"/home/yannick/Documents/Projects/OnroerendErfgoed/vue_component_library/src/components/dumb/OeTinyMCE.vue": {"lines":{"total":10,"covered":8,"skipped":0,"pct":80},"functions":{"total":4,"covered":2,"skipped":0,"pct":50},"statements":{"total":10,"covered":8,"skipped":0,"pct":80},"branches":{"total":2,"covered":2,"skipped":0,"pct":100}}
,"/home/yannick/Documents/Projects/OnroerendErfgoed/vue_component_library/src/components/dumb/OeToaster.vue": {"lines":{"total":7,"covered":1,"skipped":0,"pct":14.28},"functions":{"total":3,"covered":0,"skipped":0,"pct":0},"statements":{"total":7,"covered":1,"skipped":0,"pct":14.28},"branches":{"total":4,"covered":0,"skipped":0,"pct":0}}
,"/home/yannick/Documents/Projects/OnroerendErfgoed/vue_component_library/src/components/dumb/OeWizard.vue": {"lines":{"total":38,"covered":38,"skipped":0,"pct":100},"functions":{"total":16,"covered":15,"skipped":0,"pct":93.75},"statements":{"total":41,"covered":40,"skipped":0,"pct":97.56},"branches":{"total":20,"covered":20,"skipped":0,"pct":100}}
,"/home/yannick/Documents/Projects/OnroerendErfgoed/vue_component_library/src/components/dumb/SystemFields.vue": {"lines":{"total":12,"covered":11,"skipped":0,"pct":91.66},"functions":{"total":3,"covered":3,"skipped":0,"pct":100},"statements":{"total":15,"covered":14,"skipped":0,"pct":93.33},"branches":{"total":14,"covered":14,"skipped":0,"pct":100}}
,"/home/yannick/Documents/Projects/OnroerendErfgoed/vue_component_library/src/components/smart/FilterAOEActor.vue": {"lines":{"total":17,"covered":15,"skipped":0,"pct":88.23},"functions":{"total":5,"covered":5,"skipped":0,"pct":100},"statements":{"total":19,"covered":17,"skipped":0,"pct":89.47},"branches":{"total":2,"covered":2,"skipped":0,"pct":100}}
,"/home/yannick/Documents/Projects/OnroerendErfgoed/vue_component_library/src/components/smart/FilterAanduidingsobject.vue": {"lines":{"total":20,"covered":17,"skipped":0,"pct":85},"functions":{"total":4,"covered":4,"skipped":0,"pct":100},"statements":{"total":20,"covered":17,"skipped":0,"pct":85},"branches":{"total":1,"covered":0,"skipped":0,"pct":0}}
,"/home/yannick/Documents/Projects/OnroerendErfgoed/vue_component_library/src/components/smart/FilterGemeente.vue": {"lines":{"total":22,"covered":17,"skipped":0,"pct":77.27},"functions":{"total":8,"covered":7,"skipped":0,"pct":87.5},"statements":{"total":25,"covered":20,"skipped":0,"pct":80},"branches":{"total":14,"covered":10,"skipped":0,"pct":71.42}}
,"/home/yannick/Documents/Projects/OnroerendErfgoed/vue_component_library/src/components/smart/FilterProvincie.vue": {"lines":{"total":15,"covered":14,"skipped":0,"pct":93.33},"functions":{"total":8,"covered":7,"skipped":0,"pct":87.5},"statements":{"total":17,"covered":16,"skipped":0,"pct":94.11},"branches":{"total":12,"covered":10,"skipped":0,"pct":83.33}}
,"/home/yannick/Documents/Projects/OnroerendErfgoed/vue_component_library/src/components/smart/OeActorWidget.vue": {"lines":{"total":39,"covered":30,"skipped":0,"pct":76.92},"functions":{"total":15,"covered":10,"skipped":0,"pct":66.66},"statements":{"total":42,"covered":32,"skipped":0,"pct":76.19},"branches":{"total":20,"covered":20,"skipped":0,"pct":100}}
,"/home/yannick/Documents/Projects/OnroerendErfgoed/vue_component_library/src/components/smart/OeActorWidgetGrid.vue": {"lines":{"total":67,"covered":53,"skipped":0,"pct":79.1},"functions":{"total":26,"covered":19,"skipped":0,"pct":73.07},"statements":{"total":72,"covered":57,"skipped":0,"pct":79.16},"branches":{"total":18,"covered":14,"skipped":0,"pct":77.77}}
,"/home/yannick/Documents/Projects/OnroerendErfgoed/vue_component_library/src/components/smart/OeAdres.vue": {"lines":{"total":261,"covered":211,"skipped":0,"pct":80.84},"functions":{"total":72,"covered":65,"skipped":0,"pct":90.27},"statements":{"total":290,"covered":232,"skipped":0,"pct":80},"branches":{"total":314,"covered":262,"skipped":0,"pct":83.43}}
,"/home/yannick/Documents/Projects/OnroerendErfgoed/vue_component_library/src/components/smart/OeInventarisLink.vue": {"lines":{"total":11,"covered":11,"skipped":0,"pct":100},"functions":{"total":1,"covered":1,"skipped":0,"pct":100},"statements":{"total":11,"covered":11,"skipped":0,"pct":100},"branches":{"total":7,"covered":2,"skipped":0,"pct":28.57}}
,"/home/yannick/Documents/Projects/OnroerendErfgoed/vue_component_library/src/components/smart/OeReferences.vue": {"lines":{"total":37,"covered":6,"skipped":0,"pct":16.21},"functions":{"total":10,"covered":0,"skipped":0,"pct":0},"statements":{"total":38,"covered":6,"skipped":0,"pct":15.78},"branches":{"total":44,"covered":0,"skipped":0,"pct":0}}
,"/home/yannick/Documents/Projects/OnroerendErfgoed/vue_component_library/src/components/smart/OeZoneerder.vue": {"lines":{"total":126,"covered":99,"skipped":0,"pct":78.57},"functions":{"total":33,"covered":21,"skipped":0,"pct":63.63},"statements":{"total":136,"covered":102,"skipped":0,"pct":75},"branches":{"total":31,"covered":19,"skipped":0,"pct":61.29}}
,"/home/yannick/Documents/Projects/OnroerendErfgoed/vue_component_library/src/components/smart/OeZoneerderLayerswitcher.vue": {"lines":{"total":56,"covered":50,"skipped":0,"pct":89.28},"functions":{"total":25,"covered":20,"skipped":0,"pct":80},"statements":{"total":66,"covered":57,"skipped":0,"pct":86.36},"branches":{"total":19,"covered":14,"skipped":0,"pct":73.68}}
,"/home/yannick/Documents/Projects/OnroerendErfgoed/vue_component_library/src/components/smart/OeZoneerderZonePanel.vue": {"lines":{"total":189,"covered":130,"skipped":0,"pct":68.78},"functions":{"total":68,"covered":39,"skipped":0,"pct":57.35},"statements":{"total":201,"covered":134,"skipped":0,"pct":66.66},"branches":{"total":71,"covered":44,"skipped":0,"pct":61.97}}
}
