TN:
SF:src/components/dumb/ClipboardCopy.vue
FN:15,(anonymous_1)
FN:19,(anonymous_2)
FNF:2
FNH:0
FNDA:0,(anonymous_1)
FNDA:0,(anonymous_2)
DA:2,90
DA:13,0
DA:14,0
DA:15,0
DA:16,0
DA:17,0
DA:19,0
DA:20,0
LF:8
LH:1
BRDA:5,0,0,0
BRDA:5,0,1,0
BRF:2
BRH:0
end_of_record
TN:
SF:src/components/dumb/FilterDatepicker.vue
FN:22,(anonymous_1)
FN:28,(anonymous_2)
FNF:2
FNH:2
FNDA:225,(anonymous_1)
FNDA:70,(anonymous_2)
DA:2,225
DA:16,83
DA:20,83
DA:22,83
DA:23,225
DA:24,79
DA:26,146
DA:28,83
DA:29,70
DA:30,70
LF:10
LH:10
BRDA:23,0,0,79
BRDA:29,1,0,70
BRF:2
BRH:2
end_of_record
TN:
SF:src/components/dumb/FilterInput.vue
FN:86,(anonymous_3)
FN:87,(anonymous_4)
FN:88,(anonymous_5)
FN:94,(anonymous_6)
FN:101,(anonymous_7)
FN:112,(anonymous_8)
FN:116,(anonymous_9)
FN:128,(anonymous_10)
FN:129,(anonymous_11)
FN:1,(anonymous_18)
FN:47,(anonymous_23)
FN:57,(anonymous_25)
FN:59,(anonymous_26)
FNF:13
FNH:13
FNDA:1391,(anonymous_3)
FNDA:1062,(anonymous_4)
FNDA:225,(anonymous_5)
FNDA:188,(anonymous_6)
FNDA:162,(anonymous_7)
FNDA:72,(anonymous_8)
FNDA:3,(anonymous_9)
FNDA:13,(anonymous_10)
FNDA:21,(anonymous_11)
FNDA:898,(anonymous_18)
FNDA:13,(anonymous_23)
FNDA:13,(anonymous_25)
FNDA:239,(anonymous_26)
DA:1,90
DA:2,367
DA:3,90
DA:9,63
DA:16,835
DA:47,13
DA:51,239
DA:57,13
DA:59,239
DA:72,119
DA:77,119
DA:82,119
DA:85,119
DA:86,1391
DA:87,1062
DA:88,225
DA:91,119
DA:92,119
DA:95,188
DA:101,119
DA:102,162
DA:111,162
DA:112,72
DA:115,162
DA:116,6
DA:117,6
DA:118,3
DA:119,3
DA:120,3
DA:124,159
DA:125,159
DA:128,119
DA:129,21
LF:33
LH:33
BRDA:111,0,0,162
BRDA:112,1,0,162
BRDA:112,1,1,162
BRDA:112,1,2,0
BRDA:112,2,0,72
BRDA:112,2,1,9
BRDA:115,3,0,6
BRDA:117,4,0,3
BRDA:129,5,0,21
BRDA:129,5,1,13
BRDA:4,6,0,15
BRDA:1,7,0,352
BRDA:1,7,1,104
BRDA:42,8,0,230
BRDA:42,8,1,137
BRDA:47,9,0,170
BRDA:47,9,1,90
BRF:17
BRH:16
end_of_record
TN:
SF:src/components/dumb/FilterRadio.vue
FN:28,(anonymous_2)
FN:10,(anonymous_6)
FN:12,(anonymous_7)
FNF:3
FNH:3
FNDA:2,(anonymous_2)
FNDA:2,(anonymous_6)
FNDA:28,(anonymous_7)
DA:3,28
DA:10,2
DA:12,28
DA:21,9
DA:27,9
DA:28,9
LF:6
LH:6
BRF:0
BRH:0
end_of_record
TN:
SF:src/components/dumb/FilterSelect.vue
FN:32,(anonymous_2)
FN:1,(anonymous_7)
FNF:2
FNH:2
FNDA:8,(anonymous_2)
FNDA:68,(anonymous_7)
DA:1,98
DA:2,53
DA:10,68
DA:26,35
DA:31,35
DA:32,35
LF:6
LH:6
BRF:0
BRH:0
end_of_record
TN:
SF:src/components/dumb/FilterText.vue
FN:20,(anonymous_1)
FNF:1
FNH:1
FNDA:1011,(anonymous_1)
DA:2,1227
DA:15,113
DA:19,113
DA:20,1011
LF:4
LH:4
BRF:0
BRH:0
end_of_record
TN:
SF:src/components/dumb/GridWorkflow.vue
FN:28,(anonymous_1)
FN:39,(anonymous_2)
FN:41,(anonymous_3)
FN:53,(anonymous_4)
FN:55,(anonymous_5)
FN:57,(anonymous_6)
FN:68,(anonymous_7)
FN:70,(anonymous_8)
FN:71,(anonymous_9)
FN:77,(anonymous_10)
FN:81,(anonymous_11)
FN:107,(anonymous_12)
FN:112,(anonymous_13)
FN:117,(anonymous_14)
FNF:14
FNH:14
FNDA:14,(anonymous_1)
FNDA:20,(anonymous_2)
FNDA:30,(anonymous_3)
FNDA:20,(anonymous_4)
FNDA:20,(anonymous_5)
FNDA:10,(anonymous_6)
FNDA:20,(anonymous_7)
FNDA:20,(anonymous_8)
FNDA:20,(anonymous_9)
FNDA:20,(anonymous_10)
FNDA:20,(anonymous_11)
FNDA:14,(anonymous_12)
FNDA:5,(anonymous_13)
FNDA:5,(anonymous_14)
DA:5,90
DA:24,14
DA:27,14
DA:28,14
DA:29,14
DA:39,14
DA:40,20
DA:41,30
DA:42,20
DA:43,20
DA:45,0
DA:46,0
DA:47,0
DA:48,0
DA:50,0
DA:53,14
DA:54,20
DA:55,20
DA:56,10
DA:57,10
DA:58,10
DA:60,0
DA:61,0
DA:62,0
DA:63,0
DA:65,10
DA:68,14
DA:69,20
DA:70,20
DA:71,20
DA:74,0
DA:77,14
DA:78,20
DA:81,14
DA:82,20
DA:83,20
DA:85,0
DA:88,14
DA:107,14
DA:108,14
DA:109,14
DA:112,14
DA:113,5
DA:114,5
DA:117,14
DA:118,5
LF:46
LH:35
BRDA:40,0,0,20
BRDA:40,1,0,20
BRDA:40,1,1,10
BRDA:42,2,0,20
BRDA:54,3,0,10
BRDA:54,4,0,20
BRDA:54,4,1,10
BRDA:56,5,0,10
BRDA:58,6,0,10
BRDA:58,6,1,0
BRDA:69,7,0,20
BRDA:78,8,0,20
BRDA:78,8,1,10
BRDA:82,9,0,20
BRDA:83,10,0,20
BRDA:83,10,1,0
BRDA:1,11,0,14
BRF:17
BRH:15
end_of_record
TN:
SF:src/components/dumb/InputPhone.vue
FN:67,(anonymous_1)
FN:70,(anonymous_2)
FN:83,(anonymous_3)
FN:89,(anonymous_4)
FN:92,(anonymous_5)
FN:103,(anonymous_6)
FN:111,(anonymous_7)
FN:115,(anonymous_8)
FN:123,(anonymous_9)
FN:1,(anonymous_14)
FN:13,(anonymous_15)
FN:14,(anonymous_16)
FN:17,(anonymous_17)
FN:21,(anonymous_18)
FN:34,(anonymous_20)
FN:39,(anonymous_21)
FNF:16
FNH:14
FNDA:1175,(anonymous_1)
FNDA:1175,(anonymous_2)
FNDA:1175,(anonymous_3)
FNDA:6986,(anonymous_4)
FNDA:6571,(anonymous_5)
FNDA:1957,(anonymous_6)
FNDA:6986,(anonymous_7)
FNDA:12304,(anonymous_8)
FNDA:0,(anonymous_9)
FNDA:7078,(anonymous_14)
FNDA:0,(anonymous_15)
FNDA:507,(anonymous_16)
FNDA:8405,(anonymous_17)
FNDA:50430,(anonymous_18)
FNDA:522,(anonymous_20)
FNDA:123,(anonymous_21)
DA:2,7898
DA:6,507
DA:13,0
DA:14,507
DA:16,8405
DA:20,50430
DA:28,6571
DA:34,522
DA:39,123
DA:57,138
DA:58,1175
DA:60,1175
DA:64,1175
DA:67,1175
DA:68,1175
DA:70,1175
DA:71,1175
DA:75,1175
DA:83,1175
DA:84,1175
DA:87,1175
DA:88,1175
DA:90,6986
DA:93,6571
DA:94,6571
DA:95,871
DA:96,141
DA:99,5700
DA:103,1175
DA:104,1957
DA:106,1957
DA:109,1175
DA:112,6986
DA:113,5694
DA:114,5694
DA:115,12304
DA:123,1175
DA:125,1175
LF:38
LH:37
BRDA:68,0,0,45
BRDA:68,0,1,1130
BRDA:71,1,0,44
BRDA:71,1,1,1131
BRDA:90,2,0,6986
BRDA:90,2,1,1292
BRDA:94,3,0,871
BRDA:94,3,1,5700
BRDA:94,4,0,6571
BRDA:94,4,1,5700
BRDA:95,5,0,141
BRDA:112,6,0,5694
BRDA:114,7,0,5088
BRDA:1,8,0,7898
BRDA:1,8,1,1175
BRDA:14,9,0,7898
BRDA:14,9,1,1175
BRDA:1,10,0,7898
BRDA:1,10,1,1175
BRDA:30,11,0,7898
BRDA:30,11,1,5817
BRDA:30,11,2,123
BRDA:30,11,3,7775
BRDA:34,12,0,7898
BRDA:34,12,1,1175
BRDA:37,13,0,123
BRDA:37,13,1,7775
BRDA:37,14,0,7898
BRDA:37,14,1,5817
BRDA:37,14,2,123
BRF:30
BRH:30
end_of_record
TN:
SF:src/components/dumb/NoRowsOverlay.vue
FNF:0
FNH:0
DA:2,32
DA:11,32
LF:2
LH:2
BRF:0
BRH:0
end_of_record
TN:
SF:src/components/dumb/OeActorWidgetDetail.vue
FN:9,(anonymous_8)
FN:10,(anonymous_9)
FN:15,(anonymous_11)
FN:16,(anonymous_12)
FN:18,(anonymous_13)
FN:19,(anonymous_14)
FN:21,(anonymous_15)
FN:29,(anonymous_18)
FN:41,(anonymous_22)
FN:42,(anonymous_23)
FN:43,(anonymous_24)
FN:45,(anonymous_25)
FN:47,(anonymous_26)
FNF:13
FNH:13
FNDA:9,(anonymous_8)
FNDA:9,(anonymous_9)
FNDA:9,(anonymous_11)
FNDA:9,(anonymous_12)
FNDA:9,(anonymous_13)
FNDA:9,(anonymous_14)
FNDA:9,(anonymous_15)
FNDA:9,(anonymous_18)
FNDA:9,(anonymous_22)
FNDA:9,(anonymous_23)
FNDA:9,(anonymous_24)
FNDA:9,(anonymous_25)
FNDA:9,(anonymous_26)
DA:2,9
DA:3,90
DA:9,9
DA:10,9
DA:13,90
DA:15,9
DA:16,9
DA:18,9
DA:19,9
DA:21,9
DA:24,18
DA:29,9
DA:32,27
DA:39,90
DA:41,9
DA:42,9
DA:43,9
DA:45,9
DA:47,9
DA:50,0
DA:70,9
DA:73,9
LF:22
LH:21
BRDA:9,0,0,9
BRDA:9,0,1,9
BRDA:10,1,0,9
BRDA:10,1,1,9
BRDA:15,2,0,9
BRDA:15,2,1,0
BRDA:17,3,0,9
BRDA:17,3,1,0
BRDA:18,4,0,9
BRDA:18,4,1,9
BRDA:21,5,0,9
BRDA:21,5,1,9
BRDA:29,6,0,9
BRDA:29,6,1,9
BRDA:41,7,0,9
BRDA:41,7,1,9
BRDA:43,8,0,9
BRDA:43,8,1,9
BRDA:47,9,0,9
BRDA:47,9,1,9
BRF:20
BRH:18
end_of_record
TN:
SF:src/components/dumb/OeActorWidgetGridActies.vue
FN:8,(anonymous_3)
FNF:1
FNH:1
FNDA:9,(anonymous_3)
DA:1,90
DA:2,105
DA:8,9
DA:29,105
LF:4
LH:4
BRDA:8,0,0,105
BRDA:8,0,1,105
BRF:2
BRH:2
end_of_record
TN:
SF:src/components/dumb/OeAutocomplete.vue
FN:71,(anonymous_2)
FN:73,(anonymous_3)
FN:84,(anonymous_4)
FN:91,(anonymous_5)
FN:93,(anonymous_6)
FN:102,(anonymous_7)
FN:121,(anonymous_8)
FN:122,(anonymous_9)
FN:1,(anonymous_13)
FN:28,(anonymous_16)
FNF:10
FNH:10
FNDA:1762,(anonymous_2)
FNDA:1403,(anonymous_3)
FNDA:538,(anonymous_4)
FNDA:3736,(anonymous_5)
FNDA:1528,(anonymous_6)
FNDA:1762,(anonymous_7)
FNDA:3735,(anonymous_8)
FNDA:621,(anonymous_9)
FNDA:41499,(anonymous_13)
FNDA:31,(anonymous_16)
DA:1,292
DA:2,6825
DA:5,1403
DA:14,146
DA:15,146
DA:21,40096
DA:27,0
DA:28,31
DA:30,146
DA:53,3114
DA:54,3114
DA:63,3114
DA:65,3114
DA:66,3114
DA:67,3114
DA:68,3114
DA:69,3114
DA:71,3114
DA:73,3114
DA:74,1403
DA:75,16
DA:76,16
DA:77,16
DA:79,1387
DA:80,1387
DA:84,3114
DA:85,538
DA:86,538
DA:87,538
DA:88,538
DA:91,3736
DA:93,3114
DA:94,1528
DA:95,1528
DA:97,0
DA:98,0
DA:102,3114
DA:103,1762
DA:104,1528
DA:105,1528
DA:106,1528
DA:108,1528
DA:109,495
DA:111,1528
DA:113,1528
DA:114,12
DA:115,12
DA:120,3114
DA:121,3735
DA:123,621
DA:124,2
DA:125,2
DA:126,619
DA:127,559
LF:54
LH:51
BRDA:71,0,0,474
BRDA:71,0,1,1288
BRDA:74,1,0,16
BRDA:74,1,1,1387
BRDA:94,2,0,1528
BRDA:94,2,1,0
BRDA:103,3,0,1528
BRDA:108,4,0,495
BRDA:108,5,0,1528
BRDA:108,5,1,1363
BRDA:108,5,2,1359
BRDA:113,6,0,12
BRDA:113,7,0,1528
BRDA:113,7,1,238
BRDA:113,7,2,224
BRDA:123,8,0,2
BRDA:123,8,1,619
BRDA:123,9,0,621
BRDA:123,9,1,349
BRDA:126,10,0,559
BRDA:1,11,0,6825
BRDA:1,11,1,3114
BRDA:11,12,0,1532
BRDA:11,12,1,5293
BRDA:13,13,0,1984
BRDA:13,13,1,4841
BRDA:13,14,0,6825
BRDA:13,14,1,2200
BRDA:16,15,0,1173
BRDA:19,16,0,1173
BRDA:19,16,1,430
BRDA:31,17,0,0
BRDA:31,17,1,40096
BRDA:34,18,0,14
BRDA:34,18,1,1970
BRDA:34,19,0,1984
BRDA:34,19,1,323
BRDA:34,19,2,126
BRDA:40,20,0,14
BRDA:40,20,1,7
BRF:40
BRH:38
end_of_record
TN:
SF:src/components/dumb/OeButton.vue
FN:3,(anonymous_3)
FNF:1
FNH:0
FNDA:0,(anonymous_3)
DA:2,0
DA:3,0
LF:2
LH:0
BRF:0
BRH:0
end_of_record
TN:
SF:src/components/dumb/OeContainer.vue
FN:47,(anonymous_2)
FN:59,(anonymous_3)
FN:6,(anonymous_8)
FN:7,(anonymous_9)
FN:21,(anonymous_12)
FN:22,(anonymous_13)
FN:24,(anonymous_14)
FNF:7
FNH:7
FNDA:27,(anonymous_2)
FNDA:26,(anonymous_3)
FNDA:5,(anonymous_8)
FNDA:6,(anonymous_9)
FNDA:27,(anonymous_12)
FNDA:20,(anonymous_13)
FNDA:270,(anonymous_14)
DA:2,162
DA:6,5
DA:7,6
DA:14,270
DA:21,27
DA:22,20
DA:24,270
DA:37,137
DA:42,137
DA:47,137
DA:48,27
DA:52,7
DA:57,137
DA:58,137
DA:59,137
DA:60,26
DA:61,12
DA:62,12
DA:64,14
DA:65,14
LF:20
LH:20
BRDA:48,0,0,7
BRDA:49,1,0,27
BRDA:49,1,1,27
BRDA:59,2,0,20
BRDA:60,3,0,12
BRDA:60,3,1,14
BRDA:60,4,0,26
BRDA:60,4,1,20
BRDA:60,4,2,16
BRDA:28,5,0,158
BRDA:28,5,1,4
BRDA:6,6,0,158
BRDA:6,6,1,133
BRDA:7,7,0,158
BRDA:7,7,1,133
BRDA:12,8,0,115
BRDA:12,8,1,47
BRF:17
BRH:17
end_of_record
TN:
SF:src/components/dumb/OeDatepicker.vue
FN:27,(anonymous_1)
FN:32,(anonymous_2)
FN:36,(anonymous_3)
FN:42,(anonymous_4)
FN:14,(anonymous_8)
FNF:5
FNH:4
FNDA:101,(anonymous_1)
FNDA:254,(anonymous_2)
FNDA:230,(anonymous_3)
FNDA:75,(anonymous_4)
FNDA:0,(anonymous_8)
DA:2,254
DA:14,0
DA:24,101
DA:25,101
DA:26,101
DA:27,101
DA:29,101
DA:30,101
DA:32,101
DA:33,254
DA:36,101
DA:37,230
DA:38,230
DA:39,230
DA:42,101
DA:43,75
DA:44,0
DA:47,75
DA:48,2
DA:49,2
DA:52,73
DA:53,73
LF:22
LH:20
BRDA:27,0,0,101
BRDA:27,0,1,101
BRDA:33,1,0,88
BRDA:33,1,1,166
BRDA:43,2,0,0
BRDA:47,3,0,2
BRDA:47,4,0,75
BRDA:47,4,1,75
BRDA:53,5,0,73
BRDA:53,5,1,0
BRDA:13,6,0,0
BRDA:13,6,1,254
BRF:12
BRH:9
end_of_record
TN:
SF:src/components/dumb/OeEditor.vue
FN:132,(anonymous_2)
FN:150,(anonymous_3)
FN:156,(anonymous_4)
FN:161,(anonymous_5)
FN:166,(anonymous_6)
FN:171,(anonymous_7)
FN:205,(anonymous_8)
FN:210,(anonymous_9)
FN:211,(anonymous_10)
FN:1,(anonymous_16)
FN:87,(anonymous_17)
FNF:11
FNH:0
FNDA:0,(anonymous_2)
FNDA:0,(anonymous_3)
FNDA:0,(anonymous_4)
FNDA:0,(anonymous_5)
FNDA:0,(anonymous_6)
FNDA:0,(anonymous_7)
FNDA:0,(anonymous_8)
FNDA:0,(anonymous_9)
FNDA:0,(anonymous_10)
FNDA:0,(anonymous_16)
FNDA:0,(anonymous_17)
DA:1,180
DA:2,0
DA:4,90
DA:84,0
DA:87,0
DA:102,0
DA:132,0
DA:135,0
DA:136,0
DA:138,0
DA:139,0
DA:142,0
DA:143,0
DA:149,0
DA:150,0
DA:157,0
DA:158,0
DA:162,0
DA:163,0
DA:167,0
DA:168,0
DA:172,0
DA:173,0
DA:203,0
DA:205,0
DA:206,0
DA:209,0
DA:210,0
DA:212,0
DA:213,0
DA:215,0
LF:31
LH:2
BRDA:138,0,0,0
BRDA:142,1,0,0
BRDA:157,2,0,0
BRDA:162,3,0,0
BRDA:167,4,0,0
BRDA:172,5,0,0
BRDA:183,6,0,0
BRDA:183,6,1,0
BRDA:192,7,0,0
BRDA:192,7,1,0
BRDA:212,8,0,0
BRDA:212,8,1,0
BRDA:5,9,0,0
BRDA:5,9,1,0
BRDA:5,10,0,0
BRDA:5,10,1,0
BRDA:6,11,0,0
BRDA:6,11,1,0
BRDA:9,12,0,0
BRDA:9,12,1,0
BRDA:14,13,0,0
BRDA:14,13,1,0
BRDA:24,14,0,0
BRDA:24,14,1,0
BRDA:26,15,0,0
BRDA:26,15,1,0
BRDA:26,16,0,0
BRDA:26,16,1,0
BRDA:27,17,0,0
BRDA:27,17,1,0
BRDA:28,18,0,0
BRDA:28,18,1,0
BRDA:31,19,0,0
BRDA:31,19,1,0
BRDA:31,20,0,0
BRDA:31,20,1,0
BRDA:31,20,2,0
BRDA:31,20,3,0
BRDA:32,21,0,0
BRDA:32,21,1,0
BRDA:33,22,0,0
BRDA:33,22,1,0
BRDA:34,23,0,0
BRDA:34,23,1,0
BRDA:35,24,0,0
BRDA:35,24,1,0
BRDA:38,25,0,0
BRDA:38,25,1,0
BRDA:38,26,0,0
BRDA:38,26,1,0
BRDA:39,27,0,0
BRDA:39,27,1,0
BRDA:40,28,0,0
BRDA:40,28,1,0
BRDA:43,29,0,0
BRDA:43,29,1,0
BRDA:43,30,0,0
BRDA:43,30,1,0
BRDA:44,31,0,0
BRDA:44,31,1,0
BRDA:45,32,0,0
BRDA:45,32,1,0
BRDA:49,33,0,0
BRDA:49,33,1,0
BRDA:49,34,0,0
BRDA:49,34,1,0
BRDA:49,34,2,0
BRDA:49,34,3,0
BRDA:49,34,4,0
BRDA:52,35,0,0
BRDA:52,35,1,0
BRDA:53,36,0,0
BRDA:53,36,1,0
BRDA:54,37,0,0
BRDA:54,37,1,0
BRDA:55,38,0,0
BRDA:55,38,1,0
BRDA:56,39,0,0
BRDA:56,39,1,0
BRDA:59,40,0,0
BRDA:59,40,1,0
BRDA:59,41,0,0
BRDA:59,41,1,0
BRDA:59,41,2,0
BRDA:59,41,3,0
BRDA:60,42,0,0
BRDA:60,42,1,0
BRDA:61,43,0,0
BRDA:61,43,1,0
BRDA:62,44,0,0
BRDA:62,44,1,0
BRDA:63,45,0,0
BRDA:63,45,1,0
BRDA:66,46,0,0
BRDA:66,46,1,0
BRDA:67,47,0,0
BRDA:67,47,1,0
BRDA:70,48,0,0
BRDA:70,48,1,0
BRDA:70,49,0,0
BRDA:70,49,1,0
BRDA:71,50,0,0
BRDA:71,50,1,0
BRDA:75,51,0,0
BRDA:75,51,1,0
BRDA:1,52,0,0
BRDA:1,52,1,0
BRDA:87,53,0,0
BRDA:87,53,1,0
BRF:109
BRH:0
end_of_record
TN:
SF:src/components/dumb/OeGrid.vue
FNF:0
FNH:0
DA:2,58
LF:1
LH:1
BRF:0
BRH:0
end_of_record
TN:
SF:src/components/dumb/OeHeader.vue
FN:6,(anonymous_6)
FN:33,(anonymous_10)
FN:36,(anonymous_12)
FN:39,(anonymous_14)
FN:51,(anonymous_15)
FNF:5
FNH:5
FNDA:170,(anonymous_6)
FNDA:137,(anonymous_10)
FNDA:137,(anonymous_12)
FNDA:137,(anonymous_14)
FNDA:33,(anonymous_15)
DA:1,324
DA:2,108
DA:3,108
DA:4,108
DA:6,170
DA:22,108
DA:33,137
DA:36,137
DA:39,137
DA:51,33
DA:65,170
LF:11
LH:11
BRDA:8,0,0,170
BRDA:8,0,1,170
BRDA:16,1,0,170
BRDA:16,1,1,170
BRDA:20,2,0,170
BRDA:20,2,1,170
BRDA:23,3,0,137
BRDA:33,4,0,137
BRDA:33,4,1,137
BRDA:36,5,0,137
BRDA:36,5,1,137
BRDA:39,6,0,137
BRDA:39,6,1,137
BRDA:51,7,0,33
BRDA:51,7,1,33
BRDA:54,8,0,2
BRDA:54,8,1,168
BRDA:54,9,0,170
BRDA:54,9,1,137
BRF:19
BRH:19
end_of_record
TN:
SF:src/components/dumb/OeInventarisLoadedLink.vue
FN:1,(anonymous_2)
FNF:1
FNH:1
FNDA:20,(anonymous_2)
DA:1,194
DA:2,97
DA:5,12
DA:19,97
DA:22,8
DA:45,14
LF:6
LH:6
BRDA:3,0,0,6
BRDA:3,0,1,12
BRDA:1,1,0,6
BRDA:1,1,1,4
BRDA:20,2,0,4
BRDA:20,2,1,14
BRDA:1,3,0,4
BRDA:1,3,1,4
BRF:8
BRH:8
end_of_record
TN:
SF:src/components/dumb/OeLoader.vue
FNF:0
FNH:0
DA:20,142
DA:37,44
DA:38,44
LF:3
LH:3
BRDA:6,0,0,44
BRDA:6,0,1,0
BRDA:6,1,0,44
BRDA:6,1,1,0
BRDA:6,2,0,44
BRDA:6,2,1,0
BRDA:17,3,0,0
BRDA:22,4,0,0
BRDA:22,4,1,44
BRDA:24,5,0,0
BRDA:24,5,1,0
BRF:11
BRH:4
end_of_record
TN:
SF:src/components/dumb/OeModalConfirmCancelChanges.vue
FN:13,(anonymous_5)
FN:14,(anonymous_6)
FN:16,(anonymous_7)
FN:17,(anonymous_8)
FNF:4
FNH:4
FNDA:6,(anonymous_5)
FNDA:14,(anonymous_6)
FNDA:5,(anonymous_7)
FNDA:14,(anonymous_8)
DA:2,158
DA:12,90
DA:13,6
DA:14,14
DA:16,5
DA:17,14
DA:26,133
LF:7
LH:7
BRDA:5,0,0,14
BRDA:5,0,1,14
BRDA:5,1,0,14
BRDA:13,2,0,14
BRDA:13,2,1,14
BRDA:14,3,0,14
BRDA:14,3,1,14
BRDA:16,4,0,14
BRDA:16,4,1,14
BRDA:17,5,0,14
BRDA:17,5,1,14
BRF:11
BRH:11
end_of_record
TN:
SF:src/components/dumb/OeSelect.vue
FN:68,(anonymous_2)
FN:74,(anonymous_3)
FN:77,(anonymous_4)
FN:78,(anonymous_5)
FN:79,(anonymous_6)
FN:10,(anonymous_10)
FN:1,(anonymous_11)
FN:35,(anonymous_12)
FNF:8
FNH:7
FNDA:13,(anonymous_2)
FNDA:0,(anonymous_3)
FNDA:92,(anonymous_4)
FNDA:92,(anonymous_5)
FNDA:211,(anonymous_6)
FNDA:63,(anonymous_10)
FNDA:138,(anonymous_11)
FNDA:13,(anonymous_12)
DA:1,102
DA:2,142
DA:10,63
DA:12,102
DA:13,102
DA:29,138
DA:35,13
DA:51,77
DA:54,77
DA:61,77
DA:63,77
DA:64,77
DA:65,77
DA:68,77
DA:69,13
DA:70,13
DA:71,13
DA:74,77
DA:76,77
DA:77,92
DA:79,211
DA:80,92
LF:22
LH:22
BRDA:63,0,0,77
BRDA:63,0,1,9
BRDA:10,1,0,142
BRDA:10,1,1,77
BRDA:14,2,0,26
BRDA:14,2,1,116
BRDA:22,3,0,50
BRDA:22,3,1,92
BRF:8
BRH:8
end_of_record
TN:
SF:src/components/dumb/OeTinyMCE.vue
FN:51,(anonymous_2)
FN:56,(anonymous_3)
FN:57,(anonymous_4)
FN:1,(anonymous_7)
FNF:4
FNH:2
FNDA:0,(anonymous_2)
FNDA:11,(anonymous_3)
FNDA:2,(anonymous_4)
FNDA:0,(anonymous_7)
DA:2,11
DA:3,0
DA:32,9
DA:48,9
DA:49,9
DA:51,9
DA:52,0
DA:55,9
DA:56,11
DA:58,2
LF:10
LH:8
BRDA:1,0,0,11
BRDA:1,0,1,9
BRF:2
BRH:2
end_of_record
TN:
SF:src/components/dumb/OeToaster.vue
FN:16,(anonymous_6)
FN:18,(anonymous_7)
FN:1,(anonymous_8)
FNF:3
FNH:0
FNDA:0,(anonymous_6)
FNDA:0,(anonymous_7)
FNDA:0,(anonymous_8)
DA:1,180
DA:3,0
DA:4,0
DA:16,0
DA:19,0
DA:22,0
DA:32,0
LF:7
LH:1
BRDA:8,0,0,0
BRDA:8,0,1,0
BRDA:18,1,0,0
BRDA:18,1,1,0
BRF:4
BRH:0
end_of_record
TN:
SF:src/components/dumb/OeWizard.vue
FN:79,(anonymous_2)
FN:89,(anonymous_3)
FN:95,(anonymous_4)
FN:101,(anonymous_5)
FN:107,(anonymous_6)
FN:113,(anonymous_7)
FN:115,(anonymous_8)
FN:117,(anonymous_9)
FN:120,(anonymous_10)
FN:123,(anonymous_11)
FN:124,(anonymous_12)
FN:1,(anonymous_17)
FN:13,(anonymous_18)
FN:32,(anonymous_19)
FN:41,(anonymous_20)
FN:51,(anonymous_21)
FNF:16
FNH:15
FNDA:62,(anonymous_2)
FNDA:39,(anonymous_3)
FNDA:200,(anonymous_4)
FNDA:45,(anonymous_5)
FNDA:20,(anonymous_6)
FNDA:29,(anonymous_7)
FNDA:50,(anonymous_8)
FNDA:43,(anonymous_9)
FNDA:0,(anonymous_10)
FNDA:411,(anonymous_11)
FNDA:248,(anonymous_12)
FNDA:1660,(anonymous_17)
FNDA:45,(anonymous_18)
FNDA:85,(anonymous_19)
FNDA:178,(anonymous_20)
FNDA:66,(anonymous_21)
DA:1,180
DA:2,90
DA:4,1660
DA:13,45
DA:16,90
DA:24,90
DA:32,85
DA:43,178
DA:51,66
DA:68,163
DA:73,163
DA:75,163
DA:76,163
DA:78,163
DA:80,62
DA:81,7
DA:83,55
DA:89,163
DA:90,39
DA:91,39
DA:95,163
DA:96,200
DA:97,194
DA:101,163
DA:102,45
DA:103,15
DA:107,163
DA:108,20
DA:109,11
DA:113,163
DA:114,29
DA:115,50
DA:117,43
DA:120,163
DA:122,163
DA:123,411
DA:124,248
DA:127,163
LF:38
LH:38
BRDA:80,0,0,7
BRDA:90,1,0,39
BRDA:96,2,0,194
BRDA:96,3,0,200
BRDA:96,3,1,200
BRDA:102,4,0,15
BRDA:102,5,0,45
BRDA:102,5,1,29
BRDA:102,5,2,29
BRDA:108,6,0,11
BRDA:26,7,0,239
BRDA:26,7,1,176
BRDA:32,8,0,85
BRDA:32,8,1,85
BRDA:36,9,0,349
BRDA:36,9,1,66
BRDA:43,10,0,178
BRDA:43,10,1,163
BRDA:51,11,0,66
BRDA:51,11,1,62
BRF:20
BRH:20
end_of_record
TN:
SF:src/components/dumb/SystemFields.vue
FN:19,(anonymous_1)
FN:20,(anonymous_2)
FN:22,(anonymous_3)
FNF:3
FNH:3
FNDA:77,(anonymous_1)
FNDA:14,(anonymous_2)
FNDA:27,(anonymous_3)
DA:2,102
DA:4,102
DA:18,77
DA:19,77
DA:20,77
DA:22,77
DA:23,27
DA:24,27
DA:25,27
DA:32,27
DA:38,27
DA:44,0
LF:12
LH:11
BRDA:19,0,0,18
BRDA:19,0,1,59
BRDA:20,1,0,9
BRDA:20,1,1,5
BRDA:3,2,0,14
BRDA:3,2,1,63
BRDA:6,3,0,77
BRDA:6,3,1,77
BRDA:5,4,0,77
BRDA:5,4,1,64
BRDA:7,5,0,14
BRDA:7,5,1,63
BRDA:9,6,0,14
BRDA:9,6,1,14
BRF:14
BRH:14
end_of_record
TN:
SF:src/components/smart/FilterAOEActor.vue
FN:30,(anonymous_1)
FN:31,(anonymous_2)
FN:39,(anonymous_3)
FN:40,(anonymous_4)
FN:43,(anonymous_5)
FNF:5
FNH:5
FNDA:14,(anonymous_1)
FNDA:36,(anonymous_2)
FNDA:2,(anonymous_3)
FNDA:10,(anonymous_4)
FNDA:30,(anonymous_5)
DA:2,14
DA:19,2
DA:25,2
DA:27,2
DA:29,2
DA:30,2
DA:31,36
DA:32,14
DA:36,14
DA:39,2
DA:40,2
DA:41,10
DA:42,10
DA:43,10
DA:44,30
DA:50,0
DA:51,0
LF:17
LH:15
BRDA:31,0,0,36
BRDA:31,0,1,36
BRF:2
BRH:2
end_of_record
TN:
SF:src/components/smart/FilterAanduidingsobject.vue
FN:35,(anonymous_1)
FN:41,(anonymous_2)
FN:45,(anonymous_3)
FN:48,(anonymous_4)
FNF:4
FNH:4
FNDA:2,(anonymous_1)
FNDA:2,(anonymous_2)
FNDA:42,(anonymous_3)
FNDA:42,(anonymous_4)
DA:2,4
DA:20,2
DA:25,2
DA:27,2
DA:29,2
DA:31,2
DA:33,2
DA:35,2
DA:36,2
DA:37,0
DA:41,2
DA:42,2
DA:43,2
DA:45,2
DA:46,42
DA:47,42
DA:48,42
DA:49,42
DA:55,0
DA:56,0
LF:20
LH:17
BRDA:36,0,0,0
BRF:1
BRH:0
end_of_record
TN:
SF:src/components/smart/FilterGemeente.vue
FN:36,(anonymous_1)
FN:37,(anonymous_2)
FN:39,(anonymous_3)
FN:43,(anonymous_4)
FN:45,(anonymous_5)
FN:1,(anonymous_8)
FN:14,(anonymous_9)
FN:17,(anonymous_10)
FNF:8
FNH:7
FNDA:25,(anonymous_1)
FNDA:6800,(anonymous_2)
FNDA:7,(anonymous_3)
FNDA:43500,(anonymous_4)
FNDA:9,(anonymous_5)
FNDA:0,(anonymous_8)
FNDA:90,(anonymous_9)
FNDA:90,(anonymous_10)
DA:1,0
DA:2,25
DA:14,90
DA:17,90
DA:29,9
DA:34,9
DA:36,9
DA:37,6800
DA:39,9
DA:41,9
DA:42,9
DA:43,43500
DA:45,9
DA:46,9
DA:47,9
DA:49,5
DA:50,5
DA:52,0
DA:53,0
DA:55,0
DA:56,0
DA:58,4
LF:22
LH:17
BRDA:37,0,0,16
BRDA:37,0,1,9
BRDA:47,1,0,5
BRDA:47,1,1,0
BRDA:47,1,2,0
BRDA:47,1,3,4
BRDA:11,2,0,25
BRDA:11,2,1,9
BRDA:1,3,0,0
BRDA:1,3,1,0
BRDA:14,4,0,90
BRDA:14,4,1,9
BRDA:17,5,0,90
BRDA:17,5,1,9
BRF:14
BRH:10
end_of_record
TN:
SF:src/components/smart/FilterProvincie.vue
FN:35,(anonymous_1)
FN:37,(anonymous_2)
FN:40,(anonymous_3)
FN:44,(anonymous_4)
FN:46,(anonymous_5)
FN:1,(anonymous_8)
FN:14,(anonymous_9)
FN:17,(anonymous_10)
FNF:8
FNH:7
FNDA:6,(anonymous_1)
FNDA:40,(anonymous_2)
FNDA:2,(anonymous_3)
FNDA:256,(anonymous_4)
FNDA:2,(anonymous_5)
FNDA:0,(anonymous_8)
FNDA:20,(anonymous_9)
FNDA:20,(anonymous_10)
DA:1,0
DA:2,6
DA:14,20
DA:17,20
DA:29,2
DA:33,2
DA:35,2
DA:36,6
DA:37,40
DA:40,2
DA:42,2
DA:43,2
DA:44,256
DA:46,2
DA:47,2
LF:15
LH:14
BRDA:36,0,0,4
BRDA:36,0,1,2
BRDA:37,1,0,40
BRDA:37,1,1,40
BRDA:11,2,0,6
BRDA:11,2,1,2
BRDA:1,3,0,0
BRDA:1,3,1,0
BRDA:14,4,0,20
BRDA:14,4,1,2
BRDA:17,5,0,20
BRDA:17,5,1,2
BRF:12
BRH:10
end_of_record
TN:
SF:src/components/smart/OeActorWidget.vue
FN:60,(anonymous_0)
FN:84,(anonymous_2)
FN:86,(anonymous_3)
FN:90,(anonymous_4)
FN:101,(anonymous_5)
FN:106,(anonymous_6)
FN:111,(anonymous_7)
FN:5,(anonymous_11)
FN:13,(anonymous_12)
FN:21,(anonymous_13)
FN:32,(anonymous_15)
FN:33,(anonymous_16)
FN:36,(anonymous_17)
FN:36,(anonymous_18)
FN:3,(anonymous_19)
FNF:15
FNH:10
FNDA:64,(anonymous_0)
FNDA:18,(anonymous_2)
FNDA:70,(anonymous_3)
FNDA:9,(anonymous_4)
FNDA:0,(anonymous_5)
FNDA:0,(anonymous_6)
FNDA:0,(anonymous_7)
FNDA:150,(anonymous_11)
FNDA:9,(anonymous_12)
FNDA:9,(anonymous_13)
FNDA:0,(anonymous_15)
FNDA:51,(anonymous_16)
FNDA:0,(anonymous_17)
FNDA:35,(anonymous_18)
FNDA:150,(anonymous_19)
DA:2,35
DA:3,150
DA:13,9
DA:16,150
DA:21,9
DA:26,64
DA:32,0
DA:35,51
DA:36,35
DA:60,64
DA:61,64
DA:62,64
DA:65,35
DA:74,35
DA:78,35
DA:79,35
DA:80,35
DA:81,35
DA:82,35
DA:84,35
DA:86,35
DA:87,70
DA:90,35
DA:91,9
DA:92,9
DA:93,9
DA:94,9
DA:96,0
DA:98,9
DA:101,35
DA:102,0
DA:103,0
DA:106,35
DA:107,0
DA:108,0
DA:111,35
DA:112,0
DA:113,0
DA:114,0
LF:39
LH:30
BRDA:60,0,0,64
BRDA:60,0,1,64
BRDA:13,1,0,150
BRDA:13,1,1,35
BRDA:18,2,0,9
BRDA:18,2,1,141
BRDA:21,3,0,9
BRDA:21,3,1,9
BRDA:31,4,0,150
BRDA:31,4,1,36
BRDA:32,5,0,150
BRDA:32,5,1,35
BRDA:35,6,0,51
BRDA:35,6,1,35
BRDA:36,7,0,150
BRDA:36,7,1,35
BRDA:36,8,0,35
BRDA:36,8,1,35
BRDA:3,9,0,53
BRDA:3,9,1,97
BRF:20
BRH:20
end_of_record
TN:
SF:src/components/smart/OeActorWidgetGrid.vue
FN:77,(anonymous_1)
FN:81,(anonymous_2)
FN:85,(anonymous_3)
FN:92,(anonymous_4)
FN:98,(anonymous_5)
FN:99,(anonymous_6)
FN:106,(anonymous_7)
FN:118,(anonymous_8)
FN:141,(anonymous_9)
FN:145,(anonymous_10)
FN:146,(anonymous_11)
FN:147,(anonymous_12)
FN:148,(anonymous_13)
FN:151,(anonymous_14)
FN:163,(anonymous_15)
FN:166,(anonymous_16)
FN:168,(anonymous_17)
FN:174,(anonymous_18)
FN:180,(anonymous_19)
FN:181,(anonymous_20)
FN:187,(anonymous_21)
FN:1,(anonymous_25)
FN:15,(anonymous_26)
FN:24,(anonymous_27)
FN:26,(anonymous_28)
FN:26,(anonymous_29)
FNF:26
FNH:19
FNDA:0,(anonymous_1)
FNDA:0,(anonymous_2)
FNDA:0,(anonymous_3)
FNDA:0,(anonymous_4)
FNDA:35,(anonymous_5)
FNDA:35,(anonymous_6)
FNDA:35,(anonymous_7)
FNDA:9,(anonymous_8)
FNDA:18,(anonymous_9)
FNDA:35,(anonymous_10)
FNDA:35,(anonymous_11)
FNDA:35,(anonymous_12)
FNDA:70,(anonymous_13)
FNDA:35,(anonymous_14)
FNDA:105,(anonymous_15)
FNDA:35,(anonymous_16)
FNDA:35,(anonymous_17)
FNDA:35,(anonymous_18)
FNDA:0,(anonymous_19)
FNDA:35,(anonymous_20)
FNDA:0,(anonymous_21)
FNDA:24,(anonymous_25)
FNDA:24,(anonymous_26)
FNDA:35,(anonymous_27)
FNDA:0,(anonymous_28)
FNDA:35,(anonymous_29)
DA:1,64
DA:2,64
DA:3,64
DA:4,64
DA:7,24
DA:15,24
DA:19,64
DA:20,64
DA:21,64
DA:22,64
DA:24,35
DA:26,35
DA:30,64
DA:31,64
DA:61,35
DA:67,35
DA:73,35
DA:76,35
DA:77,35
DA:78,0
DA:79,0
DA:81,35
DA:82,0
DA:83,0
DA:85,35
DA:87,0
DA:88,0
DA:89,0
DA:92,35
DA:94,0
DA:95,0
DA:97,35
DA:98,35
DA:100,35
DA:105,35
DA:106,35
DA:107,35
DA:118,9
DA:125,35
DA:142,18
DA:145,35
DA:146,35
DA:147,35
DA:148,35
DA:149,70
DA:151,35
DA:152,35
DA:158,35
DA:159,0
DA:160,0
DA:163,105
DA:166,35
DA:167,35
DA:169,35
DA:170,35
DA:172,35
DA:175,35
DA:176,35
DA:177,35
DA:178,35
DA:180,0
DA:181,35
DA:184,35
DA:187,35
DA:188,0
DA:189,0
DA:191,35
LF:67
LH:53
BRDA:87,0,0,0
BRDA:149,1,0,35
BRDA:149,1,1,35
BRDA:149,2,0,35
BRDA:149,2,1,35
BRDA:158,3,0,0
BRDA:160,4,0,0
BRDA:160,4,1,0
BRDA:1,5,0,209
BRDA:1,5,1,35
BRDA:15,6,0,209
BRDA:15,6,1,35
BRDA:24,7,0,35
BRDA:24,7,1,35
BRDA:26,8,0,209
BRDA:26,8,1,35
BRDA:26,9,0,35
BRDA:26,9,1,35
BRF:18
BRH:14
end_of_record
TN:
SF:src/components/smart/OeAdres.vue
FN:428,(anonymous_2)
FN:429,(anonymous_3)
FN:430,(anonymous_4)
FN:431,(anonymous_5)
FN:432,(anonymous_6)
FN:444,(anonymous_7)
FN:450,(anonymous_8)
FN:458,(anonymous_9)
FN:461,(anonymous_10)
FN:462,(anonymous_11)
FN:464,(anonymous_12)
FN:470,(anonymous_13)
FN:572,(anonymous_14)
FN:603,(anonymous_15)
FN:616,(anonymous_16)
FN:617,(anonymous_17)
FN:626,(anonymous_18)
FN:656,(anonymous_19)
FN:662,(anonymous_20)
FN:663,(anonymous_21)
FN:674,(anonymous_22)
FN:695,(anonymous_23)
FN:725,(anonymous_24)
FN:746,(anonymous_25)
FN:755,(anonymous_26)
FN:790,(anonymous_27)
FN:800,(anonymous_28)
FN:819,(anonymous_29)
FN:832,(anonymous_30)
FN:846,(anonymous_31)
FN:847,(anonymous_32)
FN:848,(anonymous_33)
FN:849,(anonymous_34)
FN:851,(anonymous_35)
FN:852,(anonymous_36)
FN:855,(anonymous_37)
FN:856,(anonymous_38)
FN:864,(anonymous_39)
FN:867,(anonymous_40)
FN:868,(anonymous_41)
FN:877,(anonymous_42)
FN:878,(anonymous_43)
FN:5,(anonymous_56)
FN:11,(anonymous_59)
FN:1,(anonymous_61)
FN:31,(anonymous_65)
FN:40,(anonymous_67)
FN:61,(anonymous_71)
FN:64,(anonymous_72)
FN:68,(anonymous_74)
FN:77,(anonymous_76)
FN:98,(anonymous_80)
FN:101,(anonymous_81)
FN:109,(anonymous_83)
FN:117,(anonymous_85)
FN:139,(anonymous_89)
FN:142,(anonymous_90)
FN:160,(anonymous_93)
FN:167,(anonymous_95)
FN:189,(anonymous_99)
FN:192,(anonymous_100)
FN:210,(anonymous_102)
FN:221,(anonymous_104)
FN:228,(anonymous_106)
FN:250,(anonymous_110)
FN:253,(anonymous_111)
FN:270,(anonymous_113)
FN:277,(anonymous_115)
FN:284,(anonymous_117)
FN:320,(anonymous_121)
FN:327,(anonymous_123)
FN:363,(anonymous_127)
FNF:72
FNH:65
FNDA:313,(anonymous_2)
FNDA:270,(anonymous_3)
FNDA:2563342,(anonymous_4)
FNDA:4912,(anonymous_5)
FNDA:524675,(anonymous_6)
FNDA:1814,(anonymous_7)
FNDA:1733,(anonymous_8)
FNDA:2190,(anonymous_9)
FNDA:2190,(anonymous_10)
FNDA:877,(anonymous_11)
FNDA:29688,(anonymous_12)
FNDA:7171,(anonymous_13)
FNDA:1381,(anonymous_14)
FNDA:113,(anonymous_15)
FNDA:1381,(anonymous_16)
FNDA:1348,(anonymous_17)
FNDA:1380,(anonymous_18)
FNDA:5791,(anonymous_19)
FNDA:1380,(anonymous_20)
FNDA:0,(anonymous_21)
FNDA:810,(anonymous_22)
FNDA:7,(anonymous_23)
FNDA:26,(anonymous_24)
FNDA:0,(anonymous_25)
FNDA:1118,(anonymous_26)
FNDA:1786,(anonymous_27)
FNDA:191358,(anonymous_28)
FNDA:868,(anonymous_29)
FNDA:950,(anonymous_30)
FNDA:0,(anonymous_31)
FNDA:0,(anonymous_32)
FNDA:66,(anonymous_33)
FNDA:91,(anonymous_34)
FNDA:1242,(anonymous_35)
FNDA:707,(anonymous_36)
FNDA:338881,(anonymous_37)
FNDA:39344,(anonymous_38)
FNDA:634,(anonymous_39)
FNDA:1584,(anonymous_40)
FNDA:1056,(anonymous_41)
FNDA:213,(anonymous_42)
FNDA:264,(anonymous_43)
FNDA:1380,(anonymous_56)
FNDA:1348,(anonymous_59)
FNDA:542604,(anonymous_61)
FNDA:0,(anonymous_65)
FNDA:24,(anonymous_67)
FNDA:136,(anonymous_71)
FNDA:136,(anonymous_72)
FNDA:4,(anonymous_74)
FNDA:24,(anonymous_76)
FNDA:62,(anonymous_80)
FNDA:62,(anonymous_81)
FNDA:3,(anonymous_83)
FNDA:1380,(anonymous_85)
FNDA:4899,(anonymous_89)
FNDA:4899,(anonymous_90)
FNDA:111,(anonymous_93)
FNDA:1380,(anonymous_95)
FNDA:3084,(anonymous_99)
FNDA:3084,(anonymous_100)
FNDA:0,(anonymous_102)
FNDA:94,(anonymous_104)
FNDA:1380,(anonymous_106)
FNDA:5086,(anonymous_110)
FNDA:5086,(anonymous_111)
FNDA:0,(anonymous_113)
FNDA:94,(anonymous_115)
FNDA:1380,(anonymous_117)
FNDA:94,(anonymous_121)
FNDA:1380,(anonymous_123)
FNDA:19,(anonymous_127)
DA:1,540
DA:5,1380
DA:11,1348
DA:19,672
DA:26,538280
DA:31,0
DA:40,24
DA:48,7
DA:61,136
DA:64,136
DA:68,4
DA:77,24
DA:85,0
DA:98,62
DA:101,62
DA:109,3
DA:117,1380
DA:126,284
DA:139,4899
DA:142,4899
DA:148,540
DA:160,111
DA:167,1380
DA:176,139
DA:189,3084
DA:192,3084
DA:198,675
DA:210,0
DA:221,94
DA:228,1380
DA:237,252
DA:250,5086
DA:253,5086
DA:258,1215
DA:270,0
DA:277,94
DA:284,1380
DA:307,270
DA:320,94
DA:327,1380
DA:350,270
DA:363,19
DA:399,1381
DA:419,1381
DA:421,1381
DA:422,1381
DA:423,1381
DA:424,1381
DA:425,1381
DA:428,1381
DA:429,1381
DA:430,2563342
DA:431,4912
DA:432,524675
DA:435,1381
DA:436,1381
DA:437,1381
DA:438,1381
DA:439,1381
DA:440,1381
DA:441,1381
DA:442,1381
DA:444,1381
DA:445,1814
DA:450,1381
DA:451,1733
DA:458,1381
DA:459,2190
DA:461,2190
DA:462,1381
DA:463,877
DA:464,29688
DA:466,487
DA:470,1381
DA:479,7171
DA:480,1380
DA:482,5791
DA:488,7171
DA:489,7164
DA:491,7
DA:497,7171
DA:498,7119
DA:500,52
DA:506,7171
DA:507,2655
DA:508,4516
DA:509,3068
DA:511,1448
DA:517,7171
DA:518,3619
DA:519,3552
DA:520,2626
DA:522,926
DA:528,7171
DA:529,4155
DA:530,3016
DA:531,1951
DA:533,1065
DA:540,7171
DA:541,5448
DA:542,1723
DA:543,861
DA:545,862
DA:548,7171
DA:549,1415
DA:550,742
DA:552,673
DA:560,7171
DA:572,1381
DA:602,1381
DA:603,1381
DA:606,1381
DA:607,1381
DA:616,1381
DA:617,1380
DA:618,1380
DA:619,1380
DA:620,1380
DA:621,1380
DA:622,1380
DA:623,1380
DA:624,1380
DA:626,1380
DA:627,1380
DA:628,32
DA:631,1380
DA:632,106
DA:633,106
DA:635,106
DA:636,106
DA:637,106
DA:638,106
DA:639,106
DA:640,106
DA:641,106
DA:642,106
DA:643,106
DA:644,106
DA:647,0
DA:648,0
DA:649,0
DA:650,0
DA:651,0
DA:656,1380
DA:657,5791
DA:661,1380
DA:662,1380
DA:664,0
DA:665,0
DA:667,0
DA:674,1380
DA:675,810
DA:676,278
DA:677,278
DA:678,278
DA:680,810
DA:681,487
DA:682,487
DA:683,24
DA:685,487
DA:686,24
DA:688,484
DA:690,323
DA:695,1380
DA:696,7
DA:697,0
DA:698,0
DA:700,7
DA:701,7
DA:702,7
DA:704,4
DA:705,4
DA:706,4
DA:708,0
DA:709,0
DA:710,0
DA:712,3
DA:713,3
DA:714,3
DA:716,0
DA:717,0
DA:720,0
DA:725,1380
DA:726,26
DA:727,0
DA:729,26
DA:730,0
DA:732,0
DA:733,0
DA:735,0
DA:736,0
DA:738,0
DA:739,0
DA:741,0
DA:743,0
DA:744,0
DA:745,0
DA:746,0
DA:750,26
DA:755,1380
DA:756,1118
DA:757,618
DA:758,618
DA:761,1118
DA:762,390
DA:764,390
DA:765,390
DA:766,390
DA:768,0
DA:769,0
DA:770,0
DA:771,0
DA:773,0
DA:774,0
DA:775,0
DA:776,0
DA:777,0
DA:782,385
DA:785,728
DA:790,1380
DA:791,1786
DA:792,1293
DA:795,1786
DA:796,358
DA:798,358
DA:799,358
DA:800,191358
DA:803,358
DA:805,0
DA:806,0
DA:807,0
DA:808,0
DA:809,0
DA:810,0
DA:811,0
DA:819,1380
DA:820,868
DA:825,348
DA:828,868
DA:829,319
DA:832,950
DA:834,319
DA:835,0
DA:838,319
DA:839,91
DA:841,228
DA:846,1380
DA:847,1380
DA:848,1380
DA:849,1380
DA:851,1380
DA:852,1380
DA:853,707
DA:855,338881
DA:857,39344
DA:864,1380
DA:865,634
DA:867,1584
DA:869,1056
DA:877,1380
DA:878,1380
LF:261
LH:211
BRDA:446,0,0,1814
BRDA:446,0,1,0
BRDA:452,1,0,1733
BRDA:452,1,1,0
BRDA:459,2,0,2190
BRDA:459,2,1,810
BRDA:459,2,2,323
BRDA:463,3,0,390
BRDA:463,4,0,877
BRDA:463,4,1,877
BRDA:463,4,2,496
BRDA:479,5,0,1380
BRDA:479,5,1,5791
BRDA:488,6,0,7164
BRDA:488,6,1,7
BRDA:497,7,0,7119
BRDA:497,7,1,52
BRDA:506,8,0,2655
BRDA:506,8,1,4516
BRDA:508,9,0,3068
BRDA:508,9,1,1448
BRDA:517,10,0,3619
BRDA:517,10,1,3552
BRDA:519,11,0,2626
BRDA:519,11,1,926
BRDA:528,12,0,4155
BRDA:528,12,1,3016
BRDA:530,13,0,1951
BRDA:530,13,1,1065
BRDA:540,14,0,5448
BRDA:540,14,1,1723
BRDA:542,15,0,861
BRDA:542,15,1,862
BRDA:548,16,0,1415
BRDA:549,17,0,742
BRDA:549,17,1,673
BRDA:555,18,0,673
BRDA:555,18,1,492
BRDA:556,19,0,673
BRDA:556,19,1,492
BRDA:562,20,0,55
BRDA:562,20,1,7116
BRDA:562,21,0,7171
BRDA:562,21,1,3126
BRDA:563,22,0,55
BRDA:563,22,1,7116
BRDA:563,23,0,7171
BRDA:563,23,1,3126
BRDA:627,24,0,32
BRDA:631,25,0,106
BRDA:636,26,0,106
BRDA:636,26,1,0
BRDA:637,27,0,0
BRDA:638,28,0,26
BRDA:639,29,0,106
BRDA:640,30,0,106
BRDA:641,31,0,106
BRDA:642,32,0,106
BRDA:647,33,0,0
BRDA:647,33,1,0
BRDA:648,34,0,0
BRDA:648,34,1,0
BRDA:649,35,0,0
BRDA:649,35,1,0
BRDA:650,36,0,0
BRDA:650,36,1,0
BRDA:651,37,0,0
BRDA:651,37,1,0
BRDA:664,38,0,0
BRDA:675,39,0,278
BRDA:680,40,0,487
BRDA:680,40,1,323
BRDA:682,41,0,24
BRDA:682,42,0,487
BRDA:682,42,1,487
BRDA:685,43,0,24
BRDA:685,44,0,487
BRDA:685,44,1,487
BRDA:696,45,0,0
BRDA:700,46,0,7
BRDA:700,46,1,0
BRDA:700,47,0,7
BRDA:700,47,1,7
BRDA:701,48,0,7
BRDA:702,49,0,4
BRDA:702,49,1,0
BRDA:702,49,2,3
BRDA:702,49,3,0
BRDA:726,50,0,0
BRDA:729,51,0,0
BRDA:729,51,1,26
BRDA:729,52,0,26
BRDA:729,52,1,26
BRDA:730,53,0,0
BRDA:730,53,1,0
BRDA:730,53,2,0
BRDA:730,53,3,0
BRDA:743,54,0,0
BRDA:756,55,0,618
BRDA:761,56,0,390
BRDA:761,56,1,728
BRDA:761,57,0,1118
BRDA:761,57,1,390
BRDA:768,58,0,0
BRDA:770,59,0,0
BRDA:773,60,0,0
BRDA:791,61,0,1293
BRDA:795,62,0,358
BRDA:795,63,0,1786
BRDA:795,63,1,383
BRDA:795,63,2,358
BRDA:805,64,0,0
BRDA:807,65,0,0
BRDA:820,66,0,348
BRDA:821,67,0,868
BRDA:821,67,1,375
BRDA:821,67,2,125
BRDA:821,67,3,98
BRDA:828,68,0,319
BRDA:828,69,0,868
BRDA:828,69,1,385
BRDA:828,69,2,385
BRDA:828,69,3,346
BRDA:834,70,0,0
BRDA:838,71,0,91
BRDA:838,71,1,228
BRDA:848,72,0,66
BRDA:848,72,1,39
BRDA:849,73,0,91
BRDA:849,73,1,38
BRDA:2,74,0,0
BRDA:5,75,0,1380
BRDA:5,75,1,0
BRDA:5,76,0,1380
BRDA:5,76,1,1380
BRDA:7,77,0,1663
BRDA:7,77,1,32
BRDA:11,78,0,1348
BRDA:11,78,1,1348
BRDA:12,79,0,189
BRDA:12,79,1,1159
BRDA:12,80,0,1348
BRDA:12,80,1,189
BRDA:1,81,0,3522
BRDA:1,81,1,1348
BRDA:37,82,0,24
BRDA:37,82,1,1671
BRDA:37,83,0,1695
BRDA:37,83,1,1470
BRDA:40,84,0,24
BRDA:40,84,1,24
BRDA:41,85,0,0
BRDA:41,85,1,24
BRDA:41,86,0,24
BRDA:41,86,1,0
BRDA:1,87,0,81
BRDA:1,87,1,24
BRDA:53,88,0,81
BRDA:53,88,1,57
BRDA:58,89,0,81
BRDA:58,89,1,24
BRDA:1,90,0,0
BRDA:1,90,1,0
BRDA:61,91,0,136
BRDA:61,91,1,24
BRDA:64,92,0,136
BRDA:64,92,1,24
BRDA:74,93,0,24
BRDA:74,93,1,1671
BRDA:74,94,0,1695
BRDA:74,94,1,1470
BRDA:77,95,0,24
BRDA:77,95,1,24
BRDA:78,96,0,0
BRDA:78,96,1,24
BRDA:78,97,0,24
BRDA:78,97,1,0
BRDA:1,98,0,78
BRDA:1,98,1,24
BRDA:90,99,0,78
BRDA:90,99,1,54
BRDA:90,99,2,25
BRDA:95,100,0,78
BRDA:95,100,1,24
BRDA:1,101,0,0
BRDA:1,101,1,0
BRDA:98,102,0,62
BRDA:98,102,1,24
BRDA:101,103,0,62
BRDA:101,103,1,24
BRDA:117,104,0,1380
BRDA:117,104,1,1380
BRDA:118,105,0,189
BRDA:118,105,1,1191
BRDA:118,106,0,1380
BRDA:118,106,1,189
BRDA:125,107,0,3145
BRDA:125,107,1,1227
BRDA:1,108,0,3145
BRDA:1,108,1,1380
BRDA:131,109,0,3145
BRDA:131,109,1,1765
BRDA:136,110,0,3145
BRDA:136,110,1,1380
BRDA:1,111,0,0
BRDA:1,111,1,0
BRDA:139,112,0,4899
BRDA:139,112,1,1380
BRDA:142,113,0,4899
BRDA:142,113,1,1380
BRDA:1,114,0,1227
BRDA:1,114,1,225
BRDA:167,115,0,1380
BRDA:167,115,1,1380
BRDA:168,116,0,189
BRDA:168,116,1,1191
BRDA:168,117,0,1380
BRDA:168,117,1,189
BRDA:175,118,0,3242
BRDA:175,118,1,1379
BRDA:175,119,0,4621
BRDA:175,119,1,3242
BRDA:1,120,0,3242
BRDA:1,120,1,1380
BRDA:180,121,0,3242
BRDA:180,121,1,1472
BRDA:186,122,0,3242
BRDA:186,122,1,1380
BRDA:1,123,0,0
BRDA:1,123,1,0
BRDA:189,124,0,3084
BRDA:189,124,1,1380
BRDA:192,125,0,3084
BRDA:192,125,1,1380
BRDA:1,126,0,1379
BRDA:1,126,1,225
BRDA:207,127,0,303
BRDA:207,127,1,4318
BRDA:207,128,0,4621
BRDA:207,128,1,1862
BRDA:210,129,0,303
BRDA:210,129,1,145
BRDA:212,130,0,303
BRDA:212,130,1,0
BRDA:228,131,0,1380
BRDA:228,131,1,1380
BRDA:229,132,0,189
BRDA:229,132,1,1191
BRDA:229,133,0,1380
BRDA:229,133,1,189
BRDA:236,134,0,3164
BRDA:236,134,1,1919
BRDA:236,135,0,5083
BRDA:236,135,1,3164
BRDA:1,136,0,3164
BRDA:1,136,1,1380
BRDA:241,137,0,3164
BRDA:241,137,1,1394
BRDA:247,138,0,3164
BRDA:247,138,1,1380
BRDA:1,139,0,0
BRDA:1,139,1,0
BRDA:250,140,0,5086
BRDA:250,140,1,1380
BRDA:253,141,0,5086
BRDA:253,141,1,1380
BRDA:1,142,0,1919
BRDA:1,142,1,225
BRDA:267,143,0,223
BRDA:267,143,1,4860
BRDA:267,144,0,5083
BRDA:267,144,1,1784
BRDA:270,145,0,223
BRDA:270,145,1,145
BRDA:272,146,0,223
BRDA:272,146,1,0
BRDA:284,147,0,1380
BRDA:284,147,1,1380
BRDA:285,148,0,189
BRDA:285,148,1,1191
BRDA:285,149,0,1380
BRDA:285,149,1,189
BRDA:292,150,0,2749
BRDA:292,150,1,2137
BRDA:292,151,0,4886
BRDA:292,151,1,2815
BRDA:298,152,0,2749
BRDA:298,152,1,580
BRDA:1,153,0,2137
BRDA:1,153,1,291
BRDA:311,154,0,2137
BRDA:311,154,1,1561
BRDA:327,155,0,1380
BRDA:327,155,1,1380
BRDA:328,156,0,0
BRDA:328,156,1,1380
BRDA:328,157,0,1380
BRDA:328,157,1,189
BRDA:346,158,0,2872
BRDA:346,158,1,1391
BRDA:346,159,0,4263
BRDA:346,159,1,3657
BRDA:346,159,2,2963
BRDA:346,159,3,2963
BRDA:341,160,0,2872
BRDA:341,160,1,451
BRDA:345,161,0,1391
BRDA:345,161,1,0
BRDA:345,162,0,1391
BRDA:345,162,1,1003
BRDA:1,163,0,1391
BRDA:1,163,1,355
BRDA:354,164,0,1391
BRDA:354,164,1,658
BRF:314
BRH:262
end_of_record
TN:
SF:src/components/smart/OeInventarisLink.vue
FN:33,(anonymous_1)
FNF:1
FNH:1
FNDA:5,(anonymous_1)
DA:2,9
DA:24,5
DA:29,5
DA:30,5
DA:31,5
DA:33,5
DA:34,5
DA:40,5
DA:41,2
DA:42,2
DA:43,2
LF:11
LH:11
BRDA:40,0,0,2
BRDA:2,1,0,0
BRDA:2,1,1,9
BRDA:3,2,0,0
BRDA:3,2,1,0
BRDA:6,3,0,0
BRDA:6,3,1,0
BRF:7
BRH:2
end_of_record
TN:
SF:src/components/smart/OeReferences.vue
FN:77,(anonymous_1)
FN:91,(anonymous_2)
FN:92,(anonymous_3)
FN:100,(anonymous_4)
FN:103,(anonymous_5)
FN:108,(anonymous_6)
FN:6,(anonymous_16)
FN:9,(anonymous_17)
FN:38,(anonymous_24)
FN:49,(anonymous_25)
FNF:10
FNH:0
FNDA:0,(anonymous_1)
FNDA:0,(anonymous_2)
FNDA:0,(anonymous_3)
FNDA:0,(anonymous_4)
FNDA:0,(anonymous_5)
FNDA:0,(anonymous_6)
FNDA:0,(anonymous_16)
FNDA:0,(anonymous_17)
FNDA:0,(anonymous_24)
FNDA:0,(anonymous_25)
DA:1,168
DA:5,56
DA:6,0
DA:9,0
DA:13,56
DA:16,56
DA:28,56
DA:30,56
DA:38,0
DA:49,0
DA:69,0
DA:70,0
DA:74,0
DA:75,0
DA:77,0
DA:78,0
DA:79,0
DA:80,0
DA:81,0
DA:82,0
DA:83,0
DA:84,0
DA:86,0
DA:90,0
DA:91,0
DA:93,0
DA:94,0
DA:100,0
DA:102,0
DA:103,0
DA:104,0
DA:105,0
DA:107,0
DA:108,0
DA:110,0
DA:112,0
DA:113,0
LF:37
LH:6
BRDA:78,0,0,0
BRDA:78,0,1,0
BRDA:78,1,0,0
BRDA:78,1,1,0
BRDA:78,1,2,0
BRDA:83,2,0,0
BRDA:83,2,1,0
BRDA:93,3,0,0
BRDA:104,4,0,0
BRDA:104,4,1,0
BRDA:112,5,0,0
BRDA:112,6,0,0
BRDA:112,6,1,0
BRDA:112,6,2,0
BRDA:112,6,3,0
BRDA:2,7,0,0
BRDA:4,8,0,0
BRDA:4,8,1,0
BRDA:6,9,0,0
BRDA:6,9,1,0
BRDA:7,10,0,0
BRDA:7,10,1,0
BRDA:9,11,0,0
BRDA:9,11,1,0
BRDA:1,12,0,0
BRDA:1,12,1,0
BRDA:14,13,0,0
BRDA:14,13,1,0
BRDA:1,14,0,0
BRDA:1,14,1,0
BRDA:1,15,0,0
BRDA:1,15,1,0
BRDA:16,16,0,0
BRDA:16,16,1,0
BRDA:19,17,0,0
BRDA:19,17,1,0
BRDA:31,18,0,0
BRDA:31,18,1,0
BRDA:35,19,0,0
BRDA:35,19,1,0
BRDA:43,20,0,0
BRDA:43,20,1,0
BRDA:49,21,0,0
BRDA:49,21,1,0
BRF:44
BRH:0
end_of_record
TN:
SF:src/components/smart/OeZoneerder.vue
FN:105,(anonymous_4)
FN:110,(anonymous_5)
FN:116,(anonymous_6)
FN:117,(anonymous_7)
FN:123,(anonymous_8)
FN:125,zoomToExtent
FN:130,zoomButtonClick
FN:141,addLayerswitcherControl
FN:145,addZonePanelControl
FN:149,performAutocompleteSearch
FN:150,(anonymous_14)
FN:151,(anonymous_15)
FN:154,onAutocompleteFinished
FN:160,zoomToLocation
FN:161,(anonymous_18)
FN:169,transformBoundingboxToMapExtent
FN:183,transformLambert72ToWebMercator
FN:190,setupProjection
FN:219,getBaseLayerGroup
FN:221,(anonymous_23)
FN:222,(anonymous_24)
FN:223,(anonymous_25)
FN:230,getOverlays
FN:232,(anonymous_27)
FN:233,(anonymous_28)
FN:234,(anonymous_29)
FN:238,_createLayer
FN:258,_createGrbLayer
FN:286,_createNgiLayer
FN:312,_createGrbWMSLayer
FN:325,_createErfgoedWMSLayer
FN:339,addControls
FN:1,(anonymous_40)
FNF:33
FNH:21
FNDA:35,(anonymous_4)
FNDA:27,(anonymous_5)
FNDA:35,(anonymous_6)
FNDA:0,(anonymous_7)
FNDA:28,(anonymous_8)
FNDA:18,zoomToExtent
FNDA:0,zoomButtonClick
FNDA:35,addLayerswitcherControl
FNDA:35,addZonePanelControl
FNDA:0,performAutocompleteSearch
FNDA:0,(anonymous_14)
FNDA:0,(anonymous_15)
FNDA:0,onAutocompleteFinished
FNDA:0,zoomToLocation
FNDA:0,(anonymous_18)
FNDA:0,transformBoundingboxToMapExtent
FNDA:0,transformLambert72ToWebMercator
FNDA:35,setupProjection
FNDA:35,getBaseLayerGroup
FNDA:6,(anonymous_23)
FNDA:6,(anonymous_24)
FNDA:3,(anonymous_25)
FNDA:35,getOverlays
FNDA:3,(anonymous_27)
FNDA:3,(anonymous_28)
FNDA:3,(anonymous_29)
FNDA:6,_createLayer
FNDA:3,_createGrbLayer
FNDA:3,_createNgiLayer
FNDA:0,_createGrbWMSLayer
FNDA:0,_createErfgoedWMSLayer
FNDA:35,addControls
FNDA:12,(anonymous_40)
DA:25,12
DA:26,0
DA:65,35
DA:73,35
DA:75,35
DA:76,35
DA:77,35
DA:78,35
DA:79,35
DA:81,35
DA:83,35
DA:84,35
DA:86,35
DA:87,35
DA:88,35
DA:100,35
DA:101,35
DA:102,35
DA:103,35
DA:105,35
DA:106,35
DA:107,35
DA:110,35
DA:111,27
DA:112,27
DA:115,35
DA:116,35
DA:118,0
DA:119,0
DA:123,35
DA:126,18
DA:127,18
DA:131,0
DA:132,0
DA:133,0
DA:134,0
DA:138,0
DA:142,35
DA:146,35
DA:150,0
DA:151,0
DA:155,0
DA:156,0
DA:157,0
DA:161,0
DA:162,0
DA:164,0
DA:165,0
DA:166,0
DA:174,0
DA:180,0
DA:184,0
DA:185,0
DA:187,0
DA:192,35
DA:200,35
DA:201,35
DA:202,35
DA:203,35
DA:206,35
DA:212,35
DA:214,35
DA:215,35
DA:216,35
DA:220,35
DA:221,6
DA:222,6
DA:223,3
DA:225,35
DA:226,35
DA:227,35
DA:231,35
DA:232,3
DA:233,3
DA:234,3
DA:241,6
DA:242,3
DA:243,3
DA:244,3
DA:245,3
DA:246,0
DA:248,6
DA:249,6
DA:250,6
DA:251,0
DA:253,6
DA:255,6
DA:259,3
DA:260,3
DA:261,3
DA:262,3
DA:264,3
DA:265,48
DA:266,48
DA:269,3
DA:287,3
DA:288,3
DA:292,3
DA:294,3
DA:313,0
DA:326,0
DA:340,35
DA:341,35
DA:343,35
DA:344,35
DA:345,35
DA:346,35
DA:347,35
DA:349,35
DA:350,35
DA:351,35
DA:352,35
DA:353,35
DA:355,35
DA:356,4
DA:357,4
DA:358,4
DA:359,4
DA:361,35
DA:362,4
DA:363,4
DA:366,35
DA:367,35
DA:368,35
DA:369,35
DA:370,35
LF:126
LH:99
BRDA:86,0,0,35
BRDA:86,0,1,0
BRDA:118,1,0,0
BRDA:155,2,0,0
BRDA:162,3,0,0
BRDA:171,4,0,0
BRDA:172,5,0,0
BRDA:241,6,0,3
BRDA:241,6,1,3
BRDA:242,7,0,0
BRDA:242,7,1,3
BRDA:243,8,0,0
BRDA:243,8,1,3
BRDA:244,9,0,3
BRDA:244,9,1,0
BRDA:249,10,0,3
BRDA:249,10,1,3
BRDA:250,11,0,0
BRDA:251,12,0,0
BRDA:251,12,1,0
BRDA:344,13,0,35
BRDA:349,14,0,35
BRDA:355,15,0,4
BRDA:361,16,0,4
BRDA:367,17,0,35
BRDA:12,18,0,4
BRDA:12,18,1,43
BRDA:1,19,0,47
BRDA:1,19,1,35
BRDA:1,20,0,47
BRDA:1,20,1,35
BRF:31
BRH:19
end_of_record
TN:
SF:src/components/smart/OeZoneerderLayerswitcher.vue
FN:79,(anonymous_1)
FN:83,(anonymous_2)
FN:87,(anonymous_3)
FN:88,(anonymous_4)
FN:91,(anonymous_5)
FN:92,(anonymous_6)
FN:93,(anonymous_7)
FN:96,setupPanel
FN:100,(anonymous_9)
FN:101,(anonymous_10)
FN:105,setVisibleLayers
FN:106,(anonymous_12)
FN:108,(anonymous_13)
FN:111,toggleVisibility
FN:114,(anonymous_15)
FN:118,hidePanel
FN:123,togglePanel
FN:130,getLeafLayers
FN:135,(anonymous_19)
FN:136,(anonymous_20)
FN:15,(anonymous_29)
FN:22,(anonymous_31)
FN:24,(anonymous_32)
FN:1,(anonymous_35)
FN:45,(anonymous_36)
FNF:25
FNH:20
FNDA:35,(anonymous_1)
FNDA:27,(anonymous_2)
FNDA:195,(anonymous_3)
FNDA:27,(anonymous_4)
FNDA:3,(anonymous_5)
FNDA:3,(anonymous_6)
FNDA:3,(anonymous_7)
FNDA:3,setupPanel
FNDA:12,(anonymous_9)
FNDA:12,(anonymous_10)
FNDA:3,setVisibleLayers
FNDA:3,(anonymous_12)
FNDA:0,(anonymous_13)
FNDA:0,toggleVisibility
FNDA:0,(anonymous_15)
FNDA:49,hidePanel
FNDA:3,togglePanel
FNDA:6,getLeafLayers
FNDA:15,(anonymous_19)
FNDA:15,(anonymous_20)
FNDA:35,(anonymous_29)
FNDA:0,(anonymous_31)
FNDA:6,(anonymous_32)
FNDA:0,(anonymous_35)
FNDA:3,(anonymous_36)
DA:1,112
DA:2,38
DA:15,35
DA:16,56
DA:22,0
DA:24,6
DA:27,0
DA:29,56
DA:33,56
DA:36,3
DA:40,0
DA:45,3
DA:64,35
DA:65,35
DA:66,35
DA:67,35
DA:68,35
DA:69,35
DA:70,35
DA:72,35
DA:73,35
DA:74,35
DA:75,35
DA:76,35
DA:77,35
DA:79,35
DA:80,35
DA:83,35
DA:84,27
DA:87,195
DA:88,27
DA:91,35
DA:92,3
DA:93,3
DA:97,3
DA:98,3
DA:99,3
DA:100,12
DA:101,12
DA:102,3
DA:106,3
DA:107,3
DA:108,3
DA:112,0
DA:113,0
DA:114,0
DA:119,49
DA:120,46
DA:124,3
DA:125,3
DA:127,3
DA:131,6
DA:132,6
DA:135,15
DA:136,15
DA:137,6
LF:56
LH:50
BRDA:98,0,0,3
BRDA:98,0,1,0
BRDA:101,1,0,12
BRDA:101,1,1,9
BRDA:111,2,0,0
BRDA:113,3,0,0
BRDA:119,4,0,3
BRDA:124,5,0,3
BRDA:131,6,0,0
BRDA:135,7,0,3
BRDA:135,7,1,12
BRDA:15,8,0,35
BRDA:15,8,1,35
BRDA:26,9,0,0
BRDA:26,9,1,6
BRDA:26,10,0,6
BRDA:26,10,1,3
BRDA:1,11,0,3
BRDA:1,11,1,3
BRF:19
BRH:14
end_of_record
TN:
SF:src/components/smart/OeZoneerderZonePanel.vue
FN:182,(anonymous_1)
FN:195,(anonymous_2)
FN:196,(anonymous_3)
FN:198,(anonymous_4)
FN:199,(anonymous_5)
FN:207,(anonymous_6)
FN:211,(anonymous_7)
FN:215,(anonymous_8)
FN:216,(anonymous_9)
FN:219,(anonymous_10)
FN:225,(anonymous_11)
FN:226,(anonymous_12)
FN:245,togglePanel
FN:249,updateWKTString
FN:254,_createVectorLayer
FN:255,(anonymous_16)
FN:263,(anonymous_17)
FN:280,toggleDrawZone
FN:295,resetSelect
FN:302,drawWKTZone
FN:321,zoomToFeatures
FN:328,zoomToFeature
FN:332,(anonymous_23)
FN:339,showWktInput
FN:345,startSelect
FN:350,startPerceelSelect
FN:353,(anonymous_27)
FN:358,startGebouwSelect
FN:361,(anonymous_29)
FN:366,startKunstwerkSelect
FN:369,(anonymous_31)
FN:374,_createInteractions
FN:381,(anonymous_33)
FN:391,removeGeometryObject
FN:393,(anonymous_35)
FN:394,(anonymous_36)
FN:405,drawLayerToZone
FN:408,(anonymous_38)
FN:413,(anonymous_39)
FN:429,formatGeoJson
FN:441,addZoneToDrawLayer
FN:445,(anonymous_42)
FN:462,flashFeature
FN:468,(anonymous_44)
FN:470,(anonymous_45)
FN:473,(anonymous_46)
FN:21,(anonymous_61)
FN:23,(anonymous_62)
FN:29,(anonymous_63)
FN:31,(anonymous_64)
FN:40,(anonymous_65)
FN:42,(anonymous_66)
FN:51,(anonymous_67)
FN:53,(anonymous_68)
FN:62,(anonymous_69)
FN:64,(anonymous_70)
FN:72,(anonymous_71)
FN:73,(anonymous_72)
FN:87,(anonymous_73)
FN:87,(anonymous_74)
FN:89,(anonymous_75)
FN:90,(anonymous_76)
FN:98,(anonymous_78)
FN:99,(anonymous_79)
FN:105,(anonymous_80)
FN:107,(anonymous_81)
FN:113,(anonymous_82)
FN:115,(anonymous_83)
FNF:68
FNH:39
FNDA:18,(anonymous_1)
FNDA:12,(anonymous_2)
FNDA:0,(anonymous_3)
FNDA:35,(anonymous_4)
FNDA:0,(anonymous_5)
FNDA:35,(anonymous_6)
FNDA:27,(anonymous_7)
FNDA:168,(anonymous_8)
FNDA:27,(anonymous_9)
FNDA:0,(anonymous_10)
FNDA:0,(anonymous_11)
FNDA:0,(anonymous_12)
FNDA:20,togglePanel
FNDA:12250,updateWKTString
FNDA:70,_createVectorLayer
FNDA:18,(anonymous_16)
FNDA:18,(anonymous_17)
FNDA:7,toggleDrawZone
FNDA:7,resetSelect
FNDA:7,drawWKTZone
FNDA:7,zoomToFeatures
FNDA:0,zoomToFeature
FNDA:0,(anonymous_23)
FNDA:7,showWktInput
FNDA:0,startSelect
FNDA:0,startPerceelSelect
FNDA:0,(anonymous_27)
FNDA:0,startGebouwSelect
FNDA:0,(anonymous_29)
FNDA:0,startKunstwerkSelect
FNDA:0,(anonymous_31)
FNDA:35,_createInteractions
FNDA:0,(anonymous_33)
FNDA:5,removeGeometryObject
FNDA:5,(anonymous_35)
FNDA:5,(anonymous_36)
FNDA:23,drawLayerToZone
FNDA:18,(anonymous_38)
FNDA:7,(anonymous_39)
FNDA:23,formatGeoJson
FNDA:35,addZoneToDrawLayer
FNDA:0,(anonymous_42)
FNDA:0,flashFeature
FNDA:0,(anonymous_44)
FNDA:0,(anonymous_45)
FNDA:0,(anonymous_46)
FNDA:0,(anonymous_61)
FNDA:20,(anonymous_62)
FNDA:0,(anonymous_63)
FNDA:20,(anonymous_64)
FNDA:0,(anonymous_65)
FNDA:20,(anonymous_66)
FNDA:0,(anonymous_67)
FNDA:2,(anonymous_68)
FNDA:0,(anonymous_69)
FNDA:0,(anonymous_70)
FNDA:7,(anonymous_71)
FNDA:20,(anonymous_72)
FNDA:7,(anonymous_73)
FNDA:7,(anonymous_74)
FNDA:0,(anonymous_75)
FNDA:20,(anonymous_76)
FNDA:0,(anonymous_78)
FNDA:18,(anonymous_79)
FNDA:0,(anonymous_80)
FNDA:18,(anonymous_81)
FNDA:5,(anonymous_82)
FNDA:18,(anonymous_83)
DA:21,0
DA:23,20
DA:29,0
DA:31,20
DA:40,0
DA:42,20
DA:51,0
DA:53,2
DA:62,0
DA:64,0
DA:72,7
DA:73,20
DA:87,7
DA:89,0
DA:90,20
DA:98,0
DA:99,18
DA:105,0
DA:107,18
DA:113,5
DA:115,18
DA:145,35
DA:152,35
DA:153,35
DA:154,35
DA:155,35
DA:157,35
DA:158,35
DA:159,35
DA:161,35
DA:163,35
DA:164,35
DA:165,35
DA:166,35
DA:167,35
DA:168,35
DA:169,35
DA:170,35
DA:171,35
DA:172,35
DA:173,35
DA:177,35
DA:182,35
DA:183,18
DA:185,35
DA:186,35
DA:188,35
DA:193,35
DA:195,35
DA:196,35
DA:197,35
DA:198,35
DA:200,0
DA:201,0
DA:202,0
DA:207,35
DA:208,35
DA:211,35
DA:212,27
DA:215,168
DA:216,27
DA:219,35
DA:225,0
DA:226,0
DA:227,0
DA:228,0
DA:229,0
DA:230,0
DA:231,0
DA:232,0
DA:233,0
DA:237,0
DA:243,35
DA:246,20
DA:250,12250
DA:251,12250
DA:255,70
DA:256,18
DA:263,70
DA:264,18
DA:269,70
DA:274,70
DA:275,70
DA:277,70
DA:281,7
DA:282,7
DA:283,7
DA:284,7
DA:285,7
DA:286,14
DA:287,7
DA:288,7
DA:290,7
DA:296,7
DA:297,7
DA:298,0
DA:303,7
DA:304,7
DA:305,7
DA:306,7
DA:307,7
DA:308,7
DA:311,7
DA:312,7
DA:313,7
DA:314,7
DA:316,0
DA:317,0
DA:322,7
DA:323,7
DA:325,7
DA:329,0
DA:332,0
DA:333,0
DA:334,0
DA:336,0
DA:340,7
DA:341,7
DA:342,7
DA:346,0
DA:347,0
DA:351,0
DA:352,0
DA:353,0
DA:354,0
DA:359,0
DA:360,0
DA:361,0
DA:362,0
DA:367,0
DA:368,0
DA:369,0
DA:370,0
DA:375,35
DA:380,35
DA:381,70
DA:382,0
DA:383,0
DA:384,0
DA:386,70
DA:388,35
DA:392,5
DA:393,5
DA:394,5
DA:395,5
DA:397,5
DA:398,5
DA:399,5
DA:402,5
DA:406,23
DA:407,23
DA:408,23
DA:409,18
DA:410,18
DA:411,11
DA:412,7
DA:413,7
DA:414,7
DA:416,0
DA:417,0
DA:421,23
DA:422,23
DA:423,7
DA:425,16
DA:430,23
DA:432,23
DA:438,23
DA:442,35
DA:444,35
DA:445,35
DA:446,0
DA:448,35
DA:450,35
DA:451,11
DA:453,11
DA:454,11
DA:455,11
DA:456,11
DA:457,11
DA:459,11
DA:463,0
DA:465,0
DA:466,0
DA:468,0
DA:470,0
DA:471,0
DA:472,0
DA:473,0
DA:474,0
LF:189
LH:130
BRDA:200,0,0,0
BRDA:227,1,0,0
BRDA:227,1,1,0
BRDA:229,2,0,0
BRDA:231,3,0,0
BRDA:258,4,0,18
BRDA:258,4,1,0
BRDA:280,5,0,0
BRDA:280,6,0,7
BRDA:284,7,0,0
BRDA:284,7,1,7
BRDA:286,8,0,7
BRDA:286,8,1,7
BRDA:297,9,0,0
BRDA:323,10,0,0
BRDA:334,11,0,0
BRDA:382,12,0,0
BRDA:382,12,1,0
BRDA:398,13,0,5
BRDA:410,14,0,11
BRDA:410,14,1,7
BRDA:412,15,0,7
BRDA:412,15,1,0
BRDA:416,16,0,0
BRDA:422,17,0,7
BRDA:422,17,1,16
BRDA:442,18,0,0
BRDA:450,19,0,24
BRDA:451,20,0,0
BRDA:451,20,1,11
BRDA:454,21,0,0
BRDA:454,21,1,11
BRDA:463,22,0,0
BRDA:463,23,0,0
BRDA:463,23,1,0
BRDA:468,24,0,0
BRDA:471,25,0,0
BRDA:1,26,0,67
BRDA:1,26,1,32
BRDA:10,27,0,20
BRDA:10,27,1,35
BRDA:14,28,0,32
BRDA:14,28,1,35
BRDA:16,29,0,20
BRDA:21,30,0,20
BRDA:21,30,1,20
BRDA:29,31,0,20
BRDA:29,31,1,20
BRDA:34,32,0,20
BRDA:34,32,1,0
BRDA:40,33,0,20
BRDA:40,33,1,20
BRDA:45,34,0,2
BRDA:45,34,1,18
BRDA:51,35,0,2
BRDA:51,35,1,2
BRDA:56,36,0,0
BRDA:56,36,1,20
BRDA:62,37,0,0
BRDA:62,37,1,0
BRDA:72,38,0,20
BRDA:72,38,1,20
BRDA:73,39,0,20
BRDA:73,39,1,20
BRDA:87,40,0,21
BRDA:87,40,1,7
BRDA:87,41,0,7
BRDA:87,41,1,7
BRDA:89,42,0,41
BRDA:89,42,1,20
BRDA:94,43,0,32
BRF:71
BRH:44
end_of_record
